ERROR - 2022-04-08 00:50:57 --> Table 'test.nic' doesn't exist
CRITICAL - 2022-04-08 00:50:57 --> Table 'test.nic' doesn't exist
#0 C:\xampp\htdocs\Channeldoc.lk\system\Database\MySQLi\Connection.php(292): mysqli->query('SELECT 1\nFROM `...', 0)
#1 C:\xampp\htdocs\Channeldoc.lk\system\Database\BaseConnection.php(670): CodeIgniter\Database\MySQLi\Connection->execute('SELECT 1\nFROM `...')
#2 C:\xampp\htdocs\Channeldoc.lk\system\Database\BaseConnection.php(598): CodeIgniter\Database\BaseConnection->simpleQuery('SELECT 1\nFROM `...')
#3 C:\xampp\htdocs\Channeldoc.lk\system\Database\BaseBuilder.php(1455): CodeIgniter\Database\BaseConnection->query('SELECT 1\nFROM `...', Array, false)
#4 C:\xampp\htdocs\Channeldoc.lk\system\Validation\Rules.php(142): CodeIgniter\Database\BaseBuilder->get()
#5 C:\xampp\htdocs\Channeldoc.lk\system\Validation\Validation.php(292): CodeIgniter\Validation\Rules->is_unique('20000021456', 'NIC', Array, NULL)
#6 C:\xampp\htdocs\Channeldoc.lk\system\Validation\Validation.php(157): CodeIgniter\Validation\Validation->processRules('NIC', 'NIC', '20000021456', Array, Array)
#7 C:\xampp\htdocs\Channeldoc.lk\system\Controller.php(160): CodeIgniter\Validation\Validation->run()
#8 C:\xampp\htdocs\Channeldoc.lk\app\Controllers\register.php(19): CodeIgniter\Controller->validate(Array)
#9 C:\xampp\htdocs\Channeldoc.lk\system\CodeIgniter.php(825): App\Controllers\register->writedb()
#10 C:\xampp\htdocs\Channeldoc.lk\system\CodeIgniter.php(412): CodeIgniter\CodeIgniter->runController(Object(App\Controllers\register))
#11 C:\xampp\htdocs\Channeldoc.lk\system\CodeIgniter.php(320): CodeIgniter\CodeIgniter->handleRequest(NULL, Object(Config\Cache), false)
#12 C:\xampp\htdocs\Channeldoc.lk\public\index.php(37): CodeIgniter\CodeIgniter->run()
#13 {main}
CRITICAL - 2022-04-08 01:35:30 --> syntax error, unexpected '{'
#0 C:\xampp\htdocs\Channeldoc.lk\system\Router\Router.php(175): CodeIgniter\Router\Router->autoRoute('patientProfile/...')
#1 C:\xampp\htdocs\Channeldoc.lk\system\CodeIgniter.php(719): CodeIgniter\Router\Router->handle('patientProfile/...')
#2 C:\xampp\htdocs\Channeldoc.lk\system\CodeIgniter.php(361): CodeIgniter\CodeIgniter->tryToRouteIt(Object(CodeIgniter\Router\RouteCollection))
#3 C:\xampp\htdocs\Channeldoc.lk\system\CodeIgniter.php(320): CodeIgniter\CodeIgniter->handleRequest(NULL, Object(Config\Cache), false)
#4 C:\xampp\htdocs\Channeldoc.lk\public\index.php(37): CodeIgniter\CodeIgniter->run()
#5 {main}
CRITICAL - 2022-04-08 01:36:33 --> syntax error, unexpected 'else' (T_ELSE)
#0 C:\xampp\htdocs\Channeldoc.lk\system\Router\Router.php(175): CodeIgniter\Router\Router->autoRoute('patientProfile/...')
#1 C:\xampp\htdocs\Channeldoc.lk\system\CodeIgniter.php(719): CodeIgniter\Router\Router->handle('patientProfile/...')
#2 C:\xampp\htdocs\Channeldoc.lk\system\CodeIgniter.php(361): CodeIgniter\CodeIgniter->tryToRouteIt(Object(CodeIgniter\Router\RouteCollection))
#3 C:\xampp\htdocs\Channeldoc.lk\system\CodeIgniter.php(320): CodeIgniter\CodeIgniter->handleRequest(NULL, Object(Config\Cache), false)
#4 C:\xampp\htdocs\Channeldoc.lk\public\index.php(37): CodeIgniter\CodeIgniter->run()
#5 {main}
CRITICAL - 2022-04-08 01:37:05 --> Undefined variable: status
#0 C:\xampp\htdocs\Channeldoc.lk\app\Views\patientProfile\index.php(115): CodeIgniter\Debug\Exceptions->errorHandler(8, 'Undefined varia...', 'C:\\xampp\\htdocs...', 115, Array)
#1 C:\xampp\htdocs\Channeldoc.lk\system\View\View.php(210): include('C:\\xampp\\htdocs...')
#2 C:\xampp\htdocs\Channeldoc.lk\system\View\View.php(213): CodeIgniter\View\View->CodeIgniter\View\{closure}()
#3 C:\xampp\htdocs\Channeldoc.lk\system\Common.php(1089): CodeIgniter\View\View->render('patientProfile/...', Array, true)
#4 C:\xampp\htdocs\Channeldoc.lk\app\Controllers\patientProfile.php(17): view('patientProfile/...')
#5 C:\xampp\htdocs\Channeldoc.lk\system\CodeIgniter.php(825): App\Controllers\patientProfile->index()
#6 C:\xampp\htdocs\Channeldoc.lk\system\CodeIgniter.php(412): CodeIgniter\CodeIgniter->runController(Object(App\Controllers\patientProfile))
#7 C:\xampp\htdocs\Channeldoc.lk\system\CodeIgniter.php(320): CodeIgniter\CodeIgniter->handleRequest(NULL, Object(Config\Cache), false)
#8 C:\xampp\htdocs\Channeldoc.lk\public\index.php(37): CodeIgniter\CodeIgniter->run()
#9 {main}
CRITICAL - 2022-04-08 01:40:13 --> Undefined variable: name
#0 C:\xampp\htdocs\Channeldoc.lk\app\Views\patientProfile\index.php(120): CodeIgniter\Debug\Exceptions->errorHandler(8, 'Undefined varia...', 'C:\\xampp\\htdocs...', 120, Array)
#1 C:\xampp\htdocs\Channeldoc.lk\system\View\View.php(210): include('C:\\xampp\\htdocs...')
#2 C:\xampp\htdocs\Channeldoc.lk\system\View\View.php(213): CodeIgniter\View\View->CodeIgniter\View\{closure}()
#3 C:\xampp\htdocs\Channeldoc.lk\system\Common.php(1089): CodeIgniter\View\View->render('patientProfile/...', Array, true)
#4 C:\xampp\htdocs\Channeldoc.lk\app\Controllers\patientProfile.php(17): view('patientProfile/...')
#5 C:\xampp\htdocs\Channeldoc.lk\system\CodeIgniter.php(825): App\Controllers\patientProfile->index()
#6 C:\xampp\htdocs\Channeldoc.lk\system\CodeIgniter.php(412): CodeIgniter\CodeIgniter->runController(Object(App\Controllers\patientProfile))
#7 C:\xampp\htdocs\Channeldoc.lk\system\CodeIgniter.php(320): CodeIgniter\CodeIgniter->handleRequest(NULL, Object(Config\Cache), false)
#8 C:\xampp\htdocs\Channeldoc.lk\public\index.php(37): CodeIgniter\CodeIgniter->run()
#9 {main}
CRITICAL - 2022-04-08 01:40:14 --> Undefined variable: name
#0 C:\xampp\htdocs\Channeldoc.lk\app\Views\patientProfile\index.php(120): CodeIgniter\Debug\Exceptions->errorHandler(8, 'Undefined varia...', 'C:\\xampp\\htdocs...', 120, Array)
#1 C:\xampp\htdocs\Channeldoc.lk\system\View\View.php(210): include('C:\\xampp\\htdocs...')
#2 C:\xampp\htdocs\Channeldoc.lk\system\View\View.php(213): CodeIgniter\View\View->CodeIgniter\View\{closure}()
#3 C:\xampp\htdocs\Channeldoc.lk\system\Common.php(1089): CodeIgniter\View\View->render('patientProfile/...', Array, true)
#4 C:\xampp\htdocs\Channeldoc.lk\app\Controllers\patientProfile.php(17): view('patientProfile/...')
#5 C:\xampp\htdocs\Channeldoc.lk\system\CodeIgniter.php(825): App\Controllers\patientProfile->index()
#6 C:\xampp\htdocs\Channeldoc.lk\system\CodeIgniter.php(412): CodeIgniter\CodeIgniter->runController(Object(App\Controllers\patientProfile))
#7 C:\xampp\htdocs\Channeldoc.lk\system\CodeIgniter.php(320): CodeIgniter\CodeIgniter->handleRequest(NULL, Object(Config\Cache), false)
#8 C:\xampp\htdocs\Channeldoc.lk\public\index.php(37): CodeIgniter\CodeIgniter->run()
#9 {main}
CRITICAL - 2022-04-08 01:40:16 --> Undefined variable: name
#0 C:\xampp\htdocs\Channeldoc.lk\app\Views\patientProfile\index.php(120): CodeIgniter\Debug\Exceptions->errorHandler(8, 'Undefined varia...', 'C:\\xampp\\htdocs...', 120, Array)
#1 C:\xampp\htdocs\Channeldoc.lk\system\View\View.php(210): include('C:\\xampp\\htdocs...')
#2 C:\xampp\htdocs\Channeldoc.lk\system\View\View.php(213): CodeIgniter\View\View->CodeIgniter\View\{closure}()
#3 C:\xampp\htdocs\Channeldoc.lk\system\Common.php(1089): CodeIgniter\View\View->render('patientProfile/...', Array, true)
#4 C:\xampp\htdocs\Channeldoc.lk\app\Controllers\patientProfile.php(17): view('patientProfile/...')
#5 C:\xampp\htdocs\Channeldoc.lk\system\CodeIgniter.php(825): App\Controllers\patientProfile->index()
#6 C:\xampp\htdocs\Channeldoc.lk\system\CodeIgniter.php(412): CodeIgniter\CodeIgniter->runController(Object(App\Controllers\patientProfile))
#7 C:\xampp\htdocs\Channeldoc.lk\system\CodeIgniter.php(320): CodeIgniter\CodeIgniter->handleRequest(NULL, Object(Config\Cache), false)
#8 C:\xampp\htdocs\Channeldoc.lk\public\index.php(37): CodeIgniter\CodeIgniter->run()
#9 {main}
CRITICAL - 2022-04-08 01:40:42 --> Undefined variable: address
#0 C:\xampp\htdocs\Channeldoc.lk\app\Views\patientProfile\index.php(125): CodeIgniter\Debug\Exceptions->errorHandler(8, 'Undefined varia...', 'C:\\xampp\\htdocs...', 125, Array)
#1 C:\xampp\htdocs\Channeldoc.lk\system\View\View.php(210): include('C:\\xampp\\htdocs...')
#2 C:\xampp\htdocs\Channeldoc.lk\system\View\View.php(213): CodeIgniter\View\View->CodeIgniter\View\{closure}()
#3 C:\xampp\htdocs\Channeldoc.lk\system\Common.php(1089): CodeIgniter\View\View->render('patientProfile/...', Array, true)
#4 C:\xampp\htdocs\Channeldoc.lk\app\Controllers\patientProfile.php(17): view('patientProfile/...')
#5 C:\xampp\htdocs\Channeldoc.lk\system\CodeIgniter.php(825): App\Controllers\patientProfile->index()
#6 C:\xampp\htdocs\Channeldoc.lk\system\CodeIgniter.php(412): CodeIgniter\CodeIgniter->runController(Object(App\Controllers\patientProfile))
#7 C:\xampp\htdocs\Channeldoc.lk\system\CodeIgniter.php(320): CodeIgniter\CodeIgniter->handleRequest(NULL, Object(Config\Cache), false)
#8 C:\xampp\htdocs\Channeldoc.lk\public\index.php(37): CodeIgniter\CodeIgniter->run()
#9 {main}
CRITICAL - 2022-04-08 01:41:01 --> Undefined variable: dob
#0 C:\xampp\htdocs\Channeldoc.lk\app\Views\patientProfile\index.php(133): CodeIgniter\Debug\Exceptions->errorHandler(8, 'Undefined varia...', 'C:\\xampp\\htdocs...', 133, Array)
#1 C:\xampp\htdocs\Channeldoc.lk\system\View\View.php(210): include('C:\\xampp\\htdocs...')
#2 C:\xampp\htdocs\Channeldoc.lk\system\View\View.php(213): CodeIgniter\View\View->CodeIgniter\View\{closure}()
#3 C:\xampp\htdocs\Channeldoc.lk\system\Common.php(1089): CodeIgniter\View\View->render('patientProfile/...', Array, true)
#4 C:\xampp\htdocs\Channeldoc.lk\app\Controllers\patientProfile.php(17): view('patientProfile/...')
#5 C:\xampp\htdocs\Channeldoc.lk\system\CodeIgniter.php(825): App\Controllers\patientProfile->index()
#6 C:\xampp\htdocs\Channeldoc.lk\system\CodeIgniter.php(412): CodeIgniter\CodeIgniter->runController(Object(App\Controllers\patientProfile))
#7 C:\xampp\htdocs\Channeldoc.lk\system\CodeIgniter.php(320): CodeIgniter\CodeIgniter->handleRequest(NULL, Object(Config\Cache), false)
#8 C:\xampp\htdocs\Channeldoc.lk\public\index.php(37): CodeIgniter\CodeIgniter->run()
#9 {main}
CRITICAL - 2022-04-08 01:41:28 --> Undefined variable: dob
#0 C:\xampp\htdocs\Channeldoc.lk\app\Views\patientProfile\index.php(133): CodeIgniter\Debug\Exceptions->errorHandler(8, 'Undefined varia...', 'C:\\xampp\\htdocs...', 133, Array)
#1 C:\xampp\htdocs\Channeldoc.lk\system\View\View.php(210): include('C:\\xampp\\htdocs...')
#2 C:\xampp\htdocs\Channeldoc.lk\system\View\View.php(213): CodeIgniter\View\View->CodeIgniter\View\{closure}()
#3 C:\xampp\htdocs\Channeldoc.lk\system\Common.php(1089): CodeIgniter\View\View->render('patientProfile/...', Array, true)
#4 C:\xampp\htdocs\Channeldoc.lk\app\Controllers\patientProfile.php(17): view('patientProfile/...')
#5 C:\xampp\htdocs\Channeldoc.lk\system\CodeIgniter.php(825): App\Controllers\patientProfile->index()
#6 C:\xampp\htdocs\Channeldoc.lk\system\CodeIgniter.php(412): CodeIgniter\CodeIgniter->runController(Object(App\Controllers\patientProfile))
#7 C:\xampp\htdocs\Channeldoc.lk\system\CodeIgniter.php(320): CodeIgniter\CodeIgniter->handleRequest(NULL, Object(Config\Cache), false)
#8 C:\xampp\htdocs\Channeldoc.lk\public\index.php(37): CodeIgniter\CodeIgniter->run()
#9 {main}
CRITICAL - 2022-04-08 01:41:30 --> Undefined variable: dob
#0 C:\xampp\htdocs\Channeldoc.lk\app\Views\patientProfile\index.php(133): CodeIgniter\Debug\Exceptions->errorHandler(8, 'Undefined varia...', 'C:\\xampp\\htdocs...', 133, Array)
#1 C:\xampp\htdocs\Channeldoc.lk\system\View\View.php(210): include('C:\\xampp\\htdocs...')
#2 C:\xampp\htdocs\Channeldoc.lk\system\View\View.php(213): CodeIgniter\View\View->CodeIgniter\View\{closure}()
#3 C:\xampp\htdocs\Channeldoc.lk\system\Common.php(1089): CodeIgniter\View\View->render('patientProfile/...', Array, true)
#4 C:\xampp\htdocs\Channeldoc.lk\app\Controllers\patientProfile.php(17): view('patientProfile/...')
#5 C:\xampp\htdocs\Channeldoc.lk\system\CodeIgniter.php(825): App\Controllers\patientProfile->index()
#6 C:\xampp\htdocs\Channeldoc.lk\system\CodeIgniter.php(412): CodeIgniter\CodeIgniter->runController(Object(App\Controllers\patientProfile))
#7 C:\xampp\htdocs\Channeldoc.lk\system\CodeIgniter.php(320): CodeIgniter\CodeIgniter->handleRequest(NULL, Object(Config\Cache), false)
#8 C:\xampp\htdocs\Channeldoc.lk\public\index.php(37): CodeIgniter\CodeIgniter->run()
#9 {main}
CRITICAL - 2022-04-08 01:41:32 --> Undefined variable: dob
#0 C:\xampp\htdocs\Channeldoc.lk\app\Views\patientProfile\index.php(133): CodeIgniter\Debug\Exceptions->errorHandler(8, 'Undefined varia...', 'C:\\xampp\\htdocs...', 133, Array)
#1 C:\xampp\htdocs\Channeldoc.lk\system\View\View.php(210): include('C:\\xampp\\htdocs...')
#2 C:\xampp\htdocs\Channeldoc.lk\system\View\View.php(213): CodeIgniter\View\View->CodeIgniter\View\{closure}()
#3 C:\xampp\htdocs\Channeldoc.lk\system\Common.php(1089): CodeIgniter\View\View->render('patientProfile/...', Array, true)
#4 C:\xampp\htdocs\Channeldoc.lk\app\Controllers\patientProfile.php(17): view('patientProfile/...')
#5 C:\xampp\htdocs\Channeldoc.lk\system\CodeIgniter.php(825): App\Controllers\patientProfile->index()
#6 C:\xampp\htdocs\Channeldoc.lk\system\CodeIgniter.php(412): CodeIgniter\CodeIgniter->runController(Object(App\Controllers\patientProfile))
#7 C:\xampp\htdocs\Channeldoc.lk\system\CodeIgniter.php(320): CodeIgniter\CodeIgniter->handleRequest(NULL, Object(Config\Cache), false)
#8 C:\xampp\htdocs\Channeldoc.lk\public\index.php(37): CodeIgniter\CodeIgniter->run()
#9 {main}
CRITICAL - 2022-04-08 01:41:33 --> Undefined variable: dob
#0 C:\xampp\htdocs\Channeldoc.lk\app\Views\patientProfile\index.php(133): CodeIgniter\Debug\Exceptions->errorHandler(8, 'Undefined varia...', 'C:\\xampp\\htdocs...', 133, Array)
#1 C:\xampp\htdocs\Channeldoc.lk\system\View\View.php(210): include('C:\\xampp\\htdocs...')
#2 C:\xampp\htdocs\Channeldoc.lk\system\View\View.php(213): CodeIgniter\View\View->CodeIgniter\View\{closure}()
#3 C:\xampp\htdocs\Channeldoc.lk\system\Common.php(1089): CodeIgniter\View\View->render('patientProfile/...', Array, true)
#4 C:\xampp\htdocs\Channeldoc.lk\app\Controllers\patientProfile.php(17): view('patientProfile/...')
#5 C:\xampp\htdocs\Channeldoc.lk\system\CodeIgniter.php(825): App\Controllers\patientProfile->index()
#6 C:\xampp\htdocs\Channeldoc.lk\system\CodeIgniter.php(412): CodeIgniter\CodeIgniter->runController(Object(App\Controllers\patientProfile))
#7 C:\xampp\htdocs\Channeldoc.lk\system\CodeIgniter.php(320): CodeIgniter\CodeIgniter->handleRequest(NULL, Object(Config\Cache), false)
#8 C:\xampp\htdocs\Channeldoc.lk\public\index.php(37): CodeIgniter\CodeIgniter->run()
#9 {main}
CRITICAL - 2022-04-08 01:41:33 --> Undefined variable: dob
#0 C:\xampp\htdocs\Channeldoc.lk\app\Views\patientProfile\index.php(133): CodeIgniter\Debug\Exceptions->errorHandler(8, 'Undefined varia...', 'C:\\xampp\\htdocs...', 133, Array)
#1 C:\xampp\htdocs\Channeldoc.lk\system\View\View.php(210): include('C:\\xampp\\htdocs...')
#2 C:\xampp\htdocs\Channeldoc.lk\system\View\View.php(213): CodeIgniter\View\View->CodeIgniter\View\{closure}()
#3 C:\xampp\htdocs\Channeldoc.lk\system\Common.php(1089): CodeIgniter\View\View->render('patientProfile/...', Array, true)
#4 C:\xampp\htdocs\Channeldoc.lk\app\Controllers\patientProfile.php(17): view('patientProfile/...')
#5 C:\xampp\htdocs\Channeldoc.lk\system\CodeIgniter.php(825): App\Controllers\patientProfile->index()
#6 C:\xampp\htdocs\Channeldoc.lk\system\CodeIgniter.php(412): CodeIgniter\CodeIgniter->runController(Object(App\Controllers\patientProfile))
#7 C:\xampp\htdocs\Channeldoc.lk\system\CodeIgniter.php(320): CodeIgniter\CodeIgniter->handleRequest(NULL, Object(Config\Cache), false)
#8 C:\xampp\htdocs\Channeldoc.lk\public\index.php(37): CodeIgniter\CodeIgniter->run()
#9 {main}
CRITICAL - 2022-04-08 01:41:33 --> Undefined variable: dob
#0 C:\xampp\htdocs\Channeldoc.lk\app\Views\patientProfile\index.php(133): CodeIgniter\Debug\Exceptions->errorHandler(8, 'Undefined varia...', 'C:\\xampp\\htdocs...', 133, Array)
#1 C:\xampp\htdocs\Channeldoc.lk\system\View\View.php(210): include('C:\\xampp\\htdocs...')
#2 C:\xampp\htdocs\Channeldoc.lk\system\View\View.php(213): CodeIgniter\View\View->CodeIgniter\View\{closure}()
#3 C:\xampp\htdocs\Channeldoc.lk\system\Common.php(1089): CodeIgniter\View\View->render('patientProfile/...', Array, true)
#4 C:\xampp\htdocs\Channeldoc.lk\app\Controllers\patientProfile.php(17): view('patientProfile/...')
#5 C:\xampp\htdocs\Channeldoc.lk\system\CodeIgniter.php(825): App\Controllers\patientProfile->index()
#6 C:\xampp\htdocs\Channeldoc.lk\system\CodeIgniter.php(412): CodeIgniter\CodeIgniter->runController(Object(App\Controllers\patientProfile))
#7 C:\xampp\htdocs\Channeldoc.lk\system\CodeIgniter.php(320): CodeIgniter\CodeIgniter->handleRequest(NULL, Object(Config\Cache), false)
#8 C:\xampp\htdocs\Channeldoc.lk\public\index.php(37): CodeIgniter\CodeIgniter->run()
#9 {main}
CRITICAL - 2022-04-08 01:41:33 --> Undefined variable: dob
#0 C:\xampp\htdocs\Channeldoc.lk\app\Views\patientProfile\index.php(133): CodeIgniter\Debug\Exceptions->errorHandler(8, 'Undefined varia...', 'C:\\xampp\\htdocs...', 133, Array)
#1 C:\xampp\htdocs\Channeldoc.lk\system\View\View.php(210): include('C:\\xampp\\htdocs...')
#2 C:\xampp\htdocs\Channeldoc.lk\system\View\View.php(213): CodeIgniter\View\View->CodeIgniter\View\{closure}()
#3 C:\xampp\htdocs\Channeldoc.lk\system\Common.php(1089): CodeIgniter\View\View->render('patientProfile/...', Array, true)
#4 C:\xampp\htdocs\Channeldoc.lk\app\Controllers\patientProfile.php(17): view('patientProfile/...')
#5 C:\xampp\htdocs\Channeldoc.lk\system\CodeIgniter.php(825): App\Controllers\patientProfile->index()
#6 C:\xampp\htdocs\Channeldoc.lk\system\CodeIgniter.php(412): CodeIgniter\CodeIgniter->runController(Object(App\Controllers\patientProfile))
#7 C:\xampp\htdocs\Channeldoc.lk\system\CodeIgniter.php(320): CodeIgniter\CodeIgniter->handleRequest(NULL, Object(Config\Cache), false)
#8 C:\xampp\htdocs\Channeldoc.lk\public\index.php(37): CodeIgniter\CodeIgniter->run()
#9 {main}
CRITICAL - 2022-04-08 01:41:33 --> Undefined variable: dob
#0 C:\xampp\htdocs\Channeldoc.lk\app\Views\patientProfile\index.php(133): CodeIgniter\Debug\Exceptions->errorHandler(8, 'Undefined varia...', 'C:\\xampp\\htdocs...', 133, Array)
#1 C:\xampp\htdocs\Channeldoc.lk\system\View\View.php(210): include('C:\\xampp\\htdocs...')
#2 C:\xampp\htdocs\Channeldoc.lk\system\View\View.php(213): CodeIgniter\View\View->CodeIgniter\View\{closure}()
#3 C:\xampp\htdocs\Channeldoc.lk\system\Common.php(1089): CodeIgniter\View\View->render('patientProfile/...', Array, true)
#4 C:\xampp\htdocs\Channeldoc.lk\app\Controllers\patientProfile.php(17): view('patientProfile/...')
#5 C:\xampp\htdocs\Channeldoc.lk\system\CodeIgniter.php(825): App\Controllers\patientProfile->index()
#6 C:\xampp\htdocs\Channeldoc.lk\system\CodeIgniter.php(412): CodeIgniter\CodeIgniter->runController(Object(App\Controllers\patientProfile))
#7 C:\xampp\htdocs\Channeldoc.lk\system\CodeIgniter.php(320): CodeIgniter\CodeIgniter->handleRequest(NULL, Object(Config\Cache), false)
#8 C:\xampp\htdocs\Channeldoc.lk\public\index.php(37): CodeIgniter\CodeIgniter->run()
#9 {main}
CRITICAL - 2022-04-08 01:41:34 --> Undefined variable: dob
#0 C:\xampp\htdocs\Channeldoc.lk\app\Views\patientProfile\index.php(133): CodeIgniter\Debug\Exceptions->errorHandler(8, 'Undefined varia...', 'C:\\xampp\\htdocs...', 133, Array)
#1 C:\xampp\htdocs\Channeldoc.lk\system\View\View.php(210): include('C:\\xampp\\htdocs...')
#2 C:\xampp\htdocs\Channeldoc.lk\system\View\View.php(213): CodeIgniter\View\View->CodeIgniter\View\{closure}()
#3 C:\xampp\htdocs\Channeldoc.lk\system\Common.php(1089): CodeIgniter\View\View->render('patientProfile/...', Array, true)
#4 C:\xampp\htdocs\Channeldoc.lk\app\Controllers\patientProfile.php(17): view('patientProfile/...')
#5 C:\xampp\htdocs\Channeldoc.lk\system\CodeIgniter.php(825): App\Controllers\patientProfile->index()
#6 C:\xampp\htdocs\Channeldoc.lk\system\CodeIgniter.php(412): CodeIgniter\CodeIgniter->runController(Object(App\Controllers\patientProfile))
#7 C:\xampp\htdocs\Channeldoc.lk\system\CodeIgniter.php(320): CodeIgniter\CodeIgniter->handleRequest(NULL, Object(Config\Cache), false)
#8 C:\xampp\htdocs\Channeldoc.lk\public\index.php(37): CodeIgniter\CodeIgniter->run()
#9 {main}
CRITICAL - 2022-04-08 01:42:04 --> Undefined variable: status
#0 C:\xampp\htdocs\Channeldoc.lk\app\Views\patientProfile\index.php(164): CodeIgniter\Debug\Exceptions->errorHandler(8, 'Undefined varia...', 'C:\\xampp\\htdocs...', 164, Array)
#1 C:\xampp\htdocs\Channeldoc.lk\system\View\View.php(210): include('C:\\xampp\\htdocs...')
#2 C:\xampp\htdocs\Channeldoc.lk\system\View\View.php(213): CodeIgniter\View\View->CodeIgniter\View\{closure}()
#3 C:\xampp\htdocs\Channeldoc.lk\system\Common.php(1089): CodeIgniter\View\View->render('patientProfile/...', Array, true)
#4 C:\xampp\htdocs\Channeldoc.lk\app\Controllers\patientProfile.php(17): view('patientProfile/...')
#5 C:\xampp\htdocs\Channeldoc.lk\system\CodeIgniter.php(825): App\Controllers\patientProfile->index()
#6 C:\xampp\htdocs\Channeldoc.lk\system\CodeIgniter.php(412): CodeIgniter\CodeIgniter->runController(Object(App\Controllers\patientProfile))
#7 C:\xampp\htdocs\Channeldoc.lk\system\CodeIgniter.php(320): CodeIgniter\CodeIgniter->handleRequest(NULL, Object(Config\Cache), false)
#8 C:\xampp\htdocs\Channeldoc.lk\public\index.php(37): CodeIgniter\CodeIgniter->run()
#9 {main}
CRITICAL - 2022-04-08 01:43:10 --> Call to undefined function show_validation_error()
#0 C:\xampp\htdocs\Channeldoc.lk\system\View\View.php(210): include()
#1 C:\xampp\htdocs\Channeldoc.lk\system\View\View.php(213): CodeIgniter\View\View->CodeIgniter\View\{closure}()
#2 C:\xampp\htdocs\Channeldoc.lk\system\Common.php(1089): CodeIgniter\View\View->render('/patientProfile...', Array, true)
#3 C:\xampp\htdocs\Channeldoc.lk\app\Controllers\patientProfile.php(91): view('/patientProfile...', Array)
#4 C:\xampp\htdocs\Channeldoc.lk\system\CodeIgniter.php(825): App\Controllers\patientProfile->editProfile()
#5 C:\xampp\htdocs\Channeldoc.lk\system\CodeIgniter.php(412): CodeIgniter\CodeIgniter->runController(Object(App\Controllers\patientProfile))
#6 C:\xampp\htdocs\Channeldoc.lk\system\CodeIgniter.php(320): CodeIgniter\CodeIgniter->handleRequest(NULL, Object(Config\Cache), false)
#7 C:\xampp\htdocs\Channeldoc.lk\public\index.php(37): CodeIgniter\CodeIgniter->run()
#8 {main}
CRITICAL - 2022-04-08 01:43:34 --> Call to undefined function show_validation_error()
#0 C:\xampp\htdocs\Channeldoc.lk\system\View\View.php(210): include()
#1 C:\xampp\htdocs\Channeldoc.lk\system\View\View.php(213): CodeIgniter\View\View->CodeIgniter\View\{closure}()
#2 C:\xampp\htdocs\Channeldoc.lk\system\Common.php(1089): CodeIgniter\View\View->render('/patientProfile...', Array, true)
#3 C:\xampp\htdocs\Channeldoc.lk\app\Controllers\patientProfile.php(91): view('/patientProfile...', Array)
#4 C:\xampp\htdocs\Channeldoc.lk\system\CodeIgniter.php(825): App\Controllers\patientProfile->editProfile()
#5 C:\xampp\htdocs\Channeldoc.lk\system\CodeIgniter.php(412): CodeIgniter\CodeIgniter->runController(Object(App\Controllers\patientProfile))
#6 C:\xampp\htdocs\Channeldoc.lk\system\CodeIgniter.php(320): CodeIgniter\CodeIgniter->handleRequest(NULL, Object(Config\Cache), false)
#7 C:\xampp\htdocs\Channeldoc.lk\public\index.php(37): CodeIgniter\CodeIgniter->run()
#8 {main}
CRITICAL - 2022-04-08 01:49:27 --> Call to undefined function show_validation_error()
#0 C:\xampp\htdocs\Channeldoc.lk\system\View\View.php(210): include()
#1 C:\xampp\htdocs\Channeldoc.lk\system\View\View.php(213): CodeIgniter\View\View->CodeIgniter\View\{closure}()
#2 C:\xampp\htdocs\Channeldoc.lk\system\Common.php(1089): CodeIgniter\View\View->render('/patientProfile...', Array, true)
#3 C:\xampp\htdocs\Channeldoc.lk\app\Controllers\patientProfile.php(91): view('/patientProfile...', Array)
#4 C:\xampp\htdocs\Channeldoc.lk\system\CodeIgniter.php(825): App\Controllers\patientProfile->editProfile()
#5 C:\xampp\htdocs\Channeldoc.lk\system\CodeIgniter.php(412): CodeIgniter\CodeIgniter->runController(Object(App\Controllers\patientProfile))
#6 C:\xampp\htdocs\Channeldoc.lk\system\CodeIgniter.php(320): CodeIgniter\CodeIgniter->handleRequest(NULL, Object(Config\Cache), false)
#7 C:\xampp\htdocs\Channeldoc.lk\public\index.php(37): CodeIgniter\CodeIgniter->run()
#8 {main}
CRITICAL - 2022-04-08 01:52:52 --> Class 'App\Models\employeeModelodel' not found
#0 C:\xampp\htdocs\Channeldoc.lk\system\CodeIgniter.php(825): App\Controllers\patientProfile->deleteProfile()
#1 C:\xampp\htdocs\Channeldoc.lk\system\CodeIgniter.php(412): CodeIgniter\CodeIgniter->runController(Object(App\Controllers\patientProfile))
#2 C:\xampp\htdocs\Channeldoc.lk\system\CodeIgniter.php(320): CodeIgniter\CodeIgniter->handleRequest(NULL, Object(Config\Cache), false)
#3 C:\xampp\htdocs\Channeldoc.lk\public\index.php(37): CodeIgniter\CodeIgniter->run()
#4 {main}
ERROR - 2022-04-08 01:55:47 --> You have an error in your SQL syntax; check the manual that corresponds to your MariaDB server version for the right syntax to use near 'delete from user
                                          where id = 22' at line 2
CRITICAL - 2022-04-08 01:55:47 --> You have an error in your SQL syntax; check the manual that corresponds to your MariaDB server version for the right syntax to use near 'delete from user
                                          where id = 22' at line 2
#0 C:\xampp\htdocs\Channeldoc.lk\system\Database\MySQLi\Connection.php(292): mysqli->query('Update user_acc...', 0)
#1 C:\xampp\htdocs\Channeldoc.lk\system\Database\BaseConnection.php(670): CodeIgniter\Database\MySQLi\Connection->execute('Update user_acc...')
#2 C:\xampp\htdocs\Channeldoc.lk\system\Database\BaseConnection.php(598): CodeIgniter\Database\BaseConnection->simpleQuery('Update user_acc...')
#3 C:\xampp\htdocs\Channeldoc.lk\system\Model.php(726): CodeIgniter\Database\BaseConnection->query('Update user_acc...')
#4 C:\xampp\htdocs\Channeldoc.lk\app\Controllers\patientProfile.php(161): CodeIgniter\Model->__call('query', Array)
#5 C:\xampp\htdocs\Channeldoc.lk\system\CodeIgniter.php(825): App\Controllers\patientProfile->deleteProfile()
#6 C:\xampp\htdocs\Channeldoc.lk\system\CodeIgniter.php(412): CodeIgniter\CodeIgniter->runController(Object(App\Controllers\patientProfile))
#7 C:\xampp\htdocs\Channeldoc.lk\system\CodeIgniter.php(320): CodeIgniter\CodeIgniter->handleRequest(NULL, Object(Config\Cache), false)
#8 C:\xampp\htdocs\Channeldoc.lk\public\index.php(37): CodeIgniter\CodeIgniter->run()
#9 {main}
ERROR - 2022-04-08 01:58:17 --> Unknown column 'id' in 'where clause'
CRITICAL - 2022-04-08 01:58:17 --> Unknown column 'id' in 'where clause'
#0 C:\xampp\htdocs\Channeldoc.lk\system\Database\MySQLi\Connection.php(292): mysqli->query('\r\n             ...', 0)
#1 C:\xampp\htdocs\Channeldoc.lk\system\Database\BaseConnection.php(670): CodeIgniter\Database\MySQLi\Connection->execute('\r\n             ...')
#2 C:\xampp\htdocs\Channeldoc.lk\system\Database\BaseConnection.php(598): CodeIgniter\Database\BaseConnection->simpleQuery('\r\n             ...')
#3 C:\xampp\htdocs\Channeldoc.lk\system\Model.php(726): CodeIgniter\Database\BaseConnection->query('\r\n             ...')
#4 C:\xampp\htdocs\Channeldoc.lk\app\Controllers\patientProfile.php(161): CodeIgniter\Model->__call('query', Array)
#5 C:\xampp\htdocs\Channeldoc.lk\system\CodeIgniter.php(825): App\Controllers\patientProfile->deleteProfile()
#6 C:\xampp\htdocs\Channeldoc.lk\system\CodeIgniter.php(412): CodeIgniter\CodeIgniter->runController(Object(App\Controllers\patientProfile))
#7 C:\xampp\htdocs\Channeldoc.lk\system\CodeIgniter.php(320): CodeIgniter\CodeIgniter->handleRequest(NULL, Object(Config\Cache), false)
#8 C:\xampp\htdocs\Channeldoc.lk\public\index.php(37): CodeIgniter\CodeIgniter->run()
#9 {main}
ERROR - 2022-04-08 01:58:38 --> You have an error in your SQL syntax; check the manual that corresponds to your MariaDB server version for the right syntax to use near 'delete from user
                                          where id = 22' at line 2
CRITICAL - 2022-04-08 01:58:38 --> You have an error in your SQL syntax; check the manual that corresponds to your MariaDB server version for the right syntax to use near 'delete from user
                                          where id = 22' at line 2
#0 C:\xampp\htdocs\Channeldoc.lk\system\Database\MySQLi\Connection.php(292): mysqli->query('Update user\r\n  ...', 0)
#1 C:\xampp\htdocs\Channeldoc.lk\system\Database\BaseConnection.php(670): CodeIgniter\Database\MySQLi\Connection->execute('Update user\r\n  ...')
#2 C:\xampp\htdocs\Channeldoc.lk\system\Database\BaseConnection.php(598): CodeIgniter\Database\BaseConnection->simpleQuery('Update user\r\n  ...')
#3 C:\xampp\htdocs\Channeldoc.lk\system\Model.php(726): CodeIgniter\Database\BaseConnection->query('Update user\r\n  ...')
#4 C:\xampp\htdocs\Channeldoc.lk\app\Controllers\patientProfile.php(161): CodeIgniter\Model->__call('query', Array)
#5 C:\xampp\htdocs\Channeldoc.lk\system\CodeIgniter.php(825): App\Controllers\patientProfile->deleteProfile()
#6 C:\xampp\htdocs\Channeldoc.lk\system\CodeIgniter.php(412): CodeIgniter\CodeIgniter->runController(Object(App\Controllers\patientProfile))
#7 C:\xampp\htdocs\Channeldoc.lk\system\CodeIgniter.php(320): CodeIgniter\CodeIgniter->handleRequest(NULL, Object(Config\Cache), false)
#8 C:\xampp\htdocs\Channeldoc.lk\public\index.php(37): CodeIgniter\CodeIgniter->run()
#9 {main}
ERROR - 2022-04-08 01:58:55 --> Unknown column 'id' in 'where clause'
CRITICAL - 2022-04-08 01:58:55 --> Unknown column 'id' in 'where clause'
#0 C:\xampp\htdocs\Channeldoc.lk\system\Database\MySQLi\Connection.php(292): mysqli->query('\r\n             ...', 0)
#1 C:\xampp\htdocs\Channeldoc.lk\system\Database\BaseConnection.php(670): CodeIgniter\Database\MySQLi\Connection->execute('\r\n             ...')
#2 C:\xampp\htdocs\Channeldoc.lk\system\Database\BaseConnection.php(598): CodeIgniter\Database\BaseConnection->simpleQuery('\r\n             ...')
#3 C:\xampp\htdocs\Channeldoc.lk\system\Model.php(726): CodeIgniter\Database\BaseConnection->query('\r\n             ...')
#4 C:\xampp\htdocs\Channeldoc.lk\app\Controllers\patientProfile.php(161): CodeIgniter\Model->__call('query', Array)
#5 C:\xampp\htdocs\Channeldoc.lk\system\CodeIgniter.php(825): App\Controllers\patientProfile->deleteProfile()
#6 C:\xampp\htdocs\Channeldoc.lk\system\CodeIgniter.php(412): CodeIgniter\CodeIgniter->runController(Object(App\Controllers\patientProfile))
#7 C:\xampp\htdocs\Channeldoc.lk\system\CodeIgniter.php(320): CodeIgniter\CodeIgniter->handleRequest(NULL, Object(Config\Cache), false)
#8 C:\xampp\htdocs\Channeldoc.lk\public\index.php(37): CodeIgniter\CodeIgniter->run()
#9 {main}
CRITICAL - 2022-04-08 01:59:36 --> Undefined variable: fname
#0 C:\xampp\htdocs\Channeldoc.lk\app\Views\patientProfile\index.php(115): CodeIgniter\Debug\Exceptions->errorHandler(8, 'Undefined varia...', 'C:\\xampp\\htdocs...', 115, Array)
#1 C:\xampp\htdocs\Channeldoc.lk\system\View\View.php(210): include('C:\\xampp\\htdocs...')
#2 C:\xampp\htdocs\Channeldoc.lk\system\View\View.php(213): CodeIgniter\View\View->CodeIgniter\View\{closure}()
#3 C:\xampp\htdocs\Channeldoc.lk\system\Common.php(1089): CodeIgniter\View\View->render('patientProfile/...', Array, true)
#4 C:\xampp\htdocs\Channeldoc.lk\app\Controllers\patientProfile.php(17): view('patientProfile/...')
#5 C:\xampp\htdocs\Channeldoc.lk\system\CodeIgniter.php(825): App\Controllers\patientProfile->index()
#6 C:\xampp\htdocs\Channeldoc.lk\system\CodeIgniter.php(412): CodeIgniter\CodeIgniter->runController(Object(App\Controllers\patientProfile))
#7 C:\xampp\htdocs\Channeldoc.lk\system\CodeIgniter.php(320): CodeIgniter\CodeIgniter->handleRequest(NULL, Object(Config\Cache), false)
#8 C:\xampp\htdocs\Channeldoc.lk\public\index.php(37): CodeIgniter\CodeIgniter->run()
#9 {main}
