CRITICAL - 2022-04-26 06:25:27 --> Undefined variable $data
#0 C:\xampp\htdocs\Channeldoc.lk\app\Views\AppointmentsPractitioners\index.php(194): CodeIgniter\Debug\Exceptions->errorHandler(2, 'Undefined varia...', 'C:\\xampp\\htdocs...', 194)
#1 C:\xampp\htdocs\Channeldoc.lk\system\View\View.php(210): include('C:\\xampp\\htdocs...')
#2 C:\xampp\htdocs\Channeldoc.lk\system\View\View.php(213): CodeIgniter\View\View->CodeIgniter\View\{closure}()
#3 C:\xampp\htdocs\Channeldoc.lk\system\Common.php(1089): CodeIgniter\View\View->render('AppointmentsPra...', Array, true)
#4 C:\xampp\htdocs\Channeldoc.lk\app\Controllers\AppointmentsPractitioners.php(17): view('AppointmentsPra...')
#5 C:\xampp\htdocs\Channeldoc.lk\system\CodeIgniter.php(825): App\Controllers\AppointmentsPractitioners->index()
#6 C:\xampp\htdocs\Channeldoc.lk\system\CodeIgniter.php(412): CodeIgniter\CodeIgniter->runController(Object(App\Controllers\AppointmentsPractitioners))
#7 C:\xampp\htdocs\Channeldoc.lk\system\CodeIgniter.php(320): CodeIgniter\CodeIgniter->handleRequest(NULL, Object(Config\Cache), false)
#8 C:\xampp\htdocs\Channeldoc.lk\public\index.php(37): CodeIgniter\CodeIgniter->run()
#9 {main}
CRITICAL - 2022-04-26 06:25:52 --> Undefined variable $data
#0 C:\xampp\htdocs\Channeldoc.lk\app\Views\AppointmentsPractitioners\index.php(194): CodeIgniter\Debug\Exceptions->errorHandler(2, 'Undefined varia...', 'C:\\xampp\\htdocs...', 194)
#1 C:\xampp\htdocs\Channeldoc.lk\system\View\View.php(210): include('C:\\xampp\\htdocs...')
#2 C:\xampp\htdocs\Channeldoc.lk\system\View\View.php(213): CodeIgniter\View\View->CodeIgniter\View\{closure}()
#3 C:\xampp\htdocs\Channeldoc.lk\system\Common.php(1089): CodeIgniter\View\View->render('AppointmentsPra...', Array, true)
#4 C:\xampp\htdocs\Channeldoc.lk\app\Controllers\AppointmentsPractitioners.php(17): view('AppointmentsPra...')
#5 C:\xampp\htdocs\Channeldoc.lk\system\CodeIgniter.php(825): App\Controllers\AppointmentsPractitioners->index()
#6 C:\xampp\htdocs\Channeldoc.lk\system\CodeIgniter.php(412): CodeIgniter\CodeIgniter->runController(Object(App\Controllers\AppointmentsPractitioners))
#7 C:\xampp\htdocs\Channeldoc.lk\system\CodeIgniter.php(320): CodeIgniter\CodeIgniter->handleRequest(NULL, Object(Config\Cache), false)
#8 C:\xampp\htdocs\Channeldoc.lk\public\index.php(37): CodeIgniter\CodeIgniter->run()
#9 {main}
CRITICAL - 2022-04-26 06:25:55 --> Undefined variable $data
#0 C:\xampp\htdocs\Channeldoc.lk\app\Views\AppointmentsPractitioners\index.php(194): CodeIgniter\Debug\Exceptions->errorHandler(2, 'Undefined varia...', 'C:\\xampp\\htdocs...', 194)
#1 C:\xampp\htdocs\Channeldoc.lk\system\View\View.php(210): include('C:\\xampp\\htdocs...')
#2 C:\xampp\htdocs\Channeldoc.lk\system\View\View.php(213): CodeIgniter\View\View->CodeIgniter\View\{closure}()
#3 C:\xampp\htdocs\Channeldoc.lk\system\Common.php(1089): CodeIgniter\View\View->render('AppointmentsPra...', Array, true)
#4 C:\xampp\htdocs\Channeldoc.lk\app\Controllers\AppointmentsPractitioners.php(17): view('AppointmentsPra...')
#5 C:\xampp\htdocs\Channeldoc.lk\system\CodeIgniter.php(825): App\Controllers\AppointmentsPractitioners->index()
#6 C:\xampp\htdocs\Channeldoc.lk\system\CodeIgniter.php(412): CodeIgniter\CodeIgniter->runController(Object(App\Controllers\AppointmentsPractitioners))
#7 C:\xampp\htdocs\Channeldoc.lk\system\CodeIgniter.php(320): CodeIgniter\CodeIgniter->handleRequest(NULL, Object(Config\Cache), false)
#8 C:\xampp\htdocs\Channeldoc.lk\public\index.php(37): CodeIgniter\CodeIgniter->run()
#9 {main}
ERROR - 2022-04-26 06:57:43 --> You have an error in your SQL syntax; check the manual that corresponds to your MariaDB server version for the right syntax to use near '' at line 1
CRITICAL - 2022-04-26 06:57:43 --> You have an error in your SQL syntax; check the manual that corresponds to your MariaDB server version for the right syntax to use near '' at line 1
#0 C:\xampp\htdocs\Channeldoc.lk\system\Database\MySQLi\Connection.php(292): mysqli->query('SELECT * FROM d...', 0)
#1 C:\xampp\htdocs\Channeldoc.lk\system\Database\BaseConnection.php(670): CodeIgniter\Database\MySQLi\Connection->execute('SELECT * FROM d...')
#2 C:\xampp\htdocs\Channeldoc.lk\system\Database\BaseConnection.php(598): CodeIgniter\Database\BaseConnection->simpleQuery('SELECT * FROM d...')
#3 C:\xampp\htdocs\Channeldoc.lk\system\Model.php(726): CodeIgniter\Database\BaseConnection->query('SELECT * FROM d...')
#4 C:\xampp\htdocs\Channeldoc.lk\app\Views\doctordetails\index.php(89): CodeIgniter\Model->__call('query', Array)
#5 C:\xampp\htdocs\Channeldoc.lk\system\View\View.php(210): include('C:\\xampp\\htdocs...')
#6 C:\xampp\htdocs\Channeldoc.lk\system\View\View.php(213): CodeIgniter\View\View->CodeIgniter\View\{closure}()
#7 C:\xampp\htdocs\Channeldoc.lk\system\Common.php(1089): CodeIgniter\View\View->render('doctordetails/i...', Array, true)
#8 C:\xampp\htdocs\Channeldoc.lk\app\Controllers\Doctordetails.php(13): view('doctordetails/i...')
#9 C:\xampp\htdocs\Channeldoc.lk\system\CodeIgniter.php(825): App\Controllers\Doctordetails->index('10')
#10 C:\xampp\htdocs\Channeldoc.lk\system\CodeIgniter.php(412): CodeIgniter\CodeIgniter->runController(Object(App\Controllers\Doctordetails))
#11 C:\xampp\htdocs\Channeldoc.lk\system\CodeIgniter.php(320): CodeIgniter\CodeIgniter->handleRequest(NULL, Object(Config\Cache), false)
#12 C:\xampp\htdocs\Channeldoc.lk\public\index.php(37): CodeIgniter\CodeIgniter->run()
#13 {main}
ERROR - 2022-04-26 06:57:48 --> You have an error in your SQL syntax; check the manual that corresponds to your MariaDB server version for the right syntax to use near '' at line 1
CRITICAL - 2022-04-26 06:57:48 --> You have an error in your SQL syntax; check the manual that corresponds to your MariaDB server version for the right syntax to use near '' at line 1
#0 C:\xampp\htdocs\Channeldoc.lk\system\Database\MySQLi\Connection.php(292): mysqli->query('SELECT * FROM d...', 0)
#1 C:\xampp\htdocs\Channeldoc.lk\system\Database\BaseConnection.php(670): CodeIgniter\Database\MySQLi\Connection->execute('SELECT * FROM d...')
#2 C:\xampp\htdocs\Channeldoc.lk\system\Database\BaseConnection.php(598): CodeIgniter\Database\BaseConnection->simpleQuery('SELECT * FROM d...')
#3 C:\xampp\htdocs\Channeldoc.lk\system\Model.php(726): CodeIgniter\Database\BaseConnection->query('SELECT * FROM d...')
#4 C:\xampp\htdocs\Channeldoc.lk\app\Views\doctordetails\index.php(89): CodeIgniter\Model->__call('query', Array)
#5 C:\xampp\htdocs\Channeldoc.lk\system\View\View.php(210): include('C:\\xampp\\htdocs...')
#6 C:\xampp\htdocs\Channeldoc.lk\system\View\View.php(213): CodeIgniter\View\View->CodeIgniter\View\{closure}()
#7 C:\xampp\htdocs\Channeldoc.lk\system\Common.php(1089): CodeIgniter\View\View->render('doctordetails/i...', Array, true)
#8 C:\xampp\htdocs\Channeldoc.lk\app\Controllers\Doctordetails.php(13): view('doctordetails/i...')
#9 C:\xampp\htdocs\Channeldoc.lk\system\CodeIgniter.php(825): App\Controllers\Doctordetails->index('6')
#10 C:\xampp\htdocs\Channeldoc.lk\system\CodeIgniter.php(412): CodeIgniter\CodeIgniter->runController(Object(App\Controllers\Doctordetails))
#11 C:\xampp\htdocs\Channeldoc.lk\system\CodeIgniter.php(320): CodeIgniter\CodeIgniter->handleRequest(NULL, Object(Config\Cache), false)
#12 C:\xampp\htdocs\Channeldoc.lk\public\index.php(37): CodeIgniter\CodeIgniter->run()
#13 {main}
ERROR - 2022-04-26 06:58:02 --> You have an error in your SQL syntax; check the manual that corresponds to your MariaDB server version for the right syntax to use near '' at line 1
CRITICAL - 2022-04-26 06:58:02 --> You have an error in your SQL syntax; check the manual that corresponds to your MariaDB server version for the right syntax to use near '' at line 1
#0 C:\xampp\htdocs\Channeldoc.lk\system\Database\MySQLi\Connection.php(292): mysqli->query('SELECT * FROM d...', 0)
#1 C:\xampp\htdocs\Channeldoc.lk\system\Database\BaseConnection.php(670): CodeIgniter\Database\MySQLi\Connection->execute('SELECT * FROM d...')
#2 C:\xampp\htdocs\Channeldoc.lk\system\Database\BaseConnection.php(598): CodeIgniter\Database\BaseConnection->simpleQuery('SELECT * FROM d...')
#3 C:\xampp\htdocs\Channeldoc.lk\system\Model.php(726): CodeIgniter\Database\BaseConnection->query('SELECT * FROM d...')
#4 C:\xampp\htdocs\Channeldoc.lk\app\Views\doctordetails\index.php(89): CodeIgniter\Model->__call('query', Array)
#5 C:\xampp\htdocs\Channeldoc.lk\system\View\View.php(210): include('C:\\xampp\\htdocs...')
#6 C:\xampp\htdocs\Channeldoc.lk\system\View\View.php(213): CodeIgniter\View\View->CodeIgniter\View\{closure}()
#7 C:\xampp\htdocs\Channeldoc.lk\system\Common.php(1089): CodeIgniter\View\View->render('doctordetails/i...', Array, true)
#8 C:\xampp\htdocs\Channeldoc.lk\app\Controllers\Doctordetails.php(13): view('doctordetails/i...')
#9 C:\xampp\htdocs\Channeldoc.lk\system\CodeIgniter.php(825): App\Controllers\Doctordetails->index('6')
#10 C:\xampp\htdocs\Channeldoc.lk\system\CodeIgniter.php(412): CodeIgniter\CodeIgniter->runController(Object(App\Controllers\Doctordetails))
#11 C:\xampp\htdocs\Channeldoc.lk\system\CodeIgniter.php(320): CodeIgniter\CodeIgniter->handleRequest(NULL, Object(Config\Cache), false)
#12 C:\xampp\htdocs\Channeldoc.lk\public\index.php(37): CodeIgniter\CodeIgniter->run()
#13 {main}
ERROR - 2022-04-26 07:01:13 --> You have an error in your SQL syntax; check the manual that corresponds to your MariaDB server version for the right syntax to use near '' at line 1
CRITICAL - 2022-04-26 07:01:13 --> You have an error in your SQL syntax; check the manual that corresponds to your MariaDB server version for the right syntax to use near '' at line 1
#0 C:\xampp\htdocs\Channeldoc.lk\system\Database\MySQLi\Connection.php(292): mysqli->query('SELECT * FROM d...', 0)
#1 C:\xampp\htdocs\Channeldoc.lk\system\Database\BaseConnection.php(670): CodeIgniter\Database\MySQLi\Connection->execute('SELECT * FROM d...')
#2 C:\xampp\htdocs\Channeldoc.lk\system\Database\BaseConnection.php(598): CodeIgniter\Database\BaseConnection->simpleQuery('SELECT * FROM d...')
#3 C:\xampp\htdocs\Channeldoc.lk\system\Model.php(726): CodeIgniter\Database\BaseConnection->query('SELECT * FROM d...')
#4 C:\xampp\htdocs\Channeldoc.lk\app\Views\doctordetails\index.php(89): CodeIgniter\Model->__call('query', Array)
#5 C:\xampp\htdocs\Channeldoc.lk\system\View\View.php(210): include('C:\\xampp\\htdocs...')
#6 C:\xampp\htdocs\Channeldoc.lk\system\View\View.php(213): CodeIgniter\View\View->CodeIgniter\View\{closure}()
#7 C:\xampp\htdocs\Channeldoc.lk\system\Common.php(1089): CodeIgniter\View\View->render('doctordetails/i...', Array, true)
#8 C:\xampp\htdocs\Channeldoc.lk\app\Controllers\Doctordetails.php(13): view('doctordetails/i...')
#9 C:\xampp\htdocs\Channeldoc.lk\system\CodeIgniter.php(825): App\Controllers\Doctordetails->index('4')
#10 C:\xampp\htdocs\Channeldoc.lk\system\CodeIgniter.php(412): CodeIgniter\CodeIgniter->runController(Object(App\Controllers\Doctordetails))
#11 C:\xampp\htdocs\Channeldoc.lk\system\CodeIgniter.php(320): CodeIgniter\CodeIgniter->handleRequest(NULL, Object(Config\Cache), false)
#12 C:\xampp\htdocs\Channeldoc.lk\public\index.php(37): CodeIgniter\CodeIgniter->run()
#13 {main}
CRITICAL - 2022-04-26 09:53:13 --> Undefined property: stdClass::$how
#0 C:\xampp\htdocs\Channeldoc.lk\app\Views\AppointmentsPractitioners\index.php(171): CodeIgniter\Debug\Exceptions->errorHandler(2, 'Undefined prope...', 'C:\\xampp\\htdocs...', 171)
#1 C:\xampp\htdocs\Channeldoc.lk\system\View\View.php(210): include('C:\\xampp\\htdocs...')
#2 C:\xampp\htdocs\Channeldoc.lk\system\View\View.php(213): CodeIgniter\View\View->CodeIgniter\View\{closure}()
#3 C:\xampp\htdocs\Channeldoc.lk\system\Common.php(1089): CodeIgniter\View\View->render('AppointmentsPra...', Array, true)
#4 C:\xampp\htdocs\Channeldoc.lk\app\Controllers\AppointmentsPractitioners.php(17): view('AppointmentsPra...')
#5 C:\xampp\htdocs\Channeldoc.lk\system\CodeIgniter.php(825): App\Controllers\AppointmentsPractitioners->index()
#6 C:\xampp\htdocs\Channeldoc.lk\system\CodeIgniter.php(412): CodeIgniter\CodeIgniter->runController(Object(App\Controllers\AppointmentsPractitioners))
#7 C:\xampp\htdocs\Channeldoc.lk\system\CodeIgniter.php(320): CodeIgniter\CodeIgniter->handleRequest(NULL, Object(Config\Cache), false)
#8 C:\xampp\htdocs\Channeldoc.lk\public\index.php(37): CodeIgniter\CodeIgniter->run()
#9 {main}
CRITICAL - 2022-04-26 09:53:38 --> Undefined property: stdClass::$how
#0 C:\xampp\htdocs\Channeldoc.lk\app\Views\AppointmentsPractitioners\index.php(171): CodeIgniter\Debug\Exceptions->errorHandler(2, 'Undefined prope...', 'C:\\xampp\\htdocs...', 171)
#1 C:\xampp\htdocs\Channeldoc.lk\system\View\View.php(210): include('C:\\xampp\\htdocs...')
#2 C:\xampp\htdocs\Channeldoc.lk\system\View\View.php(213): CodeIgniter\View\View->CodeIgniter\View\{closure}()
#3 C:\xampp\htdocs\Channeldoc.lk\system\Common.php(1089): CodeIgniter\View\View->render('AppointmentsPra...', Array, true)
#4 C:\xampp\htdocs\Channeldoc.lk\app\Controllers\AppointmentsPractitioners.php(17): view('AppointmentsPra...')
#5 C:\xampp\htdocs\Channeldoc.lk\system\CodeIgniter.php(825): App\Controllers\AppointmentsPractitioners->index()
#6 C:\xampp\htdocs\Channeldoc.lk\system\CodeIgniter.php(412): CodeIgniter\CodeIgniter->runController(Object(App\Controllers\AppointmentsPractitioners))
#7 C:\xampp\htdocs\Channeldoc.lk\system\CodeIgniter.php(320): CodeIgniter\CodeIgniter->handleRequest(NULL, Object(Config\Cache), false)
#8 C:\xampp\htdocs\Channeldoc.lk\public\index.php(37): CodeIgniter\CodeIgniter->run()
#9 {main}
ERROR - 2022-04-26 09:57:24 --> You have an error in your SQL syntax; check the manual that corresponds to your MariaDB server version for the right syntax to use near '' at line 1
CRITICAL - 2022-04-26 09:57:24 --> You have an error in your SQL syntax; check the manual that corresponds to your MariaDB server version for the right syntax to use near '' at line 1
#0 C:\xampp\htdocs\Channeldoc.lk\system\Database\MySQLi\Connection.php(292): mysqli->query('SELECT * FROM d...', 0)
#1 C:\xampp\htdocs\Channeldoc.lk\system\Database\BaseConnection.php(670): CodeIgniter\Database\MySQLi\Connection->execute('SELECT * FROM d...')
#2 C:\xampp\htdocs\Channeldoc.lk\system\Database\BaseConnection.php(598): CodeIgniter\Database\BaseConnection->simpleQuery('SELECT * FROM d...')
#3 C:\xampp\htdocs\Channeldoc.lk\system\Model.php(726): CodeIgniter\Database\BaseConnection->query('SELECT * FROM d...')
#4 C:\xampp\htdocs\Channeldoc.lk\app\Views\doctordetails\index.php(89): CodeIgniter\Model->__call('query', Array)
#5 C:\xampp\htdocs\Channeldoc.lk\system\View\View.php(210): include('C:\\xampp\\htdocs...')
#6 C:\xampp\htdocs\Channeldoc.lk\system\View\View.php(213): CodeIgniter\View\View->CodeIgniter\View\{closure}()
#7 C:\xampp\htdocs\Channeldoc.lk\system\Common.php(1089): CodeIgniter\View\View->render('doctordetails/i...', Array, true)
#8 C:\xampp\htdocs\Channeldoc.lk\app\Controllers\Doctordetails.php(13): view('doctordetails/i...')
#9 C:\xampp\htdocs\Channeldoc.lk\system\CodeIgniter.php(825): App\Controllers\Doctordetails->index('5')
#10 C:\xampp\htdocs\Channeldoc.lk\system\CodeIgniter.php(412): CodeIgniter\CodeIgniter->runController(Object(App\Controllers\Doctordetails))
#11 C:\xampp\htdocs\Channeldoc.lk\system\CodeIgniter.php(320): CodeIgniter\CodeIgniter->handleRequest(NULL, Object(Config\Cache), false)
#12 C:\xampp\htdocs\Channeldoc.lk\public\index.php(37): CodeIgniter\CodeIgniter->run()
#13 {main}
ERROR - 2022-04-26 09:57:33 --> You have an error in your SQL syntax; check the manual that corresponds to your MariaDB server version for the right syntax to use near '' at line 1
CRITICAL - 2022-04-26 09:57:33 --> You have an error in your SQL syntax; check the manual that corresponds to your MariaDB server version for the right syntax to use near '' at line 1
#0 C:\xampp\htdocs\Channeldoc.lk\system\Database\MySQLi\Connection.php(292): mysqli->query('SELECT * FROM d...', 0)
#1 C:\xampp\htdocs\Channeldoc.lk\system\Database\BaseConnection.php(670): CodeIgniter\Database\MySQLi\Connection->execute('SELECT * FROM d...')
#2 C:\xampp\htdocs\Channeldoc.lk\system\Database\BaseConnection.php(598): CodeIgniter\Database\BaseConnection->simpleQuery('SELECT * FROM d...')
#3 C:\xampp\htdocs\Channeldoc.lk\system\Model.php(726): CodeIgniter\Database\BaseConnection->query('SELECT * FROM d...')
#4 C:\xampp\htdocs\Channeldoc.lk\app\Views\doctordetails\index.php(89): CodeIgniter\Model->__call('query', Array)
#5 C:\xampp\htdocs\Channeldoc.lk\system\View\View.php(210): include('C:\\xampp\\htdocs...')
#6 C:\xampp\htdocs\Channeldoc.lk\system\View\View.php(213): CodeIgniter\View\View->CodeIgniter\View\{closure}()
#7 C:\xampp\htdocs\Channeldoc.lk\system\Common.php(1089): CodeIgniter\View\View->render('doctordetails/i...', Array, true)
#8 C:\xampp\htdocs\Channeldoc.lk\app\Controllers\Doctordetails.php(13): view('doctordetails/i...')
#9 C:\xampp\htdocs\Channeldoc.lk\system\CodeIgniter.php(825): App\Controllers\Doctordetails->index('5')
#10 C:\xampp\htdocs\Channeldoc.lk\system\CodeIgniter.php(412): CodeIgniter\CodeIgniter->runController(Object(App\Controllers\Doctordetails))
#11 C:\xampp\htdocs\Channeldoc.lk\system\CodeIgniter.php(320): CodeIgniter\CodeIgniter->handleRequest(NULL, Object(Config\Cache), false)
#12 C:\xampp\htdocs\Channeldoc.lk\public\index.php(37): CodeIgniter\CodeIgniter->run()
#13 {main}
CRITICAL - 2022-04-26 11:44:57 --> Unmatched '}'
#0 C:\xampp\htdocs\Channeldoc.lk\system\View\View.php(213): CodeIgniter\View\View->CodeIgniter\View\{closure}()
#1 C:\xampp\htdocs\Channeldoc.lk\system\Common.php(1089): CodeIgniter\View\View->render('Search/index.ph...', Array, true)
#2 C:\xampp\htdocs\Channeldoc.lk\app\Controllers\Search.php(14): view('Search/index.ph...')
#3 C:\xampp\htdocs\Channeldoc.lk\system\CodeIgniter.php(825): App\Controllers\Search->index()
#4 C:\xampp\htdocs\Channeldoc.lk\system\CodeIgniter.php(412): CodeIgniter\CodeIgniter->runController(Object(App\Controllers\Search))
#5 C:\xampp\htdocs\Channeldoc.lk\system\CodeIgniter.php(320): CodeIgniter\CodeIgniter->handleRequest(NULL, Object(Config\Cache), false)
#6 C:\xampp\htdocs\Channeldoc.lk\public\index.php(37): CodeIgniter\CodeIgniter->run()
#7 {main}
CRITICAL - 2022-04-26 12:10:42 --> Undefined property: stdClass::$Fname
#0 C:\xampp\htdocs\Channeldoc.lk\app\Views\AppointmentsPractitioners\index.php(170): CodeIgniter\Debug\Exceptions->errorHandler(2, 'Undefined prope...', 'C:\\xampp\\htdocs...', 170)
#1 C:\xampp\htdocs\Channeldoc.lk\system\View\View.php(210): include('C:\\xampp\\htdocs...')
#2 C:\xampp\htdocs\Channeldoc.lk\system\View\View.php(213): CodeIgniter\View\View->CodeIgniter\View\{closure}()
#3 C:\xampp\htdocs\Channeldoc.lk\system\Common.php(1089): CodeIgniter\View\View->render('AppointmentsPra...', Array, true)
#4 C:\xampp\htdocs\Channeldoc.lk\app\Controllers\AppointmentsPractitioners.php(18): view('AppointmentsPra...')
#5 C:\xampp\htdocs\Channeldoc.lk\system\CodeIgniter.php(825): App\Controllers\AppointmentsPractitioners->index()
#6 C:\xampp\htdocs\Channeldoc.lk\system\CodeIgniter.php(412): CodeIgniter\CodeIgniter->runController(Object(App\Controllers\AppointmentsPractitioners))
#7 C:\xampp\htdocs\Channeldoc.lk\system\CodeIgniter.php(320): CodeIgniter\CodeIgniter->handleRequest(NULL, Object(Config\Cache), false)
#8 C:\xampp\htdocs\Channeldoc.lk\public\index.php(37): CodeIgniter\CodeIgniter->run()
#9 {main}
CRITICAL - 2022-04-26 12:10:47 --> Undefined property: stdClass::$Fname
#0 C:\xampp\htdocs\Channeldoc.lk\app\Views\AppointmentsPractitioners\index.php(170): CodeIgniter\Debug\Exceptions->errorHandler(2, 'Undefined prope...', 'C:\\xampp\\htdocs...', 170)
#1 C:\xampp\htdocs\Channeldoc.lk\system\View\View.php(210): include('C:\\xampp\\htdocs...')
#2 C:\xampp\htdocs\Channeldoc.lk\system\View\View.php(213): CodeIgniter\View\View->CodeIgniter\View\{closure}()
#3 C:\xampp\htdocs\Channeldoc.lk\system\Common.php(1089): CodeIgniter\View\View->render('AppointmentsPra...', Array, true)
#4 C:\xampp\htdocs\Channeldoc.lk\app\Controllers\AppointmentsPractitioners.php(18): view('AppointmentsPra...')
#5 C:\xampp\htdocs\Channeldoc.lk\system\CodeIgniter.php(825): App\Controllers\AppointmentsPractitioners->index()
#6 C:\xampp\htdocs\Channeldoc.lk\system\CodeIgniter.php(412): CodeIgniter\CodeIgniter->runController(Object(App\Controllers\AppointmentsPractitioners))
#7 C:\xampp\htdocs\Channeldoc.lk\system\CodeIgniter.php(320): CodeIgniter\CodeIgniter->handleRequest(NULL, Object(Config\Cache), false)
#8 C:\xampp\htdocs\Channeldoc.lk\public\index.php(37): CodeIgniter\CodeIgniter->run()
#9 {main}
