CRITICAL - 2022-03-20 11:11:53 --> The framework needs the following extension(s) installed and loaded: intl.
#0 D:\XAMPP\htdocs\CI-4\system\CodeIgniter.php(219): CodeIgniter\Exceptions\FrameworkException::forMissingExtension('intl')
#1 D:\XAMPP\htdocs\CI-4\system\CodeIgniter.php(177): CodeIgniter\CodeIgniter->resolvePlatformExtensions()
#2 D:\XAMPP\htdocs\CI-4\system\bootstrap.php(146): CodeIgniter\CodeIgniter->initialize()
#3 D:\XAMPP\htdocs\CI-4\public\index.php(28): require('D:\\XAMPP\\htdocs...')
#4 {main}
CRITICAL - 2022-03-20 11:12:46 --> The framework needs the following extension(s) installed and loaded: intl.
#0 D:\XAMPP\htdocs\CI-4\system\CodeIgniter.php(219): CodeIgniter\Exceptions\FrameworkException::forMissingExtension('intl')
#1 D:\XAMPP\htdocs\CI-4\system\CodeIgniter.php(177): CodeIgniter\CodeIgniter->resolvePlatformExtensions()
#2 D:\XAMPP\htdocs\CI-4\system\bootstrap.php(146): CodeIgniter\CodeIgniter->initialize()
#3 D:\XAMPP\htdocs\CI-4\public\index.php(28): require('D:\\XAMPP\\htdocs...')
#4 {main}
CRITICAL - 2022-03-20 11:22:51 --> The framework needs the following extension(s) installed and loaded: intl.
#0 D:\XAMPP\htdocs\CI-4\system\CodeIgniter.php(219): CodeIgniter\Exceptions\FrameworkException::forMissingExtension('intl')
#1 D:\XAMPP\htdocs\CI-4\system\CodeIgniter.php(177): CodeIgniter\CodeIgniter->resolvePlatformExtensions()
#2 D:\XAMPP\htdocs\CI-4\system\bootstrap.php(146): CodeIgniter\CodeIgniter->initialize()
#3 D:\XAMPP\htdocs\CI-4\public\index.php(28): require('D:\\XAMPP\\htdocs...')
#4 {main}
CRITICAL - 2022-03-20 11:23:02 --> The framework needs the following extension(s) installed and loaded: intl.
#0 D:\XAMPP\htdocs\CI-4\system\CodeIgniter.php(219): CodeIgniter\Exceptions\FrameworkException::forMissingExtension('intl')
#1 D:\XAMPP\htdocs\CI-4\system\CodeIgniter.php(177): CodeIgniter\CodeIgniter->resolvePlatformExtensions()
#2 D:\XAMPP\htdocs\CI-4\system\bootstrap.php(146): CodeIgniter\CodeIgniter->initialize()
#3 D:\XAMPP\htdocs\CI-4\public\index.php(28): require('D:\\XAMPP\\htdocs...')
#4 {main}
CRITICAL - 2022-03-20 11:33:19 --> The framework needs the following extension(s) installed and loaded: intl.
#0 D:\XAMPP\htdocs\CI-4\system\CodeIgniter.php(219): CodeIgniter\Exceptions\FrameworkException::forMissingExtension('intl')
#1 D:\XAMPP\htdocs\CI-4\system\CodeIgniter.php(177): CodeIgniter\CodeIgniter->resolvePlatformExtensions()
#2 D:\XAMPP\htdocs\CI-4\system\bootstrap.php(146): CodeIgniter\CodeIgniter->initialize()
#3 D:\XAMPP\htdocs\CI-4\public\index.php(28): require('D:\\XAMPP\\htdocs...')
#4 {main}
ERROR - 2022-03-20 05:57:24 --> Error connecting to the database: Unknown database 'codeigniter_authentication'
CRITICAL - 2022-03-20 05:57:24 --> Unable to connect to the database.
Main connection [MySQLi]: Unknown database 'codeigniter_authentication'
#0 D:\XAMPP\htdocs\CI-4\system\Database\BaseConnection.php(577): CodeIgniter\Database\BaseConnection->initialize()
#1 D:\XAMPP\htdocs\CI-4\system\Database\BaseBuilder.php(1455): CodeIgniter\Database\BaseConnection->query('SELECT *\nFROM `...', Array, false)
#2 D:\XAMPP\htdocs\CI-4\system\Model.php(183): CodeIgniter\Database\BaseBuilder->get()
#3 D:\XAMPP\htdocs\CI-4\system\BaseModel.php(584): CodeIgniter\Model->doFindAll(0, 0)
#4 D:\XAMPP\htdocs\CI-4\app\Controllers\Home.php(10): CodeIgniter\BaseModel->findAll()
#5 D:\XAMPP\htdocs\CI-4\system\CodeIgniter.php(825): App\Controllers\Home->index()
#6 D:\XAMPP\htdocs\CI-4\system\CodeIgniter.php(412): CodeIgniter\CodeIgniter->runController(Object(App\Controllers\Home))
#7 D:\XAMPP\htdocs\CI-4\system\CodeIgniter.php(320): CodeIgniter\CodeIgniter->handleRequest(NULL, Object(Config\Cache), false)
#8 D:\XAMPP\htdocs\CI-4\public\index.php(37): CodeIgniter\CodeIgniter->run()
#9 {main}
ERROR - 2022-03-20 06:05:03 --> Error connecting to the database: Unknown database 'codeigniter_authentication'
CRITICAL - 2022-03-20 06:05:03 --> Unable to connect to the database.
Main connection [MySQLi]: Unknown database 'codeigniter_authentication'
#0 D:\XAMPP\htdocs\CI-4\system\Database\BaseConnection.php(577): CodeIgniter\Database\BaseConnection->initialize()
#1 D:\XAMPP\htdocs\CI-4\system\Database\BaseBuilder.php(1455): CodeIgniter\Database\BaseConnection->query('SELECT *\nFROM `...', Array, false)
#2 D:\XAMPP\htdocs\CI-4\system\Model.php(183): CodeIgniter\Database\BaseBuilder->get()
#3 D:\XAMPP\htdocs\CI-4\system\BaseModel.php(584): CodeIgniter\Model->doFindAll(0, 0)
#4 D:\XAMPP\htdocs\CI-4\app\Controllers\Home.php(10): CodeIgniter\BaseModel->findAll()
#5 D:\XAMPP\htdocs\CI-4\system\CodeIgniter.php(825): App\Controllers\Home->index()
#6 D:\XAMPP\htdocs\CI-4\system\CodeIgniter.php(412): CodeIgniter\CodeIgniter->runController(Object(App\Controllers\Home))
#7 D:\XAMPP\htdocs\CI-4\system\CodeIgniter.php(320): CodeIgniter\CodeIgniter->handleRequest(NULL, Object(Config\Cache), false)
#8 D:\XAMPP\htdocs\CI-4\public\index.php(37): CodeIgniter\CodeIgniter->run()
#9 {main}
ERROR - 2022-03-20 06:05:12 --> Error connecting to the database: Unknown database 'codeigniter_authentication'
CRITICAL - 2022-03-20 06:05:12 --> Unable to connect to the database.
Main connection [MySQLi]: Unknown database 'codeigniter_authentication'
#0 D:\XAMPP\htdocs\CI-4\system\Database\BaseConnection.php(577): CodeIgniter\Database\BaseConnection->initialize()
#1 D:\XAMPP\htdocs\CI-4\system\Database\BaseBuilder.php(1455): CodeIgniter\Database\BaseConnection->query('SELECT *\nFROM `...', Array, false)
#2 D:\XAMPP\htdocs\CI-4\system\Model.php(183): CodeIgniter\Database\BaseBuilder->get()
#3 D:\XAMPP\htdocs\CI-4\system\BaseModel.php(584): CodeIgniter\Model->doFindAll(0, 0)
#4 D:\XAMPP\htdocs\CI-4\app\Controllers\Home.php(10): CodeIgniter\BaseModel->findAll()
#5 D:\XAMPP\htdocs\CI-4\system\CodeIgniter.php(825): App\Controllers\Home->index()
#6 D:\XAMPP\htdocs\CI-4\system\CodeIgniter.php(412): CodeIgniter\CodeIgniter->runController(Object(App\Controllers\Home))
#7 D:\XAMPP\htdocs\CI-4\system\CodeIgniter.php(320): CodeIgniter\CodeIgniter->handleRequest(NULL, Object(Config\Cache), false)
#8 D:\XAMPP\htdocs\CI-4\public\index.php(37): CodeIgniter\CodeIgniter->run()
#9 {main}
ERROR - 2022-03-20 06:08:48 --> Error connecting to the database: Unknown database 'codeigniter_authentication'
CRITICAL - 2022-03-20 06:08:48 --> Unable to connect to the database.
Main connection [MySQLi]: Unknown database 'codeigniter_authentication'
#0 D:\XAMPP\htdocs\CI-4\system\Database\BaseConnection.php(577): CodeIgniter\Database\BaseConnection->initialize()
#1 D:\XAMPP\htdocs\CI-4\system\Database\BaseBuilder.php(1455): CodeIgniter\Database\BaseConnection->query('SELECT *\nFROM `...', Array, false)
#2 D:\XAMPP\htdocs\CI-4\system\Model.php(183): CodeIgniter\Database\BaseBuilder->get()
#3 D:\XAMPP\htdocs\CI-4\system\BaseModel.php(584): CodeIgniter\Model->doFindAll(0, 0)
#4 D:\XAMPP\htdocs\CI-4\app\Controllers\Home.php(10): CodeIgniter\BaseModel->findAll()
#5 D:\XAMPP\htdocs\CI-4\system\CodeIgniter.php(825): App\Controllers\Home->index()
#6 D:\XAMPP\htdocs\CI-4\system\CodeIgniter.php(412): CodeIgniter\CodeIgniter->runController(Object(App\Controllers\Home))
#7 D:\XAMPP\htdocs\CI-4\system\CodeIgniter.php(320): CodeIgniter\CodeIgniter->handleRequest(NULL, Object(Config\Cache), false)
#8 D:\XAMPP\htdocs\CI-4\public\index.php(37): CodeIgniter\CodeIgniter->run()
#9 {main}
ERROR - 2022-03-20 06:08:49 --> Error connecting to the database: Unknown database 'codeigniter_authentication'
CRITICAL - 2022-03-20 06:08:49 --> Unable to connect to the database.
Main connection [MySQLi]: Unknown database 'codeigniter_authentication'
#0 D:\XAMPP\htdocs\CI-4\system\Database\BaseConnection.php(577): CodeIgniter\Database\BaseConnection->initialize()
#1 D:\XAMPP\htdocs\CI-4\system\Database\BaseBuilder.php(1455): CodeIgniter\Database\BaseConnection->query('SELECT *\nFROM `...', Array, false)
#2 D:\XAMPP\htdocs\CI-4\system\Model.php(183): CodeIgniter\Database\BaseBuilder->get()
#3 D:\XAMPP\htdocs\CI-4\system\BaseModel.php(584): CodeIgniter\Model->doFindAll(0, 0)
#4 D:\XAMPP\htdocs\CI-4\app\Controllers\Home.php(10): CodeIgniter\BaseModel->findAll()
#5 D:\XAMPP\htdocs\CI-4\system\CodeIgniter.php(825): App\Controllers\Home->index()
#6 D:\XAMPP\htdocs\CI-4\system\CodeIgniter.php(412): CodeIgniter\CodeIgniter->runController(Object(App\Controllers\Home))
#7 D:\XAMPP\htdocs\CI-4\system\CodeIgniter.php(320): CodeIgniter\CodeIgniter->handleRequest(NULL, Object(Config\Cache), false)
#8 D:\XAMPP\htdocs\CI-4\public\index.php(37): CodeIgniter\CodeIgniter->run()
#9 {main}
ERROR - 2022-03-20 06:08:51 --> Error connecting to the database: Unknown database 'codeigniter_authentication'
CRITICAL - 2022-03-20 06:08:51 --> Unable to connect to the database.
Main connection [MySQLi]: Unknown database 'codeigniter_authentication'
#0 D:\XAMPP\htdocs\CI-4\system\Database\BaseConnection.php(577): CodeIgniter\Database\BaseConnection->initialize()
#1 D:\XAMPP\htdocs\CI-4\system\Database\BaseBuilder.php(1455): CodeIgniter\Database\BaseConnection->query('SELECT *\nFROM `...', Array, false)
#2 D:\XAMPP\htdocs\CI-4\system\Model.php(183): CodeIgniter\Database\BaseBuilder->get()
#3 D:\XAMPP\htdocs\CI-4\system\BaseModel.php(584): CodeIgniter\Model->doFindAll(0, 0)
#4 D:\XAMPP\htdocs\CI-4\app\Controllers\Home.php(10): CodeIgniter\BaseModel->findAll()
#5 D:\XAMPP\htdocs\CI-4\system\CodeIgniter.php(825): App\Controllers\Home->index()
#6 D:\XAMPP\htdocs\CI-4\system\CodeIgniter.php(412): CodeIgniter\CodeIgniter->runController(Object(App\Controllers\Home))
#7 D:\XAMPP\htdocs\CI-4\system\CodeIgniter.php(320): CodeIgniter\CodeIgniter->handleRequest(NULL, Object(Config\Cache), false)
#8 D:\XAMPP\htdocs\CI-4\public\index.php(37): CodeIgniter\CodeIgniter->run()
#9 {main}
CRITICAL - 2022-03-20 06:26:58 -->  route cannot be found while reverse-routing.
#0 D:\XAMPP\htdocs\CI-4\system\HTTP\RedirectResponse.php(56): CodeIgniter\HTTP\Exceptions\HTTPException::forInvalidRedirectRoute('')
#1 D:\XAMPP\htdocs\CI-4\system\Common.php(832): CodeIgniter\HTTP\RedirectResponse->route(false)
#2 D:\XAMPP\htdocs\CI-4\app\Controllers\login.php(34): redirect('/Home/index')
#3 D:\XAMPP\htdocs\CI-4\system\CodeIgniter.php(825): App\Controllers\login->readdb()
#4 D:\XAMPP\htdocs\CI-4\system\CodeIgniter.php(412): CodeIgniter\CodeIgniter->runController(Object(App\Controllers\login))
#5 D:\XAMPP\htdocs\CI-4\system\CodeIgniter.php(320): CodeIgniter\CodeIgniter->handleRequest(NULL, Object(Config\Cache), false)
#6 D:\XAMPP\htdocs\CI-4\public\index.php(37): CodeIgniter\CodeIgniter->run()
#7 {main}
ERROR - 2022-03-20 08:17:08 --> Unknown column 'loginname' in 'field list'
CRITICAL - 2022-03-20 08:17:08 --> Unknown column 'loginname' in 'field list'
#0 D:\XAMPP\htdocs\CI-4\system\Database\MySQLi\Connection.php(292): mysqli->query('INSERT INTO `us...', 0)
#1 D:\XAMPP\htdocs\CI-4\system\Database\BaseConnection.php(670): CodeIgniter\Database\MySQLi\Connection->execute('INSERT INTO `us...')
#2 D:\XAMPP\htdocs\CI-4\system\Database\BaseConnection.php(598): CodeIgniter\Database\BaseConnection->simpleQuery('INSERT INTO `us...')
#3 D:\XAMPP\htdocs\CI-4\system\Database\BaseBuilder.php(1771): CodeIgniter\Database\BaseConnection->query('INSERT INTO `us...', Array, false)
#4 D:\XAMPP\htdocs\CI-4\system\Model.php(239): CodeIgniter\Database\BaseBuilder->insert()
#5 D:\XAMPP\htdocs\CI-4\system\BaseModel.php(738): CodeIgniter\Model->doInsert(Array)
#6 D:\XAMPP\htdocs\CI-4\system\Model.php(625): CodeIgniter\BaseModel->insert(Array, true)
#7 D:\XAMPP\htdocs\CI-4\app\Controllers\register.php(20): CodeIgniter\Model->insert(Object(App\Entities\empl))
#8 D:\XAMPP\htdocs\CI-4\system\CodeIgniter.php(825): App\Controllers\register->writedb()
#9 D:\XAMPP\htdocs\CI-4\system\CodeIgniter.php(412): CodeIgniter\CodeIgniter->runController(Object(App\Controllers\register))
#10 D:\XAMPP\htdocs\CI-4\system\CodeIgniter.php(320): CodeIgniter\CodeIgniter->handleRequest(NULL, Object(Config\Cache), false)
#11 D:\XAMPP\htdocs\CI-4\public\index.php(37): CodeIgniter\CodeIgniter->run()
#12 {main}
ERROR - 2022-03-20 10:13:26 --> Unknown column 'loginname' in 'where clause'
CRITICAL - 2022-03-20 10:13:26 --> Unknown column 'loginname' in 'where clause'
#0 D:\XAMPP\htdocs\CI-4\system\Database\MySQLi\Connection.php(292): mysqli->query('SELECT *\nFROM `...', 0)
#1 D:\XAMPP\htdocs\CI-4\system\Database\BaseConnection.php(670): CodeIgniter\Database\MySQLi\Connection->execute('SELECT *\nFROM `...')
#2 D:\XAMPP\htdocs\CI-4\system\Database\BaseConnection.php(598): CodeIgniter\Database\BaseConnection->simpleQuery('SELECT *\nFROM `...')
#3 D:\XAMPP\htdocs\CI-4\system\Database\BaseBuilder.php(1455): CodeIgniter\Database\BaseConnection->query('SELECT *\nFROM `...', Array, false)
#4 D:\XAMPP\htdocs\CI-4\system\Model.php(210): CodeIgniter\Database\BaseBuilder->get()
#5 D:\XAMPP\htdocs\CI-4\system\BaseModel.php(622): CodeIgniter\Model->doFirst()
#6 D:\XAMPP\htdocs\CI-4\app\Controllers\login.php(17): CodeIgniter\BaseModel->first()
#7 D:\XAMPP\htdocs\CI-4\system\CodeIgniter.php(825): App\Controllers\login->readdb()
#8 D:\XAMPP\htdocs\CI-4\system\CodeIgniter.php(412): CodeIgniter\CodeIgniter->runController(Object(App\Controllers\login))
#9 D:\XAMPP\htdocs\CI-4\system\CodeIgniter.php(320): CodeIgniter\CodeIgniter->handleRequest(NULL, Object(Config\Cache), false)
#10 D:\XAMPP\htdocs\CI-4\public\index.php(37): CodeIgniter\CodeIgniter->run()
#11 {main}
CRITICAL - 2022-03-20 10:15:16 -->  route cannot be found while reverse-routing.
#0 D:\XAMPP\htdocs\CI-4\system\HTTP\RedirectResponse.php(56): CodeIgniter\HTTP\Exceptions\HTTPException::forInvalidRedirectRoute('')
#1 D:\XAMPP\htdocs\CI-4\system\Common.php(832): CodeIgniter\HTTP\RedirectResponse->route(false)
#2 D:\XAMPP\htdocs\CI-4\app\Controllers\login.php(34): redirect('/Home/index')
#3 D:\XAMPP\htdocs\CI-4\system\CodeIgniter.php(825): App\Controllers\login->readdb()
#4 D:\XAMPP\htdocs\CI-4\system\CodeIgniter.php(412): CodeIgniter\CodeIgniter->runController(Object(App\Controllers\login))
#5 D:\XAMPP\htdocs\CI-4\system\CodeIgniter.php(320): CodeIgniter\CodeIgniter->handleRequest(NULL, Object(Config\Cache), false)
#6 D:\XAMPP\htdocs\CI-4\public\index.php(37): CodeIgniter\CodeIgniter->run()
#7 {main}
CRITICAL - 2022-03-20 10:16:18 -->  route cannot be found while reverse-routing.
#0 D:\XAMPP\htdocs\CI-4\system\HTTP\RedirectResponse.php(56): CodeIgniter\HTTP\Exceptions\HTTPException::forInvalidRedirectRoute('')
#1 D:\XAMPP\htdocs\CI-4\system\Common.php(832): CodeIgniter\HTTP\RedirectResponse->route(false)
#2 D:\XAMPP\htdocs\CI-4\app\Controllers\login.php(34): redirect('/Home/index')
#3 D:\XAMPP\htdocs\CI-4\system\CodeIgniter.php(825): App\Controllers\login->readdb()
#4 D:\XAMPP\htdocs\CI-4\system\CodeIgniter.php(412): CodeIgniter\CodeIgniter->runController(Object(App\Controllers\login))
#5 D:\XAMPP\htdocs\CI-4\system\CodeIgniter.php(320): CodeIgniter\CodeIgniter->handleRequest(NULL, Object(Config\Cache), false)
#6 D:\XAMPP\htdocs\CI-4\public\index.php(37): CodeIgniter\CodeIgniter->run()
#7 {main}
CRITICAL - 2022-03-20 10:20:39 -->  route cannot be found while reverse-routing.
#0 D:\XAMPP\htdocs\CI-4\system\HTTP\RedirectResponse.php(56): CodeIgniter\HTTP\Exceptions\HTTPException::forInvalidRedirectRoute('')
#1 D:\XAMPP\htdocs\CI-4\system\Common.php(832): CodeIgniter\HTTP\RedirectResponse->route(false)
#2 D:\XAMPP\htdocs\CI-4\app\Controllers\login.php(34): redirect('/Home/index')
#3 D:\XAMPP\htdocs\CI-4\system\CodeIgniter.php(825): App\Controllers\login->readdb()
#4 D:\XAMPP\htdocs\CI-4\system\CodeIgniter.php(412): CodeIgniter\CodeIgniter->runController(Object(App\Controllers\login))
#5 D:\XAMPP\htdocs\CI-4\system\CodeIgniter.php(320): CodeIgniter\CodeIgniter->handleRequest(NULL, Object(Config\Cache), false)
#6 D:\XAMPP\htdocs\CI-4\public\index.php(37): CodeIgniter\CodeIgniter->run()
#7 {main}
CRITICAL - 2022-03-20 10:20:47 -->  route cannot be found while reverse-routing.
#0 D:\XAMPP\htdocs\CI-4\system\HTTP\RedirectResponse.php(56): CodeIgniter\HTTP\Exceptions\HTTPException::forInvalidRedirectRoute('')
#1 D:\XAMPP\htdocs\CI-4\system\Common.php(832): CodeIgniter\HTTP\RedirectResponse->route(false)
#2 D:\XAMPP\htdocs\CI-4\app\Controllers\login.php(34): redirect('/Home/index')
#3 D:\XAMPP\htdocs\CI-4\system\CodeIgniter.php(825): App\Controllers\login->readdb()
#4 D:\XAMPP\htdocs\CI-4\system\CodeIgniter.php(412): CodeIgniter\CodeIgniter->runController(Object(App\Controllers\login))
#5 D:\XAMPP\htdocs\CI-4\system\CodeIgniter.php(320): CodeIgniter\CodeIgniter->handleRequest(NULL, Object(Config\Cache), false)
#6 D:\XAMPP\htdocs\CI-4\public\index.php(37): CodeIgniter\CodeIgniter->run()
#7 {main}
CRITICAL - 2022-03-20 11:50:43 --> password_hash(): Passing null to parameter #1 ($password) of type string is deprecated
#0 [internal function]: CodeIgniter\Debug\Exceptions->errorHandler(8192, 'password_hash()...', 'D:\\XAMPP\\htdocs...', 16)
#1 D:\XAMPP\htdocs\CI-4\app\Controllers\practition.php(16): password_hash(NULL, '2y')
#2 D:\XAMPP\htdocs\CI-4\system\CodeIgniter.php(825): App\Controllers\practition->writedb()
#3 D:\XAMPP\htdocs\CI-4\system\CodeIgniter.php(412): CodeIgniter\CodeIgniter->runController(Object(App\Controllers\practition))
#4 D:\XAMPP\htdocs\CI-4\system\CodeIgniter.php(320): CodeIgniter\CodeIgniter->handleRequest(NULL, Object(Config\Cache), false)
#5 D:\XAMPP\htdocs\CI-4\public\index.php(37): CodeIgniter\CodeIgniter->run()
#6 {main}
CRITICAL - 2022-03-20 11:52:00 -->  route cannot be found while reverse-routing.
#0 D:\XAMPP\htdocs\CI-4\system\HTTP\RedirectResponse.php(56): CodeIgniter\HTTP\Exceptions\HTTPException::forInvalidRedirectRoute('')
#1 D:\XAMPP\htdocs\CI-4\system\Common.php(832): CodeIgniter\HTTP\RedirectResponse->route(false)
#2 D:\XAMPP\htdocs\CI-4\app\Controllers\login.php(34): redirect('/Home/index')
#3 D:\XAMPP\htdocs\CI-4\system\CodeIgniter.php(825): App\Controllers\login->readdb()
#4 D:\XAMPP\htdocs\CI-4\system\CodeIgniter.php(412): CodeIgniter\CodeIgniter->runController(Object(App\Controllers\login))
#5 D:\XAMPP\htdocs\CI-4\system\CodeIgniter.php(320): CodeIgniter\CodeIgniter->handleRequest(NULL, Object(Config\Cache), false)
#6 D:\XAMPP\htdocs\CI-4\public\index.php(37): CodeIgniter\CodeIgniter->run()
#7 {main}
CRITICAL - 2022-03-20 11:53:31 --> CodeIgniter\HTTP\Request::fetchGlobal(): Argument #3 ($filter) must be of type ?int, string given, called in D:\XAMPP\htdocs\CI-4\system\HTTP\IncomingRequest.php on line 602
#0 D:\XAMPP\htdocs\CI-4\system\HTTP\IncomingRequest.php(602): CodeIgniter\HTTP\Request->fetchGlobal('post', 'pwd', 'password', NULL)
#1 D:\XAMPP\htdocs\CI-4\app\Controllers\login.php(15): CodeIgniter\HTTP\IncomingRequest->getPost('pwd', 'password')
#2 D:\XAMPP\htdocs\CI-4\system\CodeIgniter.php(825): App\Controllers\login->readdb()
#3 D:\XAMPP\htdocs\CI-4\system\CodeIgniter.php(412): CodeIgniter\CodeIgniter->runController(Object(App\Controllers\login))
#4 D:\XAMPP\htdocs\CI-4\system\CodeIgniter.php(320): CodeIgniter\CodeIgniter->handleRequest(NULL, Object(Config\Cache), false)
#5 D:\XAMPP\htdocs\CI-4\public\index.php(37): CodeIgniter\CodeIgniter->run()
#6 {main}
CRITICAL - 2022-03-20 11:53:45 --> CodeIgniter\HTTP\Request::fetchGlobal(): Argument #3 ($filter) must be of type ?int, string given, called in D:\XAMPP\htdocs\CI-4\system\HTTP\IncomingRequest.php on line 602
#0 D:\XAMPP\htdocs\CI-4\system\HTTP\IncomingRequest.php(602): CodeIgniter\HTTP\Request->fetchGlobal('post', 'pwd', 'password', NULL)
#1 D:\XAMPP\htdocs\CI-4\app\Controllers\login.php(15): CodeIgniter\HTTP\IncomingRequest->getPost('pwd', 'password')
#2 D:\XAMPP\htdocs\CI-4\system\CodeIgniter.php(825): App\Controllers\login->readdb()
#3 D:\XAMPP\htdocs\CI-4\system\CodeIgniter.php(412): CodeIgniter\CodeIgniter->runController(Object(App\Controllers\login))
#4 D:\XAMPP\htdocs\CI-4\system\CodeIgniter.php(320): CodeIgniter\CodeIgniter->handleRequest(NULL, Object(Config\Cache), false)
#5 D:\XAMPP\htdocs\CI-4\public\index.php(37): CodeIgniter\CodeIgniter->run()
#6 {main}
CRITICAL - 2022-03-20 12:14:07 --> password_hash(): Passing null to parameter #1 ($password) of type string is deprecated
#0 [internal function]: CodeIgniter\Debug\Exceptions->errorHandler(8192, 'password_hash()...', 'D:\\XAMPP\\htdocs...', 16)
#1 D:\XAMPP\htdocs\CI-4\app\Controllers\practition.php(16): password_hash(NULL, '2y')
#2 D:\XAMPP\htdocs\CI-4\system\CodeIgniter.php(825): App\Controllers\practition->writedb()
#3 D:\XAMPP\htdocs\CI-4\system\CodeIgniter.php(412): CodeIgniter\CodeIgniter->runController(Object(App\Controllers\practition))
#4 D:\XAMPP\htdocs\CI-4\system\CodeIgniter.php(320): CodeIgniter\CodeIgniter->handleRequest(NULL, Object(Config\Cache), false)
#5 D:\XAMPP\htdocs\CI-4\public\index.php(37): CodeIgniter\CodeIgniter->run()
#6 {main}
CRITICAL - 2022-03-20 12:15:15 --> password_hash(): Passing null to parameter #1 ($password) of type string is deprecated
#0 [internal function]: CodeIgniter\Debug\Exceptions->errorHandler(8192, 'password_hash()...', 'D:\\XAMPP\\htdocs...', 16)
#1 D:\XAMPP\htdocs\CI-4\app\Controllers\register.php(16): password_hash(NULL, '2y')
#2 D:\XAMPP\htdocs\CI-4\system\CodeIgniter.php(825): App\Controllers\register->writedb()
#3 D:\XAMPP\htdocs\CI-4\system\CodeIgniter.php(412): CodeIgniter\CodeIgniter->runController(Object(App\Controllers\register))
#4 D:\XAMPP\htdocs\CI-4\system\CodeIgniter.php(320): CodeIgniter\CodeIgniter->handleRequest(NULL, Object(Config\Cache), false)
#5 D:\XAMPP\htdocs\CI-4\public\index.php(37): CodeIgniter\CodeIgniter->run()
#6 {main}
CRITICAL - 2022-03-20 12:17:41 --> password_hash(): Passing null to parameter #1 ($password) of type string is deprecated
#0 [internal function]: CodeIgniter\Debug\Exceptions->errorHandler(8192, 'password_hash()...', 'D:\\XAMPP\\htdocs...', 16)
#1 D:\XAMPP\htdocs\CI-4\app\Controllers\register.php(16): password_hash(NULL, '2y')
#2 D:\XAMPP\htdocs\CI-4\system\CodeIgniter.php(825): App\Controllers\register->writedb()
#3 D:\XAMPP\htdocs\CI-4\system\CodeIgniter.php(412): CodeIgniter\CodeIgniter->runController(Object(App\Controllers\register))
#4 D:\XAMPP\htdocs\CI-4\system\CodeIgniter.php(320): CodeIgniter\CodeIgniter->handleRequest(NULL, Object(Config\Cache), false)
#5 D:\XAMPP\htdocs\CI-4\public\index.php(37): CodeIgniter\CodeIgniter->run()
#6 {main}
CRITICAL - 2022-03-20 14:27:51 -->  route cannot be found while reverse-routing.
#0 C:\xampp\htdocs\CI-4\system\HTTP\RedirectResponse.php(56): CodeIgniter\HTTP\Exceptions\HTTPException::forInvalidRedirectRoute('')
#1 C:\xampp\htdocs\CI-4\system\Common.php(832): CodeIgniter\HTTP\RedirectResponse->route(false)
#2 C:\xampp\htdocs\CI-4\app\Controllers\login.php(34): redirect('/Home/index')
#3 C:\xampp\htdocs\CI-4\system\CodeIgniter.php(825): App\Controllers\login->readdb()
#4 C:\xampp\htdocs\CI-4\system\CodeIgniter.php(412): CodeIgniter\CodeIgniter->runController(Object(App\Controllers\login))
#5 C:\xampp\htdocs\CI-4\system\CodeIgniter.php(320): CodeIgniter\CodeIgniter->handleRequest(NULL, Object(Config\Cache), false)
#6 C:\xampp\htdocs\CI-4\public\index.php(37): CodeIgniter\CodeIgniter->run()
#7 {main}
CRITICAL - 2022-03-20 15:07:35 -->  route cannot be found while reverse-routing.
#0 C:\xampp\htdocs\CI-4\system\HTTP\RedirectResponse.php(56): CodeIgniter\HTTP\Exceptions\HTTPException::forInvalidRedirectRoute('')
#1 C:\xampp\htdocs\CI-4\system\Common.php(832): CodeIgniter\HTTP\RedirectResponse->route(false)
#2 C:\xampp\htdocs\CI-4\app\Controllers\login.php(34): redirect('/Home/index')
#3 C:\xampp\htdocs\CI-4\system\CodeIgniter.php(825): App\Controllers\login->readdb()
#4 C:\xampp\htdocs\CI-4\system\CodeIgniter.php(412): CodeIgniter\CodeIgniter->runController(Object(App\Controllers\login))
#5 C:\xampp\htdocs\CI-4\system\CodeIgniter.php(320): CodeIgniter\CodeIgniter->handleRequest(NULL, Object(Config\Cache), false)
#6 C:\xampp\htdocs\CI-4\public\index.php(37): CodeIgniter\CodeIgniter->run()
#7 {main}
CRITICAL - 2022-03-20 16:36:01 -->  route cannot be found while reverse-routing.
#0 D:\XAMPP\htdocs\CI-4\system\HTTP\RedirectResponse.php(56): CodeIgniter\HTTP\Exceptions\HTTPException::forInvalidRedirectRoute('')
#1 D:\XAMPP\htdocs\CI-4\system\Common.php(832): CodeIgniter\HTTP\RedirectResponse->route(false)
#2 D:\XAMPP\htdocs\CI-4\app\Controllers\login.php(34): redirect('/Home/index')
#3 D:\XAMPP\htdocs\CI-4\system\CodeIgniter.php(825): App\Controllers\login->readdb()
#4 D:\XAMPP\htdocs\CI-4\system\CodeIgniter.php(412): CodeIgniter\CodeIgniter->runController(Object(App\Controllers\login))
#5 D:\XAMPP\htdocs\CI-4\system\CodeIgniter.php(320): CodeIgniter\CodeIgniter->handleRequest(NULL, Object(Config\Cache), false)
#6 D:\XAMPP\htdocs\CI-4\public\index.php(37): CodeIgniter\CodeIgniter->run()
#7 {main}
CRITICAL - 2022-03-20 16:36:18 -->  route cannot be found while reverse-routing.
#0 D:\XAMPP\htdocs\CI-4\system\HTTP\RedirectResponse.php(56): CodeIgniter\HTTP\Exceptions\HTTPException::forInvalidRedirectRoute('')
#1 D:\XAMPP\htdocs\CI-4\system\Common.php(832): CodeIgniter\HTTP\RedirectResponse->route(false)
#2 D:\XAMPP\htdocs\CI-4\app\Controllers\login.php(34): redirect('/Home/index')
#3 D:\XAMPP\htdocs\CI-4\system\CodeIgniter.php(825): App\Controllers\login->readdb()
#4 D:\XAMPP\htdocs\CI-4\system\CodeIgniter.php(412): CodeIgniter\CodeIgniter->runController(Object(App\Controllers\login))
#5 D:\XAMPP\htdocs\CI-4\system\CodeIgniter.php(320): CodeIgniter\CodeIgniter->handleRequest(NULL, Object(Config\Cache), false)
#6 D:\XAMPP\htdocs\CI-4\public\index.php(37): CodeIgniter\CodeIgniter->run()
#7 {main}
CRITICAL - 2022-03-20 16:36:45 -->  route cannot be found while reverse-routing.
#0 D:\XAMPP\htdocs\CI-4\system\HTTP\RedirectResponse.php(56): CodeIgniter\HTTP\Exceptions\HTTPException::forInvalidRedirectRoute('')
#1 D:\XAMPP\htdocs\CI-4\system\Common.php(832): CodeIgniter\HTTP\RedirectResponse->route(false)
#2 D:\XAMPP\htdocs\CI-4\app\Controllers\login.php(34): redirect('/Home/index')
#3 D:\XAMPP\htdocs\CI-4\system\CodeIgniter.php(825): App\Controllers\login->readdb()
#4 D:\XAMPP\htdocs\CI-4\system\CodeIgniter.php(412): CodeIgniter\CodeIgniter->runController(Object(App\Controllers\login))
#5 D:\XAMPP\htdocs\CI-4\system\CodeIgniter.php(320): CodeIgniter\CodeIgniter->handleRequest(NULL, Object(Config\Cache), false)
#6 D:\XAMPP\htdocs\CI-4\public\index.php(37): CodeIgniter\CodeIgniter->run()
#7 {main}
CRITICAL - 2022-03-20 16:37:12 -->  route cannot be found while reverse-routing.
#0 D:\XAMPP\htdocs\CI-4\system\HTTP\RedirectResponse.php(56): CodeIgniter\HTTP\Exceptions\HTTPException::forInvalidRedirectRoute('')
#1 D:\XAMPP\htdocs\CI-4\system\Common.php(832): CodeIgniter\HTTP\RedirectResponse->route(false)
#2 D:\XAMPP\htdocs\CI-4\app\Controllers\login.php(34): redirect('/Home/index')
#3 D:\XAMPP\htdocs\CI-4\system\CodeIgniter.php(825): App\Controllers\login->readdb()
#4 D:\XAMPP\htdocs\CI-4\system\CodeIgniter.php(412): CodeIgniter\CodeIgniter->runController(Object(App\Controllers\login))
#5 D:\XAMPP\htdocs\CI-4\system\CodeIgniter.php(320): CodeIgniter\CodeIgniter->handleRequest(NULL, Object(Config\Cache), false)
#6 D:\XAMPP\htdocs\CI-4\public\index.php(37): CodeIgniter\CodeIgniter->run()
#7 {main}
CRITICAL - 2022-03-20 17:54:29 -->  route cannot be found while reverse-routing.
#0 D:\XAMPP\htdocs\CI-4\system\HTTP\RedirectResponse.php(56): CodeIgniter\HTTP\Exceptions\HTTPException::forInvalidRedirectRoute('')
#1 D:\XAMPP\htdocs\CI-4\system\Common.php(832): CodeIgniter\HTTP\RedirectResponse->route(false)
#2 D:\XAMPP\htdocs\CI-4\app\Controllers\login.php(34): redirect('/Home/index')
#3 D:\XAMPP\htdocs\CI-4\system\CodeIgniter.php(825): App\Controllers\login->readdb()
#4 D:\XAMPP\htdocs\CI-4\system\CodeIgniter.php(412): CodeIgniter\CodeIgniter->runController(Object(App\Controllers\login))
#5 D:\XAMPP\htdocs\CI-4\system\CodeIgniter.php(320): CodeIgniter\CodeIgniter->handleRequest(NULL, Object(Config\Cache), false)
#6 D:\XAMPP\htdocs\CI-4\public\index.php(37): CodeIgniter\CodeIgniter->run()
#7 {main}
