CRITICAL - 2022-04-07 01:49:42 --> Invalid file: PatientRegister/index.php
#0 C:\xampp\htdocs\CI-4\system\View\View.php(198): CodeIgniter\Exceptions\FrameworkException::forInvalidFile('PatientRegister...')
#1 C:\xampp\htdocs\CI-4\system\Common.php(1089): CodeIgniter\View\View->render('PatientRegister...', Array, true)
#2 C:\xampp\htdocs\CI-4\app\Controllers\register.php(32): view('PatientRegister...', Array)
#3 C:\xampp\htdocs\CI-4\system\CodeIgniter.php(825): App\Controllers\register->writedb()
#4 C:\xampp\htdocs\CI-4\system\CodeIgniter.php(412): CodeIgniter\CodeIgniter->runController(Object(App\Controllers\register))
#5 C:\xampp\htdocs\CI-4\system\CodeIgniter.php(320): CodeIgniter\CodeIgniter->handleRequest(NULL, Object(Config\Cache), false)
#6 C:\xampp\htdocs\CI-4\public\index.php(37): CodeIgniter\CodeIgniter->run()
#7 {main}
ERROR - 2022-04-07 01:55:58 --> Table 'test.patient' doesn't exist
CRITICAL - 2022-04-07 01:55:58 --> Table 'test.patient' doesn't exist
#0 C:\xampp\htdocs\CI-4\system\Database\MySQLi\Connection.php(292): mysqli->query('SELECT 1\nFROM `...', 0)
#1 C:\xampp\htdocs\CI-4\system\Database\BaseConnection.php(670): CodeIgniter\Database\MySQLi\Connection->execute('SELECT 1\nFROM `...')
#2 C:\xampp\htdocs\CI-4\system\Database\BaseConnection.php(598): CodeIgniter\Database\BaseConnection->simpleQuery('SELECT 1\nFROM `...')
#3 C:\xampp\htdocs\CI-4\system\Database\BaseBuilder.php(1455): CodeIgniter\Database\BaseConnection->query('SELECT 1\nFROM `...', Array, false)
#4 C:\xampp\htdocs\CI-4\system\Validation\Rules.php(142): CodeIgniter\Database\BaseBuilder->get()
#5 C:\xampp\htdocs\CI-4\system\Validation\Validation.php(292): CodeIgniter\Validation\Rules->is_unique('iqi@gmail.com', 'patient_email_a...', Array, NULL)
#6 C:\xampp\htdocs\CI-4\system\Validation\Validation.php(157): CodeIgniter\Validation\Validation->processRules('Email', 'Email', 'iqi@gmail.com', Array, Array)
#7 C:\xampp\htdocs\CI-4\system\Controller.php(160): CodeIgniter\Validation\Validation->run()
#8 C:\xampp\htdocs\CI-4\app\Controllers\register.php(19): CodeIgniter\Controller->validate(Array)
#9 C:\xampp\htdocs\CI-4\system\CodeIgniter.php(825): App\Controllers\register->writedb()
#10 C:\xampp\htdocs\CI-4\system\CodeIgniter.php(412): CodeIgniter\CodeIgniter->runController(Object(App\Controllers\register))
#11 C:\xampp\htdocs\CI-4\system\CodeIgniter.php(320): CodeIgniter\CodeIgniter->handleRequest(NULL, Object(Config\Cache), false)
#12 C:\xampp\htdocs\CI-4\public\index.php(37): CodeIgniter\CodeIgniter->run()
#13 {main}
CRITICAL - 2022-04-07 02:49:31 --> Constant expression contains invalid operations
#0 [internal function]: CodeIgniter\Debug\Exceptions->shutdownHandler()
#1 {main}
CRITICAL - 2022-04-07 02:50:04 --> Constant expression contains invalid operations
#0 [internal function]: CodeIgniter\Debug\Exceptions->shutdownHandler()
#1 {main}
CRITICAL - 2022-04-07 02:51:20 --> Constant expression contains invalid operations
#0 [internal function]: CodeIgniter\Debug\Exceptions->shutdownHandler()
#1 {main}
CRITICAL - 2022-04-07 02:58:41 --> Constant expression contains invalid operations
#0 [internal function]: CodeIgniter\Debug\Exceptions->shutdownHandler()
#1 {main}
