ERROR - 2022-04-27 03:00:51 --> You have an error in your SQL syntax; check the manual that corresponds to your MariaDB server version for the right syntax to use near '' at line 1
CRITICAL - 2022-04-27 03:00:51 --> You have an error in your SQL syntax; check the manual that corresponds to your MariaDB server version for the right syntax to use near '' at line 1
#0 C:\xampp\htdocs\Channeldoc.lk\system\Database\MySQLi\Connection.php(292): mysqli->query('SELECT * FROM d...', 0)
#1 C:\xampp\htdocs\Channeldoc.lk\system\Database\BaseConnection.php(670): CodeIgniter\Database\MySQLi\Connection->execute('SELECT * FROM d...')
#2 C:\xampp\htdocs\Channeldoc.lk\system\Database\BaseConnection.php(598): CodeIgniter\Database\BaseConnection->simpleQuery('SELECT * FROM d...')
#3 C:\xampp\htdocs\Channeldoc.lk\system\Model.php(726): CodeIgniter\Database\BaseConnection->query('SELECT * FROM d...')
#4 C:\xampp\htdocs\Channeldoc.lk\app\Views\doctordetails\index.php(89): CodeIgniter\Model->__call('query', Array)
#5 C:\xampp\htdocs\Channeldoc.lk\system\View\View.php(210): include('C:\\xampp\\htdocs...')
#6 C:\xampp\htdocs\Channeldoc.lk\system\View\View.php(213): CodeIgniter\View\View->CodeIgniter\View\{closure}()
#7 C:\xampp\htdocs\Channeldoc.lk\system\Common.php(1089): CodeIgniter\View\View->render('doctordetails/i...', Array, true)
#8 C:\xampp\htdocs\Channeldoc.lk\app\Controllers\Doctordetails.php(13): view('doctordetails/i...')
#9 C:\xampp\htdocs\Channeldoc.lk\system\CodeIgniter.php(825): App\Controllers\Doctordetails->index('4')
#10 C:\xampp\htdocs\Channeldoc.lk\system\CodeIgniter.php(412): CodeIgniter\CodeIgniter->runController(Object(App\Controllers\Doctordetails))
#11 C:\xampp\htdocs\Channeldoc.lk\system\CodeIgniter.php(320): CodeIgniter\CodeIgniter->handleRequest(NULL, Object(Config\Cache), false)
#12 C:\xampp\htdocs\Channeldoc.lk\public\index.php(37): CodeIgniter\CodeIgniter->run()
#13 {main}
ERROR - 2022-04-27 03:01:37 --> You have an error in your SQL syntax; check the manual that corresponds to your MariaDB server version for the right syntax to use near '' at line 1
CRITICAL - 2022-04-27 03:01:37 --> You have an error in your SQL syntax; check the manual that corresponds to your MariaDB server version for the right syntax to use near '' at line 1
#0 C:\xampp\htdocs\Channeldoc.lk\system\Database\MySQLi\Connection.php(292): mysqli->query('SELECT * FROM d...', 0)
#1 C:\xampp\htdocs\Channeldoc.lk\system\Database\BaseConnection.php(670): CodeIgniter\Database\MySQLi\Connection->execute('SELECT * FROM d...')
#2 C:\xampp\htdocs\Channeldoc.lk\system\Database\BaseConnection.php(598): CodeIgniter\Database\BaseConnection->simpleQuery('SELECT * FROM d...')
#3 C:\xampp\htdocs\Channeldoc.lk\system\Model.php(726): CodeIgniter\Database\BaseConnection->query('SELECT * FROM d...')
#4 C:\xampp\htdocs\Channeldoc.lk\app\Views\doctordetails\index.php(89): CodeIgniter\Model->__call('query', Array)
#5 C:\xampp\htdocs\Channeldoc.lk\system\View\View.php(210): include('C:\\xampp\\htdocs...')
#6 C:\xampp\htdocs\Channeldoc.lk\system\View\View.php(213): CodeIgniter\View\View->CodeIgniter\View\{closure}()
#7 C:\xampp\htdocs\Channeldoc.lk\system\Common.php(1089): CodeIgniter\View\View->render('doctordetails/i...', Array, true)
#8 C:\xampp\htdocs\Channeldoc.lk\app\Controllers\Doctordetails.php(13): view('doctordetails/i...')
#9 C:\xampp\htdocs\Channeldoc.lk\system\CodeIgniter.php(825): App\Controllers\Doctordetails->index('4')
#10 C:\xampp\htdocs\Channeldoc.lk\system\CodeIgniter.php(412): CodeIgniter\CodeIgniter->runController(Object(App\Controllers\Doctordetails))
#11 C:\xampp\htdocs\Channeldoc.lk\system\CodeIgniter.php(320): CodeIgniter\CodeIgniter->handleRequest(NULL, Object(Config\Cache), false)
#12 C:\xampp\htdocs\Channeldoc.lk\public\index.php(37): CodeIgniter\CodeIgniter->run()
#13 {main}
ERROR - 2022-04-27 03:02:03 --> You have an error in your SQL syntax; check the manual that corresponds to your MariaDB server version for the right syntax to use near '' at line 1
CRITICAL - 2022-04-27 03:02:03 --> You have an error in your SQL syntax; check the manual that corresponds to your MariaDB server version for the right syntax to use near '' at line 1
#0 C:\xampp\htdocs\Channeldoc.lk\system\Database\MySQLi\Connection.php(292): mysqli->query('SELECT * FROM d...', 0)
#1 C:\xampp\htdocs\Channeldoc.lk\system\Database\BaseConnection.php(670): CodeIgniter\Database\MySQLi\Connection->execute('SELECT * FROM d...')
#2 C:\xampp\htdocs\Channeldoc.lk\system\Database\BaseConnection.php(598): CodeIgniter\Database\BaseConnection->simpleQuery('SELECT * FROM d...')
#3 C:\xampp\htdocs\Channeldoc.lk\system\Model.php(726): CodeIgniter\Database\BaseConnection->query('SELECT * FROM d...')
#4 C:\xampp\htdocs\Channeldoc.lk\app\Views\doctordetails\index.php(89): CodeIgniter\Model->__call('query', Array)
#5 C:\xampp\htdocs\Channeldoc.lk\system\View\View.php(210): include('C:\\xampp\\htdocs...')
#6 C:\xampp\htdocs\Channeldoc.lk\system\View\View.php(213): CodeIgniter\View\View->CodeIgniter\View\{closure}()
#7 C:\xampp\htdocs\Channeldoc.lk\system\Common.php(1089): CodeIgniter\View\View->render('doctordetails/i...', Array, true)
#8 C:\xampp\htdocs\Channeldoc.lk\app\Controllers\Doctordetails.php(13): view('doctordetails/i...')
#9 C:\xampp\htdocs\Channeldoc.lk\system\CodeIgniter.php(825): App\Controllers\Doctordetails->index('4')
#10 C:\xampp\htdocs\Channeldoc.lk\system\CodeIgniter.php(412): CodeIgniter\CodeIgniter->runController(Object(App\Controllers\Doctordetails))
#11 C:\xampp\htdocs\Channeldoc.lk\system\CodeIgniter.php(320): CodeIgniter\CodeIgniter->handleRequest(NULL, Object(Config\Cache), false)
#12 C:\xampp\htdocs\Channeldoc.lk\public\index.php(37): CodeIgniter\CodeIgniter->run()
#13 {main}
ERROR - 2022-04-27 03:31:02 --> You have an error in your SQL syntax; check the manual that corresponds to your MariaDB server version for the right syntax to use near '' at line 1
CRITICAL - 2022-04-27 03:31:02 --> You have an error in your SQL syntax; check the manual that corresponds to your MariaDB server version for the right syntax to use near '' at line 1
#0 C:\xampp\htdocs\Channeldoc.lk\system\Database\MySQLi\Connection.php(292): mysqli->query('SELECT * FROM d...', 0)
#1 C:\xampp\htdocs\Channeldoc.lk\system\Database\BaseConnection.php(670): CodeIgniter\Database\MySQLi\Connection->execute('SELECT * FROM d...')
#2 C:\xampp\htdocs\Channeldoc.lk\system\Database\BaseConnection.php(598): CodeIgniter\Database\BaseConnection->simpleQuery('SELECT * FROM d...')
#3 C:\xampp\htdocs\Channeldoc.lk\system\Model.php(726): CodeIgniter\Database\BaseConnection->query('SELECT * FROM d...')
#4 C:\xampp\htdocs\Channeldoc.lk\app\Views\doctordetails\index.php(89): CodeIgniter\Model->__call('query', Array)
#5 C:\xampp\htdocs\Channeldoc.lk\system\View\View.php(210): include('C:\\xampp\\htdocs...')
#6 C:\xampp\htdocs\Channeldoc.lk\system\View\View.php(213): CodeIgniter\View\View->CodeIgniter\View\{closure}()
#7 C:\xampp\htdocs\Channeldoc.lk\system\Common.php(1089): CodeIgniter\View\View->render('doctordetails/i...', Array, true)
#8 C:\xampp\htdocs\Channeldoc.lk\app\Controllers\Doctordetails.php(13): view('doctordetails/i...')
#9 C:\xampp\htdocs\Channeldoc.lk\system\CodeIgniter.php(825): App\Controllers\Doctordetails->index('4')
#10 C:\xampp\htdocs\Channeldoc.lk\system\CodeIgniter.php(412): CodeIgniter\CodeIgniter->runController(Object(App\Controllers\Doctordetails))
#11 C:\xampp\htdocs\Channeldoc.lk\system\CodeIgniter.php(320): CodeIgniter\CodeIgniter->handleRequest(NULL, Object(Config\Cache), false)
#12 C:\xampp\htdocs\Channeldoc.lk\public\index.php(37): CodeIgniter\CodeIgniter->run()
#13 {main}
ERROR - 2022-04-27 03:34:44 --> You have an error in your SQL syntax; check the manual that corresponds to your MariaDB server version for the right syntax to use near '' at line 1
CRITICAL - 2022-04-27 03:34:44 --> You have an error in your SQL syntax; check the manual that corresponds to your MariaDB server version for the right syntax to use near '' at line 1
#0 C:\xampp\htdocs\Channeldoc.lk\system\Database\MySQLi\Connection.php(292): mysqli->query('SELECT * FROM d...', 0)
#1 C:\xampp\htdocs\Channeldoc.lk\system\Database\BaseConnection.php(670): CodeIgniter\Database\MySQLi\Connection->execute('SELECT * FROM d...')
#2 C:\xampp\htdocs\Channeldoc.lk\system\Database\BaseConnection.php(598): CodeIgniter\Database\BaseConnection->simpleQuery('SELECT * FROM d...')
#3 C:\xampp\htdocs\Channeldoc.lk\system\Model.php(726): CodeIgniter\Database\BaseConnection->query('SELECT * FROM d...')
#4 C:\xampp\htdocs\Channeldoc.lk\app\Views\doctordetails\index.php(89): CodeIgniter\Model->__call('query', Array)
#5 C:\xampp\htdocs\Channeldoc.lk\system\View\View.php(210): include('C:\\xampp\\htdocs...')
#6 C:\xampp\htdocs\Channeldoc.lk\system\View\View.php(213): CodeIgniter\View\View->CodeIgniter\View\{closure}()
#7 C:\xampp\htdocs\Channeldoc.lk\system\Common.php(1089): CodeIgniter\View\View->render('doctordetails/i...', Array, true)
#8 C:\xampp\htdocs\Channeldoc.lk\app\Controllers\Doctordetails.php(14): view('doctordetails/i...')
#9 C:\xampp\htdocs\Channeldoc.lk\system\CodeIgniter.php(825): App\Controllers\Doctordetails->index()
#10 C:\xampp\htdocs\Channeldoc.lk\system\CodeIgniter.php(412): CodeIgniter\CodeIgniter->runController(Object(App\Controllers\Doctordetails))
#11 C:\xampp\htdocs\Channeldoc.lk\system\CodeIgniter.php(320): CodeIgniter\CodeIgniter->handleRequest(NULL, Object(Config\Cache), false)
#12 C:\xampp\htdocs\Channeldoc.lk\public\index.php(37): CodeIgniter\CodeIgniter->run()
#13 {main}
ERROR - 2022-04-27 04:10:08 --> You have an error in your SQL syntax; check the manual that corresponds to your MariaDB server version for the right syntax to use near 'fname' at line 1
CRITICAL - 2022-04-27 04:10:08 --> You have an error in your SQL syntax; check the manual that corresponds to your MariaDB server version for the right syntax to use near 'fname' at line 1
#0 C:\xampp\htdocs\Channeldoc.lk\system\Database\MySQLi\Connection.php(292): mysqli->query('Insert into app...', 0)
#1 C:\xampp\htdocs\Channeldoc.lk\system\Database\BaseConnection.php(670): CodeIgniter\Database\MySQLi\Connection->execute('Insert into app...')
#2 C:\xampp\htdocs\Channeldoc.lk\system\Database\BaseConnection.php(598): CodeIgniter\Database\BaseConnection->simpleQuery('Insert into app...')
#3 C:\xampp\htdocs\Channeldoc.lk\system\Model.php(726): CodeIgniter\Database\BaseConnection->query('Insert into app...')
#4 C:\xampp\htdocs\Channeldoc.lk\app\Controllers\Search.php(27): CodeIgniter\Model->__call('query', Array)
#5 C:\xampp\htdocs\Channeldoc.lk\system\CodeIgniter.php(825): App\Controllers\Search->writedb()
#6 C:\xampp\htdocs\Channeldoc.lk\system\CodeIgniter.php(412): CodeIgniter\CodeIgniter->runController(Object(App\Controllers\Search))
#7 C:\xampp\htdocs\Channeldoc.lk\system\CodeIgniter.php(320): CodeIgniter\CodeIgniter->handleRequest(NULL, Object(Config\Cache), false)
#8 C:\xampp\htdocs\Channeldoc.lk\public\index.php(37): CodeIgniter\CodeIgniter->run()
#9 {main}
ERROR - 2022-04-27 04:11:43 --> You have an error in your SQL syntax; check the manual that corresponds to your MariaDB server version for the right syntax to use near '' at line 1
CRITICAL - 2022-04-27 04:11:43 --> You have an error in your SQL syntax; check the manual that corresponds to your MariaDB server version for the right syntax to use near '' at line 1
#0 C:\xampp\htdocs\Channeldoc.lk\system\Database\MySQLi\Connection.php(292): mysqli->query('SELECT * FROM d...', 0)
#1 C:\xampp\htdocs\Channeldoc.lk\system\Database\BaseConnection.php(670): CodeIgniter\Database\MySQLi\Connection->execute('SELECT * FROM d...')
#2 C:\xampp\htdocs\Channeldoc.lk\system\Database\BaseConnection.php(598): CodeIgniter\Database\BaseConnection->simpleQuery('SELECT * FROM d...')
#3 C:\xampp\htdocs\Channeldoc.lk\system\Model.php(726): CodeIgniter\Database\BaseConnection->query('SELECT * FROM d...')
#4 C:\xampp\htdocs\Channeldoc.lk\app\Views\channeling\index.php(145): CodeIgniter\Model->__call('query', Array)
#5 C:\xampp\htdocs\Channeldoc.lk\system\View\View.php(210): include('C:\\xampp\\htdocs...')
#6 C:\xampp\htdocs\Channeldoc.lk\system\View\View.php(213): CodeIgniter\View\View->CodeIgniter\View\{closure}()
#7 C:\xampp\htdocs\Channeldoc.lk\system\Common.php(1089): CodeIgniter\View\View->render('channeling/inde...', Array, true)
#8 C:\xampp\htdocs\Channeldoc.lk\app\Controllers\channeling.php(13): view('channeling/inde...')
#9 C:\xampp\htdocs\Channeldoc.lk\system\CodeIgniter.php(825): App\Controllers\channeling->index()
#10 C:\xampp\htdocs\Channeldoc.lk\system\CodeIgniter.php(412): CodeIgniter\CodeIgniter->runController(Object(App\Controllers\channeling))
#11 C:\xampp\htdocs\Channeldoc.lk\system\CodeIgniter.php(320): CodeIgniter\CodeIgniter->handleRequest(NULL, Object(Config\Cache), false)
#12 C:\xampp\htdocs\Channeldoc.lk\public\index.php(37): CodeIgniter\CodeIgniter->run()
#13 {main}
ERROR - 2022-04-27 04:11:57 --> You have an error in your SQL syntax; check the manual that corresponds to your MariaDB server version for the right syntax to use near '' at line 1
CRITICAL - 2022-04-27 04:11:57 --> You have an error in your SQL syntax; check the manual that corresponds to your MariaDB server version for the right syntax to use near '' at line 1
#0 C:\xampp\htdocs\Channeldoc.lk\system\Database\MySQLi\Connection.php(292): mysqli->query('SELECT * FROM d...', 0)
#1 C:\xampp\htdocs\Channeldoc.lk\system\Database\BaseConnection.php(670): CodeIgniter\Database\MySQLi\Connection->execute('SELECT * FROM d...')
#2 C:\xampp\htdocs\Channeldoc.lk\system\Database\BaseConnection.php(598): CodeIgniter\Database\BaseConnection->simpleQuery('SELECT * FROM d...')
#3 C:\xampp\htdocs\Channeldoc.lk\system\Model.php(726): CodeIgniter\Database\BaseConnection->query('SELECT * FROM d...')
#4 C:\xampp\htdocs\Channeldoc.lk\app\Views\doctordetails\index.php(87): CodeIgniter\Model->__call('query', Array)
#5 C:\xampp\htdocs\Channeldoc.lk\system\View\View.php(210): include('C:\\xampp\\htdocs...')
#6 C:\xampp\htdocs\Channeldoc.lk\system\View\View.php(213): CodeIgniter\View\View->CodeIgniter\View\{closure}()
#7 C:\xampp\htdocs\Channeldoc.lk\system\Common.php(1089): CodeIgniter\View\View->render('doctordetails/i...', Array, true)
#8 C:\xampp\htdocs\Channeldoc.lk\app\Controllers\Doctordetails.php(14): view('doctordetails/i...')
#9 C:\xampp\htdocs\Channeldoc.lk\system\CodeIgniter.php(825): App\Controllers\Doctordetails->index('4')
#10 C:\xampp\htdocs\Channeldoc.lk\system\CodeIgniter.php(412): CodeIgniter\CodeIgniter->runController(Object(App\Controllers\Doctordetails))
#11 C:\xampp\htdocs\Channeldoc.lk\system\CodeIgniter.php(320): CodeIgniter\CodeIgniter->handleRequest(NULL, Object(Config\Cache), false)
#12 C:\xampp\htdocs\Channeldoc.lk\public\index.php(37): CodeIgniter\CodeIgniter->run()
#13 {main}
ERROR - 2022-04-27 04:13:02 --> You have an error in your SQL syntax; check the manual that corresponds to your MariaDB server version for the right syntax to use near '' at line 1
CRITICAL - 2022-04-27 04:13:02 --> You have an error in your SQL syntax; check the manual that corresponds to your MariaDB server version for the right syntax to use near '' at line 1
#0 C:\xampp\htdocs\Channeldoc.lk\system\Database\MySQLi\Connection.php(292): mysqli->query('SELECT * FROM d...', 0)
#1 C:\xampp\htdocs\Channeldoc.lk\system\Database\BaseConnection.php(670): CodeIgniter\Database\MySQLi\Connection->execute('SELECT * FROM d...')
#2 C:\xampp\htdocs\Channeldoc.lk\system\Database\BaseConnection.php(598): CodeIgniter\Database\BaseConnection->simpleQuery('SELECT * FROM d...')
#3 C:\xampp\htdocs\Channeldoc.lk\system\Model.php(726): CodeIgniter\Database\BaseConnection->query('SELECT * FROM d...')
#4 C:\xampp\htdocs\Channeldoc.lk\app\Views\doctordetails\index.php(87): CodeIgniter\Model->__call('query', Array)
#5 C:\xampp\htdocs\Channeldoc.lk\system\View\View.php(210): include('C:\\xampp\\htdocs...')
#6 C:\xampp\htdocs\Channeldoc.lk\system\View\View.php(213): CodeIgniter\View\View->CodeIgniter\View\{closure}()
#7 C:\xampp\htdocs\Channeldoc.lk\system\Common.php(1089): CodeIgniter\View\View->render('doctordetails/i...', Array, true)
#8 C:\xampp\htdocs\Channeldoc.lk\app\Controllers\Doctordetails.php(14): view('doctordetails/i...')
#9 C:\xampp\htdocs\Channeldoc.lk\system\CodeIgniter.php(825): App\Controllers\Doctordetails->index('4')
#10 C:\xampp\htdocs\Channeldoc.lk\system\CodeIgniter.php(412): CodeIgniter\CodeIgniter->runController(Object(App\Controllers\Doctordetails))
#11 C:\xampp\htdocs\Channeldoc.lk\system\CodeIgniter.php(320): CodeIgniter\CodeIgniter->handleRequest(NULL, Object(Config\Cache), false)
#12 C:\xampp\htdocs\Channeldoc.lk\public\index.php(37): CodeIgniter\CodeIgniter->run()
#13 {main}
ERROR - 2022-04-27 04:15:21 --> You have an error in your SQL syntax; check the manual that corresponds to your MariaDB server version for the right syntax to use near '' at line 1
CRITICAL - 2022-04-27 04:15:21 --> You have an error in your SQL syntax; check the manual that corresponds to your MariaDB server version for the right syntax to use near '' at line 1
#0 C:\xampp\htdocs\Channeldoc.lk\system\Database\MySQLi\Connection.php(292): mysqli->query('SELECT * FROM d...', 0)
#1 C:\xampp\htdocs\Channeldoc.lk\system\Database\BaseConnection.php(670): CodeIgniter\Database\MySQLi\Connection->execute('SELECT * FROM d...')
#2 C:\xampp\htdocs\Channeldoc.lk\system\Database\BaseConnection.php(598): CodeIgniter\Database\BaseConnection->simpleQuery('SELECT * FROM d...')
#3 C:\xampp\htdocs\Channeldoc.lk\system\Model.php(726): CodeIgniter\Database\BaseConnection->query('SELECT * FROM d...')
#4 C:\xampp\htdocs\Channeldoc.lk\app\Views\doctordetails\index.php(87): CodeIgniter\Model->__call('query', Array)
#5 C:\xampp\htdocs\Channeldoc.lk\system\View\View.php(210): include('C:\\xampp\\htdocs...')
#6 C:\xampp\htdocs\Channeldoc.lk\system\View\View.php(213): CodeIgniter\View\View->CodeIgniter\View\{closure}()
#7 C:\xampp\htdocs\Channeldoc.lk\system\Common.php(1089): CodeIgniter\View\View->render('doctordetails/i...', Array, true)
#8 C:\xampp\htdocs\Channeldoc.lk\app\Controllers\Doctordetails.php(14): view('doctordetails/i...')
#9 C:\xampp\htdocs\Channeldoc.lk\system\CodeIgniter.php(825): App\Controllers\Doctordetails->index('4')
#10 C:\xampp\htdocs\Channeldoc.lk\system\CodeIgniter.php(412): CodeIgniter\CodeIgniter->runController(Object(App\Controllers\Doctordetails))
#11 C:\xampp\htdocs\Channeldoc.lk\system\CodeIgniter.php(320): CodeIgniter\CodeIgniter->handleRequest(NULL, Object(Config\Cache), false)
#12 C:\xampp\htdocs\Channeldoc.lk\public\index.php(37): CodeIgniter\CodeIgniter->run()
#13 {main}
ERROR - 2022-04-27 04:20:38 --> You have an error in your SQL syntax; check the manual that corresponds to your MariaDB server version for the right syntax to use near '' at line 1
CRITICAL - 2022-04-27 04:20:38 --> You have an error in your SQL syntax; check the manual that corresponds to your MariaDB server version for the right syntax to use near '' at line 1
#0 C:\xampp\htdocs\Channeldoc.lk\system\Database\MySQLi\Connection.php(292): mysqli->query('SELECT * FROM d...', 0)
#1 C:\xampp\htdocs\Channeldoc.lk\system\Database\BaseConnection.php(670): CodeIgniter\Database\MySQLi\Connection->execute('SELECT * FROM d...')
#2 C:\xampp\htdocs\Channeldoc.lk\system\Database\BaseConnection.php(598): CodeIgniter\Database\BaseConnection->simpleQuery('SELECT * FROM d...')
#3 C:\xampp\htdocs\Channeldoc.lk\system\Model.php(726): CodeIgniter\Database\BaseConnection->query('SELECT * FROM d...')
#4 C:\xampp\htdocs\Channeldoc.lk\app\Views\doctordetails\index.php(87): CodeIgniter\Model->__call('query', Array)
#5 C:\xampp\htdocs\Channeldoc.lk\system\View\View.php(210): include('C:\\xampp\\htdocs...')
#6 C:\xampp\htdocs\Channeldoc.lk\system\View\View.php(213): CodeIgniter\View\View->CodeIgniter\View\{closure}()
#7 C:\xampp\htdocs\Channeldoc.lk\system\Common.php(1089): CodeIgniter\View\View->render('doctordetails/i...', Array, true)
#8 C:\xampp\htdocs\Channeldoc.lk\app\Controllers\Doctordetails.php(14): view('doctordetails/i...')
#9 C:\xampp\htdocs\Channeldoc.lk\system\CodeIgniter.php(825): App\Controllers\Doctordetails->index('4')
#10 C:\xampp\htdocs\Channeldoc.lk\system\CodeIgniter.php(412): CodeIgniter\CodeIgniter->runController(Object(App\Controllers\Doctordetails))
#11 C:\xampp\htdocs\Channeldoc.lk\system\CodeIgniter.php(320): CodeIgniter\CodeIgniter->handleRequest(NULL, Object(Config\Cache), false)
#12 C:\xampp\htdocs\Channeldoc.lk\public\index.php(37): CodeIgniter\CodeIgniter->run()
#13 {main}
CRITICAL - 2022-04-27 04:44:05 --> Undefined variable $time
#0 C:\xampp\htdocs\Channeldoc.lk\app\Views\doctorProfile\index.php(240): CodeIgniter\Debug\Exceptions->errorHandler(2, 'Undefined varia...', 'C:\\xampp\\htdocs...', 240)
#1 C:\xampp\htdocs\Channeldoc.lk\system\View\View.php(210): include('C:\\xampp\\htdocs...')
#2 C:\xampp\htdocs\Channeldoc.lk\system\View\View.php(213): CodeIgniter\View\View->CodeIgniter\View\{closure}()
#3 C:\xampp\htdocs\Channeldoc.lk\system\Common.php(1089): CodeIgniter\View\View->render('doctorProfile/i...', Array, true)
#4 C:\xampp\htdocs\Channeldoc.lk\app\Controllers\doctorProfile.php(17): view('doctorProfile/i...')
#5 C:\xampp\htdocs\Channeldoc.lk\system\CodeIgniter.php(825): App\Controllers\doctorProfile->index()
#6 C:\xampp\htdocs\Channeldoc.lk\system\CodeIgniter.php(412): CodeIgniter\CodeIgniter->runController(Object(App\Controllers\doctorProfile))
#7 C:\xampp\htdocs\Channeldoc.lk\system\CodeIgniter.php(320): CodeIgniter\CodeIgniter->handleRequest(NULL, Object(Config\Cache), false)
#8 C:\xampp\htdocs\Channeldoc.lk\public\index.php(37): CodeIgniter\CodeIgniter->run()
#9 {main}
ERROR - 2022-04-27 09:17:33 --> You have an error in your SQL syntax; check the manual that corresponds to your MariaDB server version for the right syntax to use near '' at line 1
CRITICAL - 2022-04-27 09:17:33 --> You have an error in your SQL syntax; check the manual that corresponds to your MariaDB server version for the right syntax to use near '' at line 1
#0 C:\xampp\htdocs\Channeldoc.lk\system\Database\MySQLi\Connection.php(292): mysqli->query('SELECT * FROM d...', 0)
#1 C:\xampp\htdocs\Channeldoc.lk\system\Database\BaseConnection.php(670): CodeIgniter\Database\MySQLi\Connection->execute('SELECT * FROM d...')
#2 C:\xampp\htdocs\Channeldoc.lk\system\Database\BaseConnection.php(598): CodeIgniter\Database\BaseConnection->simpleQuery('SELECT * FROM d...')
#3 C:\xampp\htdocs\Channeldoc.lk\system\Model.php(726): CodeIgniter\Database\BaseConnection->query('SELECT * FROM d...')
#4 C:\xampp\htdocs\Channeldoc.lk\app\Views\doctordetails\index.php(87): CodeIgniter\Model->__call('query', Array)
#5 C:\xampp\htdocs\Channeldoc.lk\system\View\View.php(210): include('C:\\xampp\\htdocs...')
#6 C:\xampp\htdocs\Channeldoc.lk\system\View\View.php(213): CodeIgniter\View\View->CodeIgniter\View\{closure}()
#7 C:\xampp\htdocs\Channeldoc.lk\system\Common.php(1089): CodeIgniter\View\View->render('doctordetails/i...', Array, true)
#8 C:\xampp\htdocs\Channeldoc.lk\app\Controllers\Doctordetails.php(14): view('doctordetails/i...')
#9 C:\xampp\htdocs\Channeldoc.lk\system\CodeIgniter.php(825): App\Controllers\Doctordetails->index('4')
#10 C:\xampp\htdocs\Channeldoc.lk\system\CodeIgniter.php(412): CodeIgniter\CodeIgniter->runController(Object(App\Controllers\Doctordetails))
#11 C:\xampp\htdocs\Channeldoc.lk\system\CodeIgniter.php(320): CodeIgniter\CodeIgniter->handleRequest(NULL, Object(Config\Cache), false)
#12 C:\xampp\htdocs\Channeldoc.lk\public\index.php(37): CodeIgniter\CodeIgniter->run()
#13 {main}
ERROR - 2022-04-27 09:17:45 --> You have an error in your SQL syntax; check the manual that corresponds to your MariaDB server version for the right syntax to use near '' at line 1
CRITICAL - 2022-04-27 09:17:45 --> You have an error in your SQL syntax; check the manual that corresponds to your MariaDB server version for the right syntax to use near '' at line 1
#0 C:\xampp\htdocs\Channeldoc.lk\system\Database\MySQLi\Connection.php(292): mysqli->query('SELECT * FROM d...', 0)
#1 C:\xampp\htdocs\Channeldoc.lk\system\Database\BaseConnection.php(670): CodeIgniter\Database\MySQLi\Connection->execute('SELECT * FROM d...')
#2 C:\xampp\htdocs\Channeldoc.lk\system\Database\BaseConnection.php(598): CodeIgniter\Database\BaseConnection->simpleQuery('SELECT * FROM d...')
#3 C:\xampp\htdocs\Channeldoc.lk\system\Model.php(726): CodeIgniter\Database\BaseConnection->query('SELECT * FROM d...')
#4 C:\xampp\htdocs\Channeldoc.lk\app\Views\doctordetails\index.php(87): CodeIgniter\Model->__call('query', Array)
#5 C:\xampp\htdocs\Channeldoc.lk\system\View\View.php(210): include('C:\\xampp\\htdocs...')
#6 C:\xampp\htdocs\Channeldoc.lk\system\View\View.php(213): CodeIgniter\View\View->CodeIgniter\View\{closure}()
#7 C:\xampp\htdocs\Channeldoc.lk\system\Common.php(1089): CodeIgniter\View\View->render('doctordetails/i...', Array, true)
#8 C:\xampp\htdocs\Channeldoc.lk\app\Controllers\Doctordetails.php(14): view('doctordetails/i...')
#9 C:\xampp\htdocs\Channeldoc.lk\system\CodeIgniter.php(825): App\Controllers\Doctordetails->index('4')
#10 C:\xampp\htdocs\Channeldoc.lk\system\CodeIgniter.php(412): CodeIgniter\CodeIgniter->runController(Object(App\Controllers\Doctordetails))
#11 C:\xampp\htdocs\Channeldoc.lk\system\CodeIgniter.php(320): CodeIgniter\CodeIgniter->handleRequest(NULL, Object(Config\Cache), false)
#12 C:\xampp\htdocs\Channeldoc.lk\public\index.php(37): CodeIgniter\CodeIgniter->run()
#13 {main}
ERROR - 2022-04-27 09:17:51 --> You have an error in your SQL syntax; check the manual that corresponds to your MariaDB server version for the right syntax to use near '' at line 1
CRITICAL - 2022-04-27 09:17:51 --> You have an error in your SQL syntax; check the manual that corresponds to your MariaDB server version for the right syntax to use near '' at line 1
#0 C:\xampp\htdocs\Channeldoc.lk\system\Database\MySQLi\Connection.php(292): mysqli->query('SELECT * FROM d...', 0)
#1 C:\xampp\htdocs\Channeldoc.lk\system\Database\BaseConnection.php(670): CodeIgniter\Database\MySQLi\Connection->execute('SELECT * FROM d...')
#2 C:\xampp\htdocs\Channeldoc.lk\system\Database\BaseConnection.php(598): CodeIgniter\Database\BaseConnection->simpleQuery('SELECT * FROM d...')
#3 C:\xampp\htdocs\Channeldoc.lk\system\Model.php(726): CodeIgniter\Database\BaseConnection->query('SELECT * FROM d...')
#4 C:\xampp\htdocs\Channeldoc.lk\app\Views\doctordetails\index.php(87): CodeIgniter\Model->__call('query', Array)
#5 C:\xampp\htdocs\Channeldoc.lk\system\View\View.php(210): include('C:\\xampp\\htdocs...')
#6 C:\xampp\htdocs\Channeldoc.lk\system\View\View.php(213): CodeIgniter\View\View->CodeIgniter\View\{closure}()
#7 C:\xampp\htdocs\Channeldoc.lk\system\Common.php(1089): CodeIgniter\View\View->render('doctordetails/i...', Array, true)
#8 C:\xampp\htdocs\Channeldoc.lk\app\Controllers\Doctordetails.php(14): view('doctordetails/i...')
#9 C:\xampp\htdocs\Channeldoc.lk\system\CodeIgniter.php(825): App\Controllers\Doctordetails->index('4')
#10 C:\xampp\htdocs\Channeldoc.lk\system\CodeIgniter.php(412): CodeIgniter\CodeIgniter->runController(Object(App\Controllers\Doctordetails))
#11 C:\xampp\htdocs\Channeldoc.lk\system\CodeIgniter.php(320): CodeIgniter\CodeIgniter->handleRequest(NULL, Object(Config\Cache), false)
#12 C:\xampp\htdocs\Channeldoc.lk\public\index.php(37): CodeIgniter\CodeIgniter->run()
#13 {main}
ERROR - 2022-04-27 09:24:07 --> You have an error in your SQL syntax; check the manual that corresponds to your MariaDB server version for the right syntax to use near '' at line 1
CRITICAL - 2022-04-27 09:24:07 --> You have an error in your SQL syntax; check the manual that corresponds to your MariaDB server version for the right syntax to use near '' at line 1
#0 C:\xampp\htdocs\Channeldoc.lk\system\Database\MySQLi\Connection.php(292): mysqli->query('SELECT * FROM d...', 0)
#1 C:\xampp\htdocs\Channeldoc.lk\system\Database\BaseConnection.php(670): CodeIgniter\Database\MySQLi\Connection->execute('SELECT * FROM d...')
#2 C:\xampp\htdocs\Channeldoc.lk\system\Database\BaseConnection.php(598): CodeIgniter\Database\BaseConnection->simpleQuery('SELECT * FROM d...')
#3 C:\xampp\htdocs\Channeldoc.lk\system\Model.php(726): CodeIgniter\Database\BaseConnection->query('SELECT * FROM d...')
#4 C:\xampp\htdocs\Channeldoc.lk\app\Views\doctordetails\index.php(87): CodeIgniter\Model->__call('query', Array)
#5 C:\xampp\htdocs\Channeldoc.lk\system\View\View.php(210): include('C:\\xampp\\htdocs...')
#6 C:\xampp\htdocs\Channeldoc.lk\system\View\View.php(213): CodeIgniter\View\View->CodeIgniter\View\{closure}()
#7 C:\xampp\htdocs\Channeldoc.lk\system\Common.php(1089): CodeIgniter\View\View->render('doctordetails/i...', Array, true)
#8 C:\xampp\htdocs\Channeldoc.lk\app\Controllers\Doctordetails.php(14): view('doctordetails/i...')
#9 C:\xampp\htdocs\Channeldoc.lk\system\CodeIgniter.php(825): App\Controllers\Doctordetails->index('4')
#10 C:\xampp\htdocs\Channeldoc.lk\system\CodeIgniter.php(412): CodeIgniter\CodeIgniter->runController(Object(App\Controllers\Doctordetails))
#11 C:\xampp\htdocs\Channeldoc.lk\system\CodeIgniter.php(320): CodeIgniter\CodeIgniter->handleRequest(NULL, Object(Config\Cache), false)
#12 C:\xampp\htdocs\Channeldoc.lk\public\index.php(37): CodeIgniter\CodeIgniter->run()
#13 {main}
ERROR - 2022-04-27 09:24:12 --> You have an error in your SQL syntax; check the manual that corresponds to your MariaDB server version for the right syntax to use near '' at line 1
CRITICAL - 2022-04-27 09:24:12 --> You have an error in your SQL syntax; check the manual that corresponds to your MariaDB server version for the right syntax to use near '' at line 1
#0 C:\xampp\htdocs\Channeldoc.lk\system\Database\MySQLi\Connection.php(292): mysqli->query('SELECT * FROM d...', 0)
#1 C:\xampp\htdocs\Channeldoc.lk\system\Database\BaseConnection.php(670): CodeIgniter\Database\MySQLi\Connection->execute('SELECT * FROM d...')
#2 C:\xampp\htdocs\Channeldoc.lk\system\Database\BaseConnection.php(598): CodeIgniter\Database\BaseConnection->simpleQuery('SELECT * FROM d...')
#3 C:\xampp\htdocs\Channeldoc.lk\system\Model.php(726): CodeIgniter\Database\BaseConnection->query('SELECT * FROM d...')
#4 C:\xampp\htdocs\Channeldoc.lk\app\Views\doctordetails\index.php(87): CodeIgniter\Model->__call('query', Array)
#5 C:\xampp\htdocs\Channeldoc.lk\system\View\View.php(210): include('C:\\xampp\\htdocs...')
#6 C:\xampp\htdocs\Channeldoc.lk\system\View\View.php(213): CodeIgniter\View\View->CodeIgniter\View\{closure}()
#7 C:\xampp\htdocs\Channeldoc.lk\system\Common.php(1089): CodeIgniter\View\View->render('doctordetails/i...', Array, true)
#8 C:\xampp\htdocs\Channeldoc.lk\app\Controllers\Doctordetails.php(14): view('doctordetails/i...')
#9 C:\xampp\htdocs\Channeldoc.lk\system\CodeIgniter.php(825): App\Controllers\Doctordetails->index('10')
#10 C:\xampp\htdocs\Channeldoc.lk\system\CodeIgniter.php(412): CodeIgniter\CodeIgniter->runController(Object(App\Controllers\Doctordetails))
#11 C:\xampp\htdocs\Channeldoc.lk\system\CodeIgniter.php(320): CodeIgniter\CodeIgniter->handleRequest(NULL, Object(Config\Cache), false)
#12 C:\xampp\htdocs\Channeldoc.lk\public\index.php(37): CodeIgniter\CodeIgniter->run()
#13 {main}
ERROR - 2022-04-27 09:24:16 --> You have an error in your SQL syntax; check the manual that corresponds to your MariaDB server version for the right syntax to use near '' at line 1
CRITICAL - 2022-04-27 09:24:16 --> You have an error in your SQL syntax; check the manual that corresponds to your MariaDB server version for the right syntax to use near '' at line 1
#0 C:\xampp\htdocs\Channeldoc.lk\system\Database\MySQLi\Connection.php(292): mysqli->query('SELECT * FROM d...', 0)
#1 C:\xampp\htdocs\Channeldoc.lk\system\Database\BaseConnection.php(670): CodeIgniter\Database\MySQLi\Connection->execute('SELECT * FROM d...')
#2 C:\xampp\htdocs\Channeldoc.lk\system\Database\BaseConnection.php(598): CodeIgniter\Database\BaseConnection->simpleQuery('SELECT * FROM d...')
#3 C:\xampp\htdocs\Channeldoc.lk\system\Model.php(726): CodeIgniter\Database\BaseConnection->query('SELECT * FROM d...')
#4 C:\xampp\htdocs\Channeldoc.lk\app\Views\doctordetails\index.php(87): CodeIgniter\Model->__call('query', Array)
#5 C:\xampp\htdocs\Channeldoc.lk\system\View\View.php(210): include('C:\\xampp\\htdocs...')
#6 C:\xampp\htdocs\Channeldoc.lk\system\View\View.php(213): CodeIgniter\View\View->CodeIgniter\View\{closure}()
#7 C:\xampp\htdocs\Channeldoc.lk\system\Common.php(1089): CodeIgniter\View\View->render('doctordetails/i...', Array, true)
#8 C:\xampp\htdocs\Channeldoc.lk\app\Controllers\Doctordetails.php(14): view('doctordetails/i...')
#9 C:\xampp\htdocs\Channeldoc.lk\system\CodeIgniter.php(825): App\Controllers\Doctordetails->index('11')
#10 C:\xampp\htdocs\Channeldoc.lk\system\CodeIgniter.php(412): CodeIgniter\CodeIgniter->runController(Object(App\Controllers\Doctordetails))
#11 C:\xampp\htdocs\Channeldoc.lk\system\CodeIgniter.php(320): CodeIgniter\CodeIgniter->handleRequest(NULL, Object(Config\Cache), false)
#12 C:\xampp\htdocs\Channeldoc.lk\public\index.php(37): CodeIgniter\CodeIgniter->run()
#13 {main}
ERROR - 2022-04-27 09:24:59 --> You have an error in your SQL syntax; check the manual that corresponds to your MariaDB server version for the right syntax to use near '' at line 1
CRITICAL - 2022-04-27 09:24:59 --> You have an error in your SQL syntax; check the manual that corresponds to your MariaDB server version for the right syntax to use near '' at line 1
#0 C:\xampp\htdocs\Channeldoc.lk\system\Database\MySQLi\Connection.php(292): mysqli->query('SELECT * FROM d...', 0)
#1 C:\xampp\htdocs\Channeldoc.lk\system\Database\BaseConnection.php(670): CodeIgniter\Database\MySQLi\Connection->execute('SELECT * FROM d...')
#2 C:\xampp\htdocs\Channeldoc.lk\system\Database\BaseConnection.php(598): CodeIgniter\Database\BaseConnection->simpleQuery('SELECT * FROM d...')
#3 C:\xampp\htdocs\Channeldoc.lk\system\Model.php(726): CodeIgniter\Database\BaseConnection->query('SELECT * FROM d...')
#4 C:\xampp\htdocs\Channeldoc.lk\app\Views\doctordetails\index.php(87): CodeIgniter\Model->__call('query', Array)
#5 C:\xampp\htdocs\Channeldoc.lk\system\View\View.php(210): include('C:\\xampp\\htdocs...')
#6 C:\xampp\htdocs\Channeldoc.lk\system\View\View.php(213): CodeIgniter\View\View->CodeIgniter\View\{closure}()
#7 C:\xampp\htdocs\Channeldoc.lk\system\Common.php(1089): CodeIgniter\View\View->render('doctordetails/i...', Array, true)
#8 C:\xampp\htdocs\Channeldoc.lk\app\Controllers\Doctordetails.php(14): view('doctordetails/i...')
#9 C:\xampp\htdocs\Channeldoc.lk\system\CodeIgniter.php(825): App\Controllers\Doctordetails->index('5')
#10 C:\xampp\htdocs\Channeldoc.lk\system\CodeIgniter.php(412): CodeIgniter\CodeIgniter->runController(Object(App\Controllers\Doctordetails))
#11 C:\xampp\htdocs\Channeldoc.lk\system\CodeIgniter.php(320): CodeIgniter\CodeIgniter->handleRequest(NULL, Object(Config\Cache), false)
#12 C:\xampp\htdocs\Channeldoc.lk\public\index.php(37): CodeIgniter\CodeIgniter->run()
#13 {main}
ERROR - 2022-04-27 09:38:27 --> You have an error in your SQL syntax; check the manual that corresponds to your MariaDB server version for the right syntax to use near '' at line 1
CRITICAL - 2022-04-27 09:38:27 --> You have an error in your SQL syntax; check the manual that corresponds to your MariaDB server version for the right syntax to use near '' at line 1
#0 C:\xampp\htdocs\Channeldoc.lk\system\Database\MySQLi\Connection.php(292): mysqli->query('SELECT * FROM d...', 0)
#1 C:\xampp\htdocs\Channeldoc.lk\system\Database\BaseConnection.php(670): CodeIgniter\Database\MySQLi\Connection->execute('SELECT * FROM d...')
#2 C:\xampp\htdocs\Channeldoc.lk\system\Database\BaseConnection.php(598): CodeIgniter\Database\BaseConnection->simpleQuery('SELECT * FROM d...')
#3 C:\xampp\htdocs\Channeldoc.lk\system\Model.php(726): CodeIgniter\Database\BaseConnection->query('SELECT * FROM d...')
#4 C:\xampp\htdocs\Channeldoc.lk\app\Views\doctordetails\index.php(87): CodeIgniter\Model->__call('query', Array)
#5 C:\xampp\htdocs\Channeldoc.lk\system\View\View.php(210): include('C:\\xampp\\htdocs...')
#6 C:\xampp\htdocs\Channeldoc.lk\system\View\View.php(213): CodeIgniter\View\View->CodeIgniter\View\{closure}()
#7 C:\xampp\htdocs\Channeldoc.lk\system\Common.php(1089): CodeIgniter\View\View->render('doctordetails/i...', Array, true)
#8 C:\xampp\htdocs\Channeldoc.lk\app\Controllers\Doctordetails.php(14): view('doctordetails/i...')
#9 C:\xampp\htdocs\Channeldoc.lk\system\CodeIgniter.php(825): App\Controllers\Doctordetails->index('4')
#10 C:\xampp\htdocs\Channeldoc.lk\system\CodeIgniter.php(412): CodeIgniter\CodeIgniter->runController(Object(App\Controllers\Doctordetails))
#11 C:\xampp\htdocs\Channeldoc.lk\system\CodeIgniter.php(320): CodeIgniter\CodeIgniter->handleRequest(NULL, Object(Config\Cache), false)
#12 C:\xampp\htdocs\Channeldoc.lk\public\index.php(37): CodeIgniter\CodeIgniter->run()
#13 {main}
ERROR - 2022-04-27 09:46:38 --> You have an error in your SQL syntax; check the manual that corresponds to your MariaDB server version for the right syntax to use near '' at line 1
CRITICAL - 2022-04-27 09:46:38 --> You have an error in your SQL syntax; check the manual that corresponds to your MariaDB server version for the right syntax to use near '' at line 1
#0 C:\xampp\htdocs\Channeldoc.lk\system\Database\MySQLi\Connection.php(292): mysqli->query('SELECT * FROM d...', 0)
#1 C:\xampp\htdocs\Channeldoc.lk\system\Database\BaseConnection.php(670): CodeIgniter\Database\MySQLi\Connection->execute('SELECT * FROM d...')
#2 C:\xampp\htdocs\Channeldoc.lk\system\Database\BaseConnection.php(598): CodeIgniter\Database\BaseConnection->simpleQuery('SELECT * FROM d...')
#3 C:\xampp\htdocs\Channeldoc.lk\system\Model.php(726): CodeIgniter\Database\BaseConnection->query('SELECT * FROM d...')
#4 C:\xampp\htdocs\Channeldoc.lk\app\Views\doctordetails\index.php(87): CodeIgniter\Model->__call('query', Array)
#5 C:\xampp\htdocs\Channeldoc.lk\system\View\View.php(210): include('C:\\xampp\\htdocs...')
#6 C:\xampp\htdocs\Channeldoc.lk\system\View\View.php(213): CodeIgniter\View\View->CodeIgniter\View\{closure}()
#7 C:\xampp\htdocs\Channeldoc.lk\system\Common.php(1089): CodeIgniter\View\View->render('doctordetails/i...', Array, true)
#8 C:\xampp\htdocs\Channeldoc.lk\app\Controllers\Doctordetails.php(14): view('doctordetails/i...')
#9 C:\xampp\htdocs\Channeldoc.lk\system\CodeIgniter.php(825): App\Controllers\Doctordetails->index('4')
#10 C:\xampp\htdocs\Channeldoc.lk\system\CodeIgniter.php(412): CodeIgniter\CodeIgniter->runController(Object(App\Controllers\Doctordetails))
#11 C:\xampp\htdocs\Channeldoc.lk\system\CodeIgniter.php(320): CodeIgniter\CodeIgniter->handleRequest(NULL, Object(Config\Cache), false)
#12 C:\xampp\htdocs\Channeldoc.lk\public\index.php(37): CodeIgniter\CodeIgniter->run()
#13 {main}
ERROR - 2022-04-27 10:05:57 --> You have an error in your SQL syntax; check the manual that corresponds to your MariaDB server version for the right syntax to use near ') values(4, )
     where doctor_id = 4' at line 1
CRITICAL - 2022-04-27 10:05:57 --> You have an error in your SQL syntax; check the manual that corresponds to your MariaDB server version for the right syntax to use near ') values(4, )
     where doctor_id = 4' at line 1
#0 C:\xampp\htdocs\Channeldoc.lk\system\Database\MySQLi\Connection.php(292): mysqli->query('Insert into app...', 0)
#1 C:\xampp\htdocs\Channeldoc.lk\system\Database\BaseConnection.php(670): CodeIgniter\Database\MySQLi\Connection->execute('Insert into app...')
#2 C:\xampp\htdocs\Channeldoc.lk\system\Database\BaseConnection.php(598): CodeIgniter\Database\BaseConnection->simpleQuery('Insert into app...')
#3 C:\xampp\htdocs\Channeldoc.lk\system\Model.php(726): CodeIgniter\Database\BaseConnection->query('Insert into app...')
#4 C:\xampp\htdocs\Channeldoc.lk\app\Controllers\doctorProfile.php(144): CodeIgniter\Model->__call('query', Array)
#5 C:\xampp\htdocs\Channeldoc.lk\system\CodeIgniter.php(825): App\Controllers\doctorProfile->writedb()
#6 C:\xampp\htdocs\Channeldoc.lk\system\CodeIgniter.php(412): CodeIgniter\CodeIgniter->runController(Object(App\Controllers\doctorProfile))
#7 C:\xampp\htdocs\Channeldoc.lk\system\CodeIgniter.php(320): CodeIgniter\CodeIgniter->handleRequest(NULL, Object(Config\Cache), false)
#8 C:\xampp\htdocs\Channeldoc.lk\public\index.php(37): CodeIgniter\CodeIgniter->run()
#9 {main}
ERROR - 2022-04-27 10:06:11 --> You have an error in your SQL syntax; check the manual that corresponds to your MariaDB server version for the right syntax to use near ') values(4, )
     where doctor_id = 4' at line 1
CRITICAL - 2022-04-27 10:06:11 --> You have an error in your SQL syntax; check the manual that corresponds to your MariaDB server version for the right syntax to use near ') values(4, )
     where doctor_id = 4' at line 1
#0 C:\xampp\htdocs\Channeldoc.lk\system\Database\MySQLi\Connection.php(292): mysqli->query('Insert into app...', 0)
#1 C:\xampp\htdocs\Channeldoc.lk\system\Database\BaseConnection.php(670): CodeIgniter\Database\MySQLi\Connection->execute('Insert into app...')
#2 C:\xampp\htdocs\Channeldoc.lk\system\Database\BaseConnection.php(598): CodeIgniter\Database\BaseConnection->simpleQuery('Insert into app...')
#3 C:\xampp\htdocs\Channeldoc.lk\system\Model.php(726): CodeIgniter\Database\BaseConnection->query('Insert into app...')
#4 C:\xampp\htdocs\Channeldoc.lk\app\Controllers\doctorProfile.php(144): CodeIgniter\Model->__call('query', Array)
#5 C:\xampp\htdocs\Channeldoc.lk\system\CodeIgniter.php(825): App\Controllers\doctorProfile->writedb()
#6 C:\xampp\htdocs\Channeldoc.lk\system\CodeIgniter.php(412): CodeIgniter\CodeIgniter->runController(Object(App\Controllers\doctorProfile))
#7 C:\xampp\htdocs\Channeldoc.lk\system\CodeIgniter.php(320): CodeIgniter\CodeIgniter->handleRequest(NULL, Object(Config\Cache), false)
#8 C:\xampp\htdocs\Channeldoc.lk\public\index.php(37): CodeIgniter\CodeIgniter->run()
#9 {main}
ERROR - 2022-04-27 10:10:40 --> You have an error in your SQL syntax; check the manual that corresponds to your MariaDB server version for the right syntax to use near ') values(4, test)
     where doctor_id = 4' at line 1
CRITICAL - 2022-04-27 10:10:40 --> You have an error in your SQL syntax; check the manual that corresponds to your MariaDB server version for the right syntax to use near ') values(4, test)
     where doctor_id = 4' at line 1
#0 C:\xampp\htdocs\Channeldoc.lk\system\Database\MySQLi\Connection.php(292): mysqli->query('Insert into app...', 0)
#1 C:\xampp\htdocs\Channeldoc.lk\system\Database\BaseConnection.php(670): CodeIgniter\Database\MySQLi\Connection->execute('Insert into app...')
#2 C:\xampp\htdocs\Channeldoc.lk\system\Database\BaseConnection.php(598): CodeIgniter\Database\BaseConnection->simpleQuery('Insert into app...')
#3 C:\xampp\htdocs\Channeldoc.lk\system\Model.php(726): CodeIgniter\Database\BaseConnection->query('Insert into app...')
#4 C:\xampp\htdocs\Channeldoc.lk\app\Controllers\doctorProfile.php(144): CodeIgniter\Model->__call('query', Array)
#5 C:\xampp\htdocs\Channeldoc.lk\system\CodeIgniter.php(825): App\Controllers\doctorProfile->writedb()
#6 C:\xampp\htdocs\Channeldoc.lk\system\CodeIgniter.php(412): CodeIgniter\CodeIgniter->runController(Object(App\Controllers\doctorProfile))
#7 C:\xampp\htdocs\Channeldoc.lk\system\CodeIgniter.php(320): CodeIgniter\CodeIgniter->handleRequest(NULL, Object(Config\Cache), false)
#8 C:\xampp\htdocs\Channeldoc.lk\public\index.php(37): CodeIgniter\CodeIgniter->run()
#9 {main}
ERROR - 2022-04-27 10:10:57 --> You have an error in your SQL syntax; check the manual that corresponds to your MariaDB server version for the right syntax to use near ') values(4, test)
     where doctor_id = 4' at line 1
CRITICAL - 2022-04-27 10:10:57 --> You have an error in your SQL syntax; check the manual that corresponds to your MariaDB server version for the right syntax to use near ') values(4, test)
     where doctor_id = 4' at line 1
#0 C:\xampp\htdocs\Channeldoc.lk\system\Database\MySQLi\Connection.php(292): mysqli->query('Insert into app...', 0)
#1 C:\xampp\htdocs\Channeldoc.lk\system\Database\BaseConnection.php(670): CodeIgniter\Database\MySQLi\Connection->execute('Insert into app...')
#2 C:\xampp\htdocs\Channeldoc.lk\system\Database\BaseConnection.php(598): CodeIgniter\Database\BaseConnection->simpleQuery('Insert into app...')
#3 C:\xampp\htdocs\Channeldoc.lk\system\Model.php(726): CodeIgniter\Database\BaseConnection->query('Insert into app...')
#4 C:\xampp\htdocs\Channeldoc.lk\app\Controllers\doctorProfile.php(144): CodeIgniter\Model->__call('query', Array)
#5 C:\xampp\htdocs\Channeldoc.lk\system\CodeIgniter.php(825): App\Controllers\doctorProfile->writedb()
#6 C:\xampp\htdocs\Channeldoc.lk\system\CodeIgniter.php(412): CodeIgniter\CodeIgniter->runController(Object(App\Controllers\doctorProfile))
#7 C:\xampp\htdocs\Channeldoc.lk\system\CodeIgniter.php(320): CodeIgniter\CodeIgniter->handleRequest(NULL, Object(Config\Cache), false)
#8 C:\xampp\htdocs\Channeldoc.lk\public\index.php(37): CodeIgniter\CodeIgniter->run()
#9 {main}
ERROR - 2022-04-27 10:12:06 --> You have an error in your SQL syntax; check the manual that corresponds to your MariaDB server version for the right syntax to use near 'where doctor_id = 4' at line 2
CRITICAL - 2022-04-27 10:12:06 --> You have an error in your SQL syntax; check the manual that corresponds to your MariaDB server version for the right syntax to use near 'where doctor_id = 4' at line 2
#0 C:\xampp\htdocs\Channeldoc.lk\system\Database\MySQLi\Connection.php(292): mysqli->query('Insert into app...', 0)
#1 C:\xampp\htdocs\Channeldoc.lk\system\Database\BaseConnection.php(670): CodeIgniter\Database\MySQLi\Connection->execute('Insert into app...')
#2 C:\xampp\htdocs\Channeldoc.lk\system\Database\BaseConnection.php(598): CodeIgniter\Database\BaseConnection->simpleQuery('Insert into app...')
#3 C:\xampp\htdocs\Channeldoc.lk\system\Model.php(726): CodeIgniter\Database\BaseConnection->query('Insert into app...')
#4 C:\xampp\htdocs\Channeldoc.lk\app\Controllers\doctorProfile.php(144): CodeIgniter\Model->__call('query', Array)
#5 C:\xampp\htdocs\Channeldoc.lk\system\CodeIgniter.php(825): App\Controllers\doctorProfile->writedb()
#6 C:\xampp\htdocs\Channeldoc.lk\system\CodeIgniter.php(412): CodeIgniter\CodeIgniter->runController(Object(App\Controllers\doctorProfile))
#7 C:\xampp\htdocs\Channeldoc.lk\system\CodeIgniter.php(320): CodeIgniter\CodeIgniter->handleRequest(NULL, Object(Config\Cache), false)
#8 C:\xampp\htdocs\Channeldoc.lk\public\index.php(37): CodeIgniter\CodeIgniter->run()
#9 {main}
