ERROR - 2022-04-11 02:56:15 --> Unknown column 'id' in 'where clause'
CRITICAL - 2022-04-11 02:56:15 --> Unknown column 'id' in 'where clause'
#0 C:\xampp\htdocs\Channeldoc.lk\system\Database\MySQLi\Connection.php(292): mysqli->query('DELETE FROM `us...', 0)
#1 C:\xampp\htdocs\Channeldoc.lk\system\Database\BaseConnection.php(670): CodeIgniter\Database\MySQLi\Connection->execute('DELETE FROM `us...')
#2 C:\xampp\htdocs\Channeldoc.lk\system\Database\BaseConnection.php(598): CodeIgniter\Database\BaseConnection->simpleQuery('DELETE FROM `us...')
#3 C:\xampp\htdocs\Channeldoc.lk\system\Database\BaseBuilder.php(2225): CodeIgniter\Database\BaseConnection->query('DELETE FROM `us...', Array, false)
#4 C:\xampp\htdocs\Channeldoc.lk\system\Model.php(359): CodeIgniter\Database\BaseBuilder->delete()
#5 C:\xampp\htdocs\Channeldoc.lk\system\BaseModel.php(963): CodeIgniter\Model->doDelete(Array, false)
#6 C:\xampp\htdocs\Channeldoc.lk\app\Controllers\Admin.php(31): CodeIgniter\BaseModel->delete(Array)
#7 C:\xampp\htdocs\Channeldoc.lk\system\CodeIgniter.php(825): App\Controllers\Admin->deleteUser('21')
#8 C:\xampp\htdocs\Channeldoc.lk\system\CodeIgniter.php(412): CodeIgniter\CodeIgniter->runController(Object(App\Controllers\Admin))
#9 C:\xampp\htdocs\Channeldoc.lk\system\CodeIgniter.php(320): CodeIgniter\CodeIgniter->handleRequest(NULL, Object(Config\Cache), false)
#10 C:\xampp\htdocs\Channeldoc.lk\public\index.php(37): CodeIgniter\CodeIgniter->run()
#11 {main}
CRITICAL - 2022-04-11 02:58:37 --> syntax error, unexpected 'public' (T_PUBLIC)
#0 C:\xampp\htdocs\Channeldoc.lk\system\Router\Router.php(175): CodeIgniter\Router\Router->autoRoute('Admin/index')
#1 C:\xampp\htdocs\Channeldoc.lk\system\CodeIgniter.php(719): CodeIgniter\Router\Router->handle('Admin/index')
#2 C:\xampp\htdocs\Channeldoc.lk\system\CodeIgniter.php(361): CodeIgniter\CodeIgniter->tryToRouteIt(Object(CodeIgniter\Router\RouteCollection))
#3 C:\xampp\htdocs\Channeldoc.lk\system\CodeIgniter.php(320): CodeIgniter\CodeIgniter->handleRequest(NULL, Object(Config\Cache), false)
#4 C:\xampp\htdocs\Channeldoc.lk\public\index.php(37): CodeIgniter\CodeIgniter->run()
#5 {main}
CRITICAL - 2022-04-11 02:59:42 --> syntax error, unexpected end of file
#0 C:\xampp\htdocs\Channeldoc.lk\system\Router\Router.php(175): CodeIgniter\Router\Router->autoRoute('Admin/index')
#1 C:\xampp\htdocs\Channeldoc.lk\system\CodeIgniter.php(719): CodeIgniter\Router\Router->handle('Admin/index')
#2 C:\xampp\htdocs\Channeldoc.lk\system\CodeIgniter.php(361): CodeIgniter\CodeIgniter->tryToRouteIt(Object(CodeIgniter\Router\RouteCollection))
#3 C:\xampp\htdocs\Channeldoc.lk\system\CodeIgniter.php(320): CodeIgniter\CodeIgniter->handleRequest(NULL, Object(Config\Cache), false)
#4 C:\xampp\htdocs\Channeldoc.lk\public\index.php(37): CodeIgniter\CodeIgniter->run()
#5 {main}
CRITICAL - 2022-04-11 03:00:16 --> syntax error, unexpected '?>', expecting function (T_FUNCTION) or const (T_CONST)
#0 C:\xampp\htdocs\Channeldoc.lk\system\Router\Router.php(175): CodeIgniter\Router\Router->autoRoute('Admin/index')
#1 C:\xampp\htdocs\Channeldoc.lk\system\CodeIgniter.php(719): CodeIgniter\Router\Router->handle('Admin/index')
#2 C:\xampp\htdocs\Channeldoc.lk\system\CodeIgniter.php(361): CodeIgniter\CodeIgniter->tryToRouteIt(Object(CodeIgniter\Router\RouteCollection))
#3 C:\xampp\htdocs\Channeldoc.lk\system\CodeIgniter.php(320): CodeIgniter\CodeIgniter->handleRequest(NULL, Object(Config\Cache), false)
#4 C:\xampp\htdocs\Channeldoc.lk\public\index.php(37): CodeIgniter\CodeIgniter->run()
#5 {main}
CRITICAL - 2022-04-11 03:02:22 --> syntax error, unexpected end of file, expecting function (T_FUNCTION) or const (T_CONST)
#0 C:\xampp\htdocs\Channeldoc.lk\system\Router\Router.php(175): CodeIgniter\Router\Router->autoRoute('Admin/index')
#1 C:\xampp\htdocs\Channeldoc.lk\system\CodeIgniter.php(719): CodeIgniter\Router\Router->handle('Admin/index')
#2 C:\xampp\htdocs\Channeldoc.lk\system\CodeIgniter.php(361): CodeIgniter\CodeIgniter->tryToRouteIt(Object(CodeIgniter\Router\RouteCollection))
#3 C:\xampp\htdocs\Channeldoc.lk\system\CodeIgniter.php(320): CodeIgniter\CodeIgniter->handleRequest(NULL, Object(Config\Cache), false)
#4 C:\xampp\htdocs\Channeldoc.lk\public\index.php(37): CodeIgniter\CodeIgniter->run()
#5 {main}
CRITICAL - 2022-04-11 03:02:23 --> syntax error, unexpected end of file, expecting function (T_FUNCTION) or const (T_CONST)
#0 C:\xampp\htdocs\Channeldoc.lk\system\Router\Router.php(175): CodeIgniter\Router\Router->autoRoute('Admin/index')
#1 C:\xampp\htdocs\Channeldoc.lk\system\CodeIgniter.php(719): CodeIgniter\Router\Router->handle('Admin/index')
#2 C:\xampp\htdocs\Channeldoc.lk\system\CodeIgniter.php(361): CodeIgniter\CodeIgniter->tryToRouteIt(Object(CodeIgniter\Router\RouteCollection))
#3 C:\xampp\htdocs\Channeldoc.lk\system\CodeIgniter.php(320): CodeIgniter\CodeIgniter->handleRequest(NULL, Object(Config\Cache), false)
#4 C:\xampp\htdocs\Channeldoc.lk\public\index.php(37): CodeIgniter\CodeIgniter->run()
#5 {main}
CRITICAL - 2022-04-11 03:02:24 --> syntax error, unexpected end of file, expecting function (T_FUNCTION) or const (T_CONST)
#0 C:\xampp\htdocs\Channeldoc.lk\system\Router\Router.php(175): CodeIgniter\Router\Router->autoRoute('Admin/index')
#1 C:\xampp\htdocs\Channeldoc.lk\system\CodeIgniter.php(719): CodeIgniter\Router\Router->handle('Admin/index')
#2 C:\xampp\htdocs\Channeldoc.lk\system\CodeIgniter.php(361): CodeIgniter\CodeIgniter->tryToRouteIt(Object(CodeIgniter\Router\RouteCollection))
#3 C:\xampp\htdocs\Channeldoc.lk\system\CodeIgniter.php(320): CodeIgniter\CodeIgniter->handleRequest(NULL, Object(Config\Cache), false)
#4 C:\xampp\htdocs\Channeldoc.lk\public\index.php(37): CodeIgniter\CodeIgniter->run()
#5 {main}
CRITICAL - 2022-04-11 03:02:24 --> syntax error, unexpected end of file, expecting function (T_FUNCTION) or const (T_CONST)
#0 C:\xampp\htdocs\Channeldoc.lk\system\Router\Router.php(175): CodeIgniter\Router\Router->autoRoute('Admin/index')
#1 C:\xampp\htdocs\Channeldoc.lk\system\CodeIgniter.php(719): CodeIgniter\Router\Router->handle('Admin/index')
#2 C:\xampp\htdocs\Channeldoc.lk\system\CodeIgniter.php(361): CodeIgniter\CodeIgniter->tryToRouteIt(Object(CodeIgniter\Router\RouteCollection))
#3 C:\xampp\htdocs\Channeldoc.lk\system\CodeIgniter.php(320): CodeIgniter\CodeIgniter->handleRequest(NULL, Object(Config\Cache), false)
#4 C:\xampp\htdocs\Channeldoc.lk\public\index.php(37): CodeIgniter\CodeIgniter->run()
#5 {main}
CRITICAL - 2022-04-11 03:02:24 --> syntax error, unexpected end of file, expecting function (T_FUNCTION) or const (T_CONST)
#0 C:\xampp\htdocs\Channeldoc.lk\system\Router\Router.php(175): CodeIgniter\Router\Router->autoRoute('Admin/index')
#1 C:\xampp\htdocs\Channeldoc.lk\system\CodeIgniter.php(719): CodeIgniter\Router\Router->handle('Admin/index')
#2 C:\xampp\htdocs\Channeldoc.lk\system\CodeIgniter.php(361): CodeIgniter\CodeIgniter->tryToRouteIt(Object(CodeIgniter\Router\RouteCollection))
#3 C:\xampp\htdocs\Channeldoc.lk\system\CodeIgniter.php(320): CodeIgniter\CodeIgniter->handleRequest(NULL, Object(Config\Cache), false)
#4 C:\xampp\htdocs\Channeldoc.lk\public\index.php(37): CodeIgniter\CodeIgniter->run()
#5 {main}
CRITICAL - 2022-04-11 03:02:24 --> syntax error, unexpected end of file, expecting function (T_FUNCTION) or const (T_CONST)
#0 C:\xampp\htdocs\Channeldoc.lk\system\Router\Router.php(175): CodeIgniter\Router\Router->autoRoute('Admin/index')
#1 C:\xampp\htdocs\Channeldoc.lk\system\CodeIgniter.php(719): CodeIgniter\Router\Router->handle('Admin/index')
#2 C:\xampp\htdocs\Channeldoc.lk\system\CodeIgniter.php(361): CodeIgniter\CodeIgniter->tryToRouteIt(Object(CodeIgniter\Router\RouteCollection))
#3 C:\xampp\htdocs\Channeldoc.lk\system\CodeIgniter.php(320): CodeIgniter\CodeIgniter->handleRequest(NULL, Object(Config\Cache), false)
#4 C:\xampp\htdocs\Channeldoc.lk\public\index.php(37): CodeIgniter\CodeIgniter->run()
#5 {main}
CRITICAL - 2022-04-11 03:02:36 --> syntax error, unexpected '>', expecting function (T_FUNCTION) or const (T_CONST)
#0 C:\xampp\htdocs\Channeldoc.lk\system\Router\Router.php(175): CodeIgniter\Router\Router->autoRoute('Admin/index')
#1 C:\xampp\htdocs\Channeldoc.lk\system\CodeIgniter.php(719): CodeIgniter\Router\Router->handle('Admin/index')
#2 C:\xampp\htdocs\Channeldoc.lk\system\CodeIgniter.php(361): CodeIgniter\CodeIgniter->tryToRouteIt(Object(CodeIgniter\Router\RouteCollection))
#3 C:\xampp\htdocs\Channeldoc.lk\system\CodeIgniter.php(320): CodeIgniter\CodeIgniter->handleRequest(NULL, Object(Config\Cache), false)
#4 C:\xampp\htdocs\Channeldoc.lk\public\index.php(37): CodeIgniter\CodeIgniter->run()
#5 {main}
CRITICAL - 2022-04-11 03:22:23 --> syntax error, unexpected end of file, expecting function (T_FUNCTION) or const (T_CONST)
#0 C:\xampp\htdocs\Channeldoc.lk\system\Router\Router.php(175): CodeIgniter\Router\Router->autoRoute('Admin/index')
#1 C:\xampp\htdocs\Channeldoc.lk\system\CodeIgniter.php(719): CodeIgniter\Router\Router->handle('Admin/index')
#2 C:\xampp\htdocs\Channeldoc.lk\system\CodeIgniter.php(361): CodeIgniter\CodeIgniter->tryToRouteIt(Object(CodeIgniter\Router\RouteCollection))
#3 C:\xampp\htdocs\Channeldoc.lk\system\CodeIgniter.php(320): CodeIgniter\CodeIgniter->handleRequest(NULL, Object(Config\Cache), false)
#4 C:\xampp\htdocs\Channeldoc.lk\public\index.php(37): CodeIgniter\CodeIgniter->run()
#5 {main}
CRITICAL - 2022-04-11 03:22:51 --> Undefined variable: user_id
#0 C:\xampp\htdocs\Channeldoc.lk\app\Controllers\Admin.php(38): CodeIgniter\Debug\Exceptions->errorHandler(8, 'Undefined varia...', 'C:\\xampp\\htdocs...', 38, Array)
#1 C:\xampp\htdocs\Channeldoc.lk\system\CodeIgniter.php(825): App\Controllers\Admin->deleteUser('15')
#2 C:\xampp\htdocs\Channeldoc.lk\system\CodeIgniter.php(412): CodeIgniter\CodeIgniter->runController(Object(App\Controllers\Admin))
#3 C:\xampp\htdocs\Channeldoc.lk\system\CodeIgniter.php(320): CodeIgniter\CodeIgniter->handleRequest(NULL, Object(Config\Cache), false)
#4 C:\xampp\htdocs\Channeldoc.lk\public\index.php(37): CodeIgniter\CodeIgniter->run()
#5 {main}
CRITICAL - 2022-04-11 03:37:21 --> Undefined property: stdClass::$Address
#0 C:\xampp\htdocs\Channeldoc.lk\app\Views\Admin\index.php(116): CodeIgniter\Debug\Exceptions->errorHandler(8, 'Undefined prope...', 'C:\\xampp\\htdocs...', 116, Array)
#1 C:\xampp\htdocs\Channeldoc.lk\system\View\View.php(210): include('C:\\xampp\\htdocs...')
#2 C:\xampp\htdocs\Channeldoc.lk\system\View\View.php(213): CodeIgniter\View\View->CodeIgniter\View\{closure}()
#3 C:\xampp\htdocs\Channeldoc.lk\system\Common.php(1089): CodeIgniter\View\View->render('Admin/index', Array, true)
#4 C:\xampp\htdocs\Channeldoc.lk\app\Controllers\Admin.php(9): view('Admin/index')
#5 C:\xampp\htdocs\Channeldoc.lk\system\CodeIgniter.php(825): App\Controllers\Admin->index()
#6 C:\xampp\htdocs\Channeldoc.lk\system\CodeIgniter.php(412): CodeIgniter\CodeIgniter->runController(Object(App\Controllers\Admin))
#7 C:\xampp\htdocs\Channeldoc.lk\system\CodeIgniter.php(320): CodeIgniter\CodeIgniter->handleRequest(NULL, Object(Config\Cache), false)
#8 C:\xampp\htdocs\Channeldoc.lk\public\index.php(37): CodeIgniter\CodeIgniter->run()
#9 {main}
CRITICAL - 2022-04-11 03:39:08 --> Undefined property: stdClass::$user_id
#0 C:\xampp\htdocs\Channeldoc.lk\app\Views\Admin\index.php(125): CodeIgniter\Debug\Exceptions->errorHandler(8, 'Undefined prope...', 'C:\\xampp\\htdocs...', 125, Array)
#1 C:\xampp\htdocs\Channeldoc.lk\system\View\View.php(210): include('C:\\xampp\\htdocs...')
#2 C:\xampp\htdocs\Channeldoc.lk\system\View\View.php(213): CodeIgniter\View\View->CodeIgniter\View\{closure}()
#3 C:\xampp\htdocs\Channeldoc.lk\system\Common.php(1089): CodeIgniter\View\View->render('Admin/index', Array, true)
#4 C:\xampp\htdocs\Channeldoc.lk\app\Controllers\Admin.php(9): view('Admin/index')
#5 C:\xampp\htdocs\Channeldoc.lk\system\CodeIgniter.php(825): App\Controllers\Admin->index()
#6 C:\xampp\htdocs\Channeldoc.lk\system\CodeIgniter.php(412): CodeIgniter\CodeIgniter->runController(Object(App\Controllers\Admin))
#7 C:\xampp\htdocs\Channeldoc.lk\system\CodeIgniter.php(320): CodeIgniter\CodeIgniter->handleRequest(NULL, Object(Config\Cache), false)
#8 C:\xampp\htdocs\Channeldoc.lk\public\index.php(37): CodeIgniter\CodeIgniter->run()
#9 {main}
CRITICAL - 2022-04-11 03:39:10 --> Undefined property: stdClass::$user_id
#0 C:\xampp\htdocs\Channeldoc.lk\app\Views\Admin\index.php(125): CodeIgniter\Debug\Exceptions->errorHandler(8, 'Undefined prope...', 'C:\\xampp\\htdocs...', 125, Array)
#1 C:\xampp\htdocs\Channeldoc.lk\system\View\View.php(210): include('C:\\xampp\\htdocs...')
#2 C:\xampp\htdocs\Channeldoc.lk\system\View\View.php(213): CodeIgniter\View\View->CodeIgniter\View\{closure}()
#3 C:\xampp\htdocs\Channeldoc.lk\system\Common.php(1089): CodeIgniter\View\View->render('Admin/index', Array, true)
#4 C:\xampp\htdocs\Channeldoc.lk\app\Controllers\Admin.php(9): view('Admin/index')
#5 C:\xampp\htdocs\Channeldoc.lk\system\CodeIgniter.php(825): App\Controllers\Admin->index()
#6 C:\xampp\htdocs\Channeldoc.lk\system\CodeIgniter.php(412): CodeIgniter\CodeIgniter->runController(Object(App\Controllers\Admin))
#7 C:\xampp\htdocs\Channeldoc.lk\system\CodeIgniter.php(320): CodeIgniter\CodeIgniter->handleRequest(NULL, Object(Config\Cache), false)
#8 C:\xampp\htdocs\Channeldoc.lk\public\index.php(37): CodeIgniter\CodeIgniter->run()
#9 {main}
CRITICAL - 2022-04-11 03:40:46 --> Undefined variable: user_id
#0 C:\xampp\htdocs\Channeldoc.lk\app\Controllers\Admin.php(38): CodeIgniter\Debug\Exceptions->errorHandler(8, 'Undefined varia...', 'C:\\xampp\\htdocs...', 38, Array)
#1 C:\xampp\htdocs\Channeldoc.lk\system\CodeIgniter.php(825): App\Controllers\Admin->deleteUser('3')
#2 C:\xampp\htdocs\Channeldoc.lk\system\CodeIgniter.php(412): CodeIgniter\CodeIgniter->runController(Object(App\Controllers\Admin))
#3 C:\xampp\htdocs\Channeldoc.lk\system\CodeIgniter.php(320): CodeIgniter\CodeIgniter->handleRequest(NULL, Object(Config\Cache), false)
#4 C:\xampp\htdocs\Channeldoc.lk\public\index.php(37): CodeIgniter\CodeIgniter->run()
#5 {main}
ERROR - 2022-04-11 04:15:12 --> Unknown column 'doctor_id' in 'where clause'
CRITICAL - 2022-04-11 04:15:12 --> Unknown column 'doctor_id' in 'where clause'
#0 C:\xampp\htdocs\Channeldoc.lk\system\Database\MySQLi\Connection.php(292): mysqli->query('Select * from u...', 0)
#1 C:\xampp\htdocs\Channeldoc.lk\system\Database\BaseConnection.php(670): CodeIgniter\Database\MySQLi\Connection->execute('Select * from u...')
#2 C:\xampp\htdocs\Channeldoc.lk\system\Database\BaseConnection.php(598): CodeIgniter\Database\BaseConnection->simpleQuery('Select * from u...')
#3 C:\xampp\htdocs\Channeldoc.lk\system\Model.php(726): CodeIgniter\Database\BaseConnection->query('Select * from u...')
#4 C:\xampp\htdocs\Channeldoc.lk\app\Views\doctorProfile\index.php(95): CodeIgniter\Model->__call('query', Array)
#5 C:\xampp\htdocs\Channeldoc.lk\system\View\View.php(210): include('C:\\xampp\\htdocs...')
#6 C:\xampp\htdocs\Channeldoc.lk\system\View\View.php(213): CodeIgniter\View\View->CodeIgniter\View\{closure}()
#7 C:\xampp\htdocs\Channeldoc.lk\system\Common.php(1089): CodeIgniter\View\View->render('doctorProfile/i...', Array, true)
#8 C:\xampp\htdocs\Channeldoc.lk\app\Controllers\doctorProfile.php(17): view('doctorProfile/i...')
#9 C:\xampp\htdocs\Channeldoc.lk\system\CodeIgniter.php(825): App\Controllers\doctorProfile->index()
#10 C:\xampp\htdocs\Channeldoc.lk\system\CodeIgniter.php(412): CodeIgniter\CodeIgniter->runController(Object(App\Controllers\doctorProfile))
#11 C:\xampp\htdocs\Channeldoc.lk\system\CodeIgniter.php(320): CodeIgniter\CodeIgniter->handleRequest(NULL, Object(Config\Cache), false)
#12 C:\xampp\htdocs\Channeldoc.lk\public\index.php(37): CodeIgniter\CodeIgniter->run()
#13 {main}
ERROR - 2022-04-11 04:17:18 --> Unknown column 'doctor_id' in 'where clause'
CRITICAL - 2022-04-11 04:17:18 --> Unknown column 'doctor_id' in 'where clause'
#0 C:\xampp\htdocs\Channeldoc.lk\system\Database\MySQLi\Connection.php(292): mysqli->query('Select * from u...', 0)
#1 C:\xampp\htdocs\Channeldoc.lk\system\Database\BaseConnection.php(670): CodeIgniter\Database\MySQLi\Connection->execute('Select * from u...')
#2 C:\xampp\htdocs\Channeldoc.lk\system\Database\BaseConnection.php(598): CodeIgniter\Database\BaseConnection->simpleQuery('Select * from u...')
#3 C:\xampp\htdocs\Channeldoc.lk\system\Model.php(726): CodeIgniter\Database\BaseConnection->query('Select * from u...')
#4 C:\xampp\htdocs\Channeldoc.lk\app\Views\doctorProfile\index.php(95): CodeIgniter\Model->__call('query', Array)
#5 C:\xampp\htdocs\Channeldoc.lk\system\View\View.php(210): include('C:\\xampp\\htdocs...')
#6 C:\xampp\htdocs\Channeldoc.lk\system\View\View.php(213): CodeIgniter\View\View->CodeIgniter\View\{closure}()
#7 C:\xampp\htdocs\Channeldoc.lk\system\Common.php(1089): CodeIgniter\View\View->render('doctorProfile/i...', Array, true)
#8 C:\xampp\htdocs\Channeldoc.lk\app\Controllers\doctorProfile.php(17): view('doctorProfile/i...')
#9 C:\xampp\htdocs\Channeldoc.lk\system\CodeIgniter.php(825): App\Controllers\doctorProfile->index()
#10 C:\xampp\htdocs\Channeldoc.lk\system\CodeIgniter.php(412): CodeIgniter\CodeIgniter->runController(Object(App\Controllers\doctorProfile))
#11 C:\xampp\htdocs\Channeldoc.lk\system\CodeIgniter.php(320): CodeIgniter\CodeIgniter->handleRequest(NULL, Object(Config\Cache), false)
#12 C:\xampp\htdocs\Channeldoc.lk\public\index.php(37): CodeIgniter\CodeIgniter->run()
#13 {main}
ERROR - 2022-04-11 04:17:25 --> Unknown column 'doctor_id' in 'where clause'
CRITICAL - 2022-04-11 04:17:25 --> Unknown column 'doctor_id' in 'where clause'
#0 C:\xampp\htdocs\Channeldoc.lk\system\Database\MySQLi\Connection.php(292): mysqli->query('Select * from u...', 0)
#1 C:\xampp\htdocs\Channeldoc.lk\system\Database\BaseConnection.php(670): CodeIgniter\Database\MySQLi\Connection->execute('Select * from u...')
#2 C:\xampp\htdocs\Channeldoc.lk\system\Database\BaseConnection.php(598): CodeIgniter\Database\BaseConnection->simpleQuery('Select * from u...')
#3 C:\xampp\htdocs\Channeldoc.lk\system\Model.php(726): CodeIgniter\Database\BaseConnection->query('Select * from u...')
#4 C:\xampp\htdocs\Channeldoc.lk\app\Views\doctorProfile\index.php(95): CodeIgniter\Model->__call('query', Array)
#5 C:\xampp\htdocs\Channeldoc.lk\system\View\View.php(210): include('C:\\xampp\\htdocs...')
#6 C:\xampp\htdocs\Channeldoc.lk\system\View\View.php(213): CodeIgniter\View\View->CodeIgniter\View\{closure}()
#7 C:\xampp\htdocs\Channeldoc.lk\system\Common.php(1089): CodeIgniter\View\View->render('doctorProfile/i...', Array, true)
#8 C:\xampp\htdocs\Channeldoc.lk\app\Controllers\doctorProfile.php(17): view('doctorProfile/i...')
#9 C:\xampp\htdocs\Channeldoc.lk\system\CodeIgniter.php(825): App\Controllers\doctorProfile->index()
#10 C:\xampp\htdocs\Channeldoc.lk\system\CodeIgniter.php(412): CodeIgniter\CodeIgniter->runController(Object(App\Controllers\doctorProfile))
#11 C:\xampp\htdocs\Channeldoc.lk\system\CodeIgniter.php(320): CodeIgniter\CodeIgniter->handleRequest(NULL, Object(Config\Cache), false)
#12 C:\xampp\htdocs\Channeldoc.lk\public\index.php(37): CodeIgniter\CodeIgniter->run()
#13 {main}
CRITICAL - 2022-04-11 04:25:12 --> Undefined property: stdClass::$Address
#0 C:\xampp\htdocs\Channeldoc.lk\app\Views\doctorProfile\index.php(101): CodeIgniter\Debug\Exceptions->errorHandler(8, 'Undefined prope...', 'C:\\xampp\\htdocs...', 101, Array)
#1 C:\xampp\htdocs\Channeldoc.lk\system\View\View.php(210): include('C:\\xampp\\htdocs...')
#2 C:\xampp\htdocs\Channeldoc.lk\system\View\View.php(213): CodeIgniter\View\View->CodeIgniter\View\{closure}()
#3 C:\xampp\htdocs\Channeldoc.lk\system\Common.php(1089): CodeIgniter\View\View->render('doctorProfile/i...', Array, true)
#4 C:\xampp\htdocs\Channeldoc.lk\app\Controllers\doctorProfile.php(17): view('doctorProfile/i...')
#5 C:\xampp\htdocs\Channeldoc.lk\system\CodeIgniter.php(825): App\Controllers\doctorProfile->index()
#6 C:\xampp\htdocs\Channeldoc.lk\system\CodeIgniter.php(412): CodeIgniter\CodeIgniter->runController(Object(App\Controllers\doctorProfile))
#7 C:\xampp\htdocs\Channeldoc.lk\system\CodeIgniter.php(320): CodeIgniter\CodeIgniter->handleRequest(NULL, Object(Config\Cache), false)
#8 C:\xampp\htdocs\Channeldoc.lk\public\index.php(37): CodeIgniter\CodeIgniter->run()
#9 {main}
CRITICAL - 2022-04-11 04:25:52 --> Undefined property: stdClass::$Address
#0 C:\xampp\htdocs\Channeldoc.lk\app\Views\doctorProfile\index.php(101): CodeIgniter\Debug\Exceptions->errorHandler(8, 'Undefined prope...', 'C:\\xampp\\htdocs...', 101, Array)
#1 C:\xampp\htdocs\Channeldoc.lk\system\View\View.php(210): include('C:\\xampp\\htdocs...')
#2 C:\xampp\htdocs\Channeldoc.lk\system\View\View.php(213): CodeIgniter\View\View->CodeIgniter\View\{closure}()
#3 C:\xampp\htdocs\Channeldoc.lk\system\Common.php(1089): CodeIgniter\View\View->render('doctorProfile/i...', Array, true)
#4 C:\xampp\htdocs\Channeldoc.lk\app\Controllers\doctorProfile.php(17): view('doctorProfile/i...')
#5 C:\xampp\htdocs\Channeldoc.lk\system\CodeIgniter.php(825): App\Controllers\doctorProfile->index()
#6 C:\xampp\htdocs\Channeldoc.lk\system\CodeIgniter.php(412): CodeIgniter\CodeIgniter->runController(Object(App\Controllers\doctorProfile))
#7 C:\xampp\htdocs\Channeldoc.lk\system\CodeIgniter.php(320): CodeIgniter\CodeIgniter->handleRequest(NULL, Object(Config\Cache), false)
#8 C:\xampp\htdocs\Channeldoc.lk\public\index.php(37): CodeIgniter\CodeIgniter->run()
#9 {main}
CRITICAL - 2022-04-11 04:25:58 --> Undefined property: stdClass::$age
#0 C:\xampp\htdocs\Channeldoc.lk\app\Views\doctorProfile\index.php(103): CodeIgniter\Debug\Exceptions->errorHandler(8, 'Undefined prope...', 'C:\\xampp\\htdocs...', 103, Array)
#1 C:\xampp\htdocs\Channeldoc.lk\system\View\View.php(210): include('C:\\xampp\\htdocs...')
#2 C:\xampp\htdocs\Channeldoc.lk\system\View\View.php(213): CodeIgniter\View\View->CodeIgniter\View\{closure}()
#3 C:\xampp\htdocs\Channeldoc.lk\system\Common.php(1089): CodeIgniter\View\View->render('doctorProfile/i...', Array, true)
#4 C:\xampp\htdocs\Channeldoc.lk\app\Controllers\doctorProfile.php(17): view('doctorProfile/i...')
#5 C:\xampp\htdocs\Channeldoc.lk\system\CodeIgniter.php(825): App\Controllers\doctorProfile->index()
#6 C:\xampp\htdocs\Channeldoc.lk\system\CodeIgniter.php(412): CodeIgniter\CodeIgniter->runController(Object(App\Controllers\doctorProfile))
#7 C:\xampp\htdocs\Channeldoc.lk\system\CodeIgniter.php(320): CodeIgniter\CodeIgniter->handleRequest(NULL, Object(Config\Cache), false)
#8 C:\xampp\htdocs\Channeldoc.lk\public\index.php(37): CodeIgniter\CodeIgniter->run()
#9 {main}
CRITICAL - 2022-04-11 04:26:08 --> Undefined variable: Address
#0 C:\xampp\htdocs\Channeldoc.lk\app\Views\doctorProfile\index.php(148): CodeIgniter\Debug\Exceptions->errorHandler(8, 'Undefined varia...', 'C:\\xampp\\htdocs...', 148, Array)
#1 C:\xampp\htdocs\Channeldoc.lk\system\View\View.php(210): include('C:\\xampp\\htdocs...')
#2 C:\xampp\htdocs\Channeldoc.lk\system\View\View.php(213): CodeIgniter\View\View->CodeIgniter\View\{closure}()
#3 C:\xampp\htdocs\Channeldoc.lk\system\Common.php(1089): CodeIgniter\View\View->render('doctorProfile/i...', Array, true)
#4 C:\xampp\htdocs\Channeldoc.lk\app\Controllers\doctorProfile.php(17): view('doctorProfile/i...')
#5 C:\xampp\htdocs\Channeldoc.lk\system\CodeIgniter.php(825): App\Controllers\doctorProfile->index()
#6 C:\xampp\htdocs\Channeldoc.lk\system\CodeIgniter.php(412): CodeIgniter\CodeIgniter->runController(Object(App\Controllers\doctorProfile))
#7 C:\xampp\htdocs\Channeldoc.lk\system\CodeIgniter.php(320): CodeIgniter\CodeIgniter->handleRequest(NULL, Object(Config\Cache), false)
#8 C:\xampp\htdocs\Channeldoc.lk\public\index.php(37): CodeIgniter\CodeIgniter->run()
#9 {main}
CRITICAL - 2022-04-11 04:27:28 --> Undefined variable: Password
#0 C:\xampp\htdocs\Channeldoc.lk\app\Views\doctorProfile\index.php(179): CodeIgniter\Debug\Exceptions->errorHandler(8, 'Undefined varia...', 'C:\\xampp\\htdocs...', 179, Array)
#1 C:\xampp\htdocs\Channeldoc.lk\system\View\View.php(210): include('C:\\xampp\\htdocs...')
#2 C:\xampp\htdocs\Channeldoc.lk\system\View\View.php(213): CodeIgniter\View\View->CodeIgniter\View\{closure}()
#3 C:\xampp\htdocs\Channeldoc.lk\system\Common.php(1089): CodeIgniter\View\View->render('doctorProfile/i...', Array, true)
#4 C:\xampp\htdocs\Channeldoc.lk\app\Controllers\doctorProfile.php(17): view('doctorProfile/i...')
#5 C:\xampp\htdocs\Channeldoc.lk\system\CodeIgniter.php(825): App\Controllers\doctorProfile->index()
#6 C:\xampp\htdocs\Channeldoc.lk\system\CodeIgniter.php(412): CodeIgniter\CodeIgniter->runController(Object(App\Controllers\doctorProfile))
#7 C:\xampp\htdocs\Channeldoc.lk\system\CodeIgniter.php(320): CodeIgniter\CodeIgniter->handleRequest(NULL, Object(Config\Cache), false)
#8 C:\xampp\htdocs\Channeldoc.lk\public\index.php(37): CodeIgniter\CodeIgniter->run()
#9 {main}
CRITICAL - 2022-04-11 04:27:29 --> Undefined variable: Password
#0 C:\xampp\htdocs\Channeldoc.lk\app\Views\doctorProfile\index.php(179): CodeIgniter\Debug\Exceptions->errorHandler(8, 'Undefined varia...', 'C:\\xampp\\htdocs...', 179, Array)
#1 C:\xampp\htdocs\Channeldoc.lk\system\View\View.php(210): include('C:\\xampp\\htdocs...')
#2 C:\xampp\htdocs\Channeldoc.lk\system\View\View.php(213): CodeIgniter\View\View->CodeIgniter\View\{closure}()
#3 C:\xampp\htdocs\Channeldoc.lk\system\Common.php(1089): CodeIgniter\View\View->render('doctorProfile/i...', Array, true)
#4 C:\xampp\htdocs\Channeldoc.lk\app\Controllers\doctorProfile.php(17): view('doctorProfile/i...')
#5 C:\xampp\htdocs\Channeldoc.lk\system\CodeIgniter.php(825): App\Controllers\doctorProfile->index()
#6 C:\xampp\htdocs\Channeldoc.lk\system\CodeIgniter.php(412): CodeIgniter\CodeIgniter->runController(Object(App\Controllers\doctorProfile))
#7 C:\xampp\htdocs\Channeldoc.lk\system\CodeIgniter.php(320): CodeIgniter\CodeIgniter->handleRequest(NULL, Object(Config\Cache), false)
#8 C:\xampp\htdocs\Channeldoc.lk\public\index.php(37): CodeIgniter\CodeIgniter->run()
#9 {main}
CRITICAL - 2022-04-11 06:26:31 --> Call to undefined method App\Entities\doc::query()
#0 C:\xampp\htdocs\Channeldoc.lk\system\CodeIgniter.php(825): App\Controllers\Admin->approveUser('1')
#1 C:\xampp\htdocs\Channeldoc.lk\system\CodeIgniter.php(412): CodeIgniter\CodeIgniter->runController(Object(App\Controllers\Admin))
#2 C:\xampp\htdocs\Channeldoc.lk\system\CodeIgniter.php(320): CodeIgniter\CodeIgniter->handleRequest(NULL, Object(Config\Cache), false)
#3 C:\xampp\htdocs\Channeldoc.lk\public\index.php(37): CodeIgniter\CodeIgniter->run()
#4 {main}
CRITICAL - 2022-04-11 06:27:52 --> Call to undefined method App\Entities\doc::query()
#0 C:\xampp\htdocs\Channeldoc.lk\system\CodeIgniter.php(825): App\Controllers\Admin->approveUser('1')
#1 C:\xampp\htdocs\Channeldoc.lk\system\CodeIgniter.php(412): CodeIgniter\CodeIgniter->runController(Object(App\Controllers\Admin))
#2 C:\xampp\htdocs\Channeldoc.lk\system\CodeIgniter.php(320): CodeIgniter\CodeIgniter->handleRequest(NULL, Object(Config\Cache), false)
#3 C:\xampp\htdocs\Channeldoc.lk\public\index.php(37): CodeIgniter\CodeIgniter->run()
#4 {main}
CRITICAL - 2022-04-11 06:29:41 --> Invalid file: Admin/adminuser.php
#0 C:\xampp\htdocs\Channeldoc.lk\system\View\View.php(198): CodeIgniter\Exceptions\FrameworkException::forInvalidFile('Admin/adminuser...')
#1 C:\xampp\htdocs\Channeldoc.lk\system\Common.php(1089): CodeIgniter\View\View->render('Admin/adminuser...', Array, true)
#2 C:\xampp\htdocs\Channeldoc.lk\app\Controllers\Admin.php(26): view('Admin/adminuser...')
#3 C:\xampp\htdocs\Channeldoc.lk\system\CodeIgniter.php(825): App\Controllers\Admin->approveUser('1')
#4 C:\xampp\htdocs\Channeldoc.lk\system\CodeIgniter.php(412): CodeIgniter\CodeIgniter->runController(Object(App\Controllers\Admin))
#5 C:\xampp\htdocs\Channeldoc.lk\system\CodeIgniter.php(320): CodeIgniter\CodeIgniter->handleRequest(NULL, Object(Config\Cache), false)
#6 C:\xampp\htdocs\Channeldoc.lk\public\index.php(37): CodeIgniter\CodeIgniter->run()
#7 {main}
CRITICAL - 2022-04-11 06:35:04 --> Undefined property: stdClass::$user_id
#0 C:\xampp\htdocs\Channeldoc.lk\app\Views\Admin\index.php(188): CodeIgniter\Debug\Exceptions->errorHandler(8, 'Undefined prope...', 'C:\\xampp\\htdocs...', 188, Array)
#1 C:\xampp\htdocs\Channeldoc.lk\system\View\View.php(210): include('C:\\xampp\\htdocs...')
#2 C:\xampp\htdocs\Channeldoc.lk\system\View\View.php(213): CodeIgniter\View\View->CodeIgniter\View\{closure}()
#3 C:\xampp\htdocs\Channeldoc.lk\system\Common.php(1089): CodeIgniter\View\View->render('Admin/index.php', Array, true)
#4 C:\xampp\htdocs\Channeldoc.lk\app\Controllers\Admin.php(26): view('Admin/index.php')
#5 C:\xampp\htdocs\Channeldoc.lk\system\CodeIgniter.php(825): App\Controllers\Admin->approveUser('5')
#6 C:\xampp\htdocs\Channeldoc.lk\system\CodeIgniter.php(412): CodeIgniter\CodeIgniter->runController(Object(App\Controllers\Admin))
#7 C:\xampp\htdocs\Channeldoc.lk\system\CodeIgniter.php(320): CodeIgniter\CodeIgniter->handleRequest(NULL, Object(Config\Cache), false)
#8 C:\xampp\htdocs\Channeldoc.lk\public\index.php(37): CodeIgniter\CodeIgniter->run()
#9 {main}
CRITICAL - 2022-04-11 07:09:40 --> Undefined property: stdClass::$id
#0 C:\xampp\htdocs\Channeldoc.lk\app\Views\Search\index.php(200): CodeIgniter\Debug\Exceptions->errorHandler(8, 'Undefined prope...', 'C:\\xampp\\htdocs...', 200, Array)
#1 C:\xampp\htdocs\Channeldoc.lk\system\View\View.php(210): include('C:\\xampp\\htdocs...')
#2 C:\xampp\htdocs\Channeldoc.lk\system\View\View.php(213): CodeIgniter\View\View->CodeIgniter\View\{closure}()
#3 C:\xampp\htdocs\Channeldoc.lk\system\Common.php(1089): CodeIgniter\View\View->render('Search/index.ph...', Array, true)
#4 C:\xampp\htdocs\Channeldoc.lk\app\Controllers\Search.php(10): view('Search/index.ph...')
#5 C:\xampp\htdocs\Channeldoc.lk\system\CodeIgniter.php(825): App\Controllers\Search->index()
#6 C:\xampp\htdocs\Channeldoc.lk\system\CodeIgniter.php(412): CodeIgniter\CodeIgniter->runController(Object(App\Controllers\Search))
#7 C:\xampp\htdocs\Channeldoc.lk\system\CodeIgniter.php(320): CodeIgniter\CodeIgniter->handleRequest(NULL, Object(Config\Cache), false)
#8 C:\xampp\htdocs\Channeldoc.lk\public\index.php(37): CodeIgniter\CodeIgniter->run()
#9 {main}
CRITICAL - 2022-04-11 07:11:28 --> Undefined property: stdClass::$id
#0 C:\xampp\htdocs\Channeldoc.lk\app\Views\Search\index.php(175): CodeIgniter\Debug\Exceptions->errorHandler(8, 'Undefined prope...', 'C:\\xampp\\htdocs...', 175, Array)
#1 C:\xampp\htdocs\Channeldoc.lk\system\View\View.php(210): include('C:\\xampp\\htdocs...')
#2 C:\xampp\htdocs\Channeldoc.lk\system\View\View.php(213): CodeIgniter\View\View->CodeIgniter\View\{closure}()
#3 C:\xampp\htdocs\Channeldoc.lk\system\Common.php(1089): CodeIgniter\View\View->render('Search/index.ph...', Array, true)
#4 C:\xampp\htdocs\Channeldoc.lk\app\Controllers\Search.php(10): view('Search/index.ph...')
#5 C:\xampp\htdocs\Channeldoc.lk\system\CodeIgniter.php(825): App\Controllers\Search->index()
#6 C:\xampp\htdocs\Channeldoc.lk\system\CodeIgniter.php(412): CodeIgniter\CodeIgniter->runController(Object(App\Controllers\Search))
#7 C:\xampp\htdocs\Channeldoc.lk\system\CodeIgniter.php(320): CodeIgniter\CodeIgniter->handleRequest(NULL, Object(Config\Cache), false)
#8 C:\xampp\htdocs\Channeldoc.lk\public\index.php(37): CodeIgniter\CodeIgniter->run()
#9 {main}
