CRITICAL - 2022-04-18 06:00:12 --> Undefined variable $object
#0 C:\xampp\htdocs\Channeldoc.lk\app\Views\Search\index.php(277): CodeIgniter\Debug\Exceptions->errorHandler(2, 'Undefined varia...', 'C:\\xampp\\htdocs...', 277)
#1 C:\xampp\htdocs\Channeldoc.lk\system\View\View.php(210): include('C:\\xampp\\htdocs...')
#2 C:\xampp\htdocs\Channeldoc.lk\system\View\View.php(213): CodeIgniter\View\View->CodeIgniter\View\{closure}()
#3 C:\xampp\htdocs\Channeldoc.lk\system\Common.php(1089): CodeIgniter\View\View->render('Search/index.ph...', Array, true)
#4 C:\xampp\htdocs\Channeldoc.lk\app\Controllers\Search.php(13): view('Search/index.ph...')
#5 C:\xampp\htdocs\Channeldoc.lk\system\CodeIgniter.php(825): App\Controllers\Search->index()
#6 C:\xampp\htdocs\Channeldoc.lk\system\CodeIgniter.php(412): CodeIgniter\CodeIgniter->runController(Object(App\Controllers\Search))
#7 C:\xampp\htdocs\Channeldoc.lk\system\CodeIgniter.php(320): CodeIgniter\CodeIgniter->handleRequest(NULL, Object(Config\Cache), false)
#8 C:\xampp\htdocs\Channeldoc.lk\public\index.php(37): CodeIgniter\CodeIgniter->run()
#9 {main}
CRITICAL - 2022-04-18 06:04:25 --> Undefined variable $object
#0 C:\xampp\htdocs\Channeldoc.lk\app\Views\Search\index.php(277): CodeIgniter\Debug\Exceptions->errorHandler(2, 'Undefined varia...', 'C:\\xampp\\htdocs...', 277)
#1 C:\xampp\htdocs\Channeldoc.lk\system\View\View.php(210): include('C:\\xampp\\htdocs...')
#2 C:\xampp\htdocs\Channeldoc.lk\system\View\View.php(213): CodeIgniter\View\View->CodeIgniter\View\{closure}()
#3 C:\xampp\htdocs\Channeldoc.lk\system\Common.php(1089): CodeIgniter\View\View->render('Search/index.ph...', Array, true)
#4 C:\xampp\htdocs\Channeldoc.lk\app\Controllers\Search.php(13): view('Search/index.ph...')
#5 C:\xampp\htdocs\Channeldoc.lk\system\CodeIgniter.php(825): App\Controllers\Search->index()
#6 C:\xampp\htdocs\Channeldoc.lk\system\CodeIgniter.php(412): CodeIgniter\CodeIgniter->runController(Object(App\Controllers\Search))
#7 C:\xampp\htdocs\Channeldoc.lk\system\CodeIgniter.php(320): CodeIgniter\CodeIgniter->handleRequest(NULL, Object(Config\Cache), false)
#8 C:\xampp\htdocs\Channeldoc.lk\public\index.php(37): CodeIgniter\CodeIgniter->run()
#9 {main}
CRITICAL - 2022-04-18 06:04:26 --> Undefined variable $object
#0 C:\xampp\htdocs\Channeldoc.lk\app\Views\Search\index.php(277): CodeIgniter\Debug\Exceptions->errorHandler(2, 'Undefined varia...', 'C:\\xampp\\htdocs...', 277)
#1 C:\xampp\htdocs\Channeldoc.lk\system\View\View.php(210): include('C:\\xampp\\htdocs...')
#2 C:\xampp\htdocs\Channeldoc.lk\system\View\View.php(213): CodeIgniter\View\View->CodeIgniter\View\{closure}()
#3 C:\xampp\htdocs\Channeldoc.lk\system\Common.php(1089): CodeIgniter\View\View->render('Search/index.ph...', Array, true)
#4 C:\xampp\htdocs\Channeldoc.lk\app\Controllers\Search.php(13): view('Search/index.ph...')
#5 C:\xampp\htdocs\Channeldoc.lk\system\CodeIgniter.php(825): App\Controllers\Search->index()
#6 C:\xampp\htdocs\Channeldoc.lk\system\CodeIgniter.php(412): CodeIgniter\CodeIgniter->runController(Object(App\Controllers\Search))
#7 C:\xampp\htdocs\Channeldoc.lk\system\CodeIgniter.php(320): CodeIgniter\CodeIgniter->handleRequest(NULL, Object(Config\Cache), false)
#8 C:\xampp\htdocs\Channeldoc.lk\public\index.php(37): CodeIgniter\CodeIgniter->run()
#9 {main}
CRITICAL - 2022-04-18 06:04:27 --> Undefined variable $object
#0 C:\xampp\htdocs\Channeldoc.lk\app\Views\Search\index.php(277): CodeIgniter\Debug\Exceptions->errorHandler(2, 'Undefined varia...', 'C:\\xampp\\htdocs...', 277)
#1 C:\xampp\htdocs\Channeldoc.lk\system\View\View.php(210): include('C:\\xampp\\htdocs...')
#2 C:\xampp\htdocs\Channeldoc.lk\system\View\View.php(213): CodeIgniter\View\View->CodeIgniter\View\{closure}()
#3 C:\xampp\htdocs\Channeldoc.lk\system\Common.php(1089): CodeIgniter\View\View->render('Search/index.ph...', Array, true)
#4 C:\xampp\htdocs\Channeldoc.lk\app\Controllers\Search.php(13): view('Search/index.ph...')
#5 C:\xampp\htdocs\Channeldoc.lk\system\CodeIgniter.php(825): App\Controllers\Search->index()
#6 C:\xampp\htdocs\Channeldoc.lk\system\CodeIgniter.php(412): CodeIgniter\CodeIgniter->runController(Object(App\Controllers\Search))
#7 C:\xampp\htdocs\Channeldoc.lk\system\CodeIgniter.php(320): CodeIgniter\CodeIgniter->handleRequest(NULL, Object(Config\Cache), false)
#8 C:\xampp\htdocs\Channeldoc.lk\public\index.php(37): CodeIgniter\CodeIgniter->run()
#9 {main}
CRITICAL - 2022-04-18 06:04:27 --> Undefined variable $object
#0 C:\xampp\htdocs\Channeldoc.lk\app\Views\Search\index.php(277): CodeIgniter\Debug\Exceptions->errorHandler(2, 'Undefined varia...', 'C:\\xampp\\htdocs...', 277)
#1 C:\xampp\htdocs\Channeldoc.lk\system\View\View.php(210): include('C:\\xampp\\htdocs...')
#2 C:\xampp\htdocs\Channeldoc.lk\system\View\View.php(213): CodeIgniter\View\View->CodeIgniter\View\{closure}()
#3 C:\xampp\htdocs\Channeldoc.lk\system\Common.php(1089): CodeIgniter\View\View->render('Search/index.ph...', Array, true)
#4 C:\xampp\htdocs\Channeldoc.lk\app\Controllers\Search.php(13): view('Search/index.ph...')
#5 C:\xampp\htdocs\Channeldoc.lk\system\CodeIgniter.php(825): App\Controllers\Search->index()
#6 C:\xampp\htdocs\Channeldoc.lk\system\CodeIgniter.php(412): CodeIgniter\CodeIgniter->runController(Object(App\Controllers\Search))
#7 C:\xampp\htdocs\Channeldoc.lk\system\CodeIgniter.php(320): CodeIgniter\CodeIgniter->handleRequest(NULL, Object(Config\Cache), false)
#8 C:\xampp\htdocs\Channeldoc.lk\public\index.php(37): CodeIgniter\CodeIgniter->run()
#9 {main}
CRITICAL - 2022-04-18 06:04:27 --> Undefined variable $object
#0 C:\xampp\htdocs\Channeldoc.lk\app\Views\Search\index.php(277): CodeIgniter\Debug\Exceptions->errorHandler(2, 'Undefined varia...', 'C:\\xampp\\htdocs...', 277)
#1 C:\xampp\htdocs\Channeldoc.lk\system\View\View.php(210): include('C:\\xampp\\htdocs...')
#2 C:\xampp\htdocs\Channeldoc.lk\system\View\View.php(213): CodeIgniter\View\View->CodeIgniter\View\{closure}()
#3 C:\xampp\htdocs\Channeldoc.lk\system\Common.php(1089): CodeIgniter\View\View->render('Search/index.ph...', Array, true)
#4 C:\xampp\htdocs\Channeldoc.lk\app\Controllers\Search.php(13): view('Search/index.ph...')
#5 C:\xampp\htdocs\Channeldoc.lk\system\CodeIgniter.php(825): App\Controllers\Search->index()
#6 C:\xampp\htdocs\Channeldoc.lk\system\CodeIgniter.php(412): CodeIgniter\CodeIgniter->runController(Object(App\Controllers\Search))
#7 C:\xampp\htdocs\Channeldoc.lk\system\CodeIgniter.php(320): CodeIgniter\CodeIgniter->handleRequest(NULL, Object(Config\Cache), false)
#8 C:\xampp\htdocs\Channeldoc.lk\public\index.php(37): CodeIgniter\CodeIgniter->run()
#9 {main}
CRITICAL - 2022-04-18 10:22:39 --> Cannot use object of type stdClass as array
#0 C:\xampp\htdocs\Channeldoc.lk\system\View\View.php(210): include()
#1 C:\xampp\htdocs\Channeldoc.lk\system\View\View.php(213): CodeIgniter\View\View->CodeIgniter\View\{closure}()
#2 C:\xampp\htdocs\Channeldoc.lk\system\Common.php(1089): CodeIgniter\View\View->render('Search/index.ph...', Array, true)
#3 C:\xampp\htdocs\Channeldoc.lk\app\Controllers\Search.php(13): view('Search/index.ph...')
#4 C:\xampp\htdocs\Channeldoc.lk\system\CodeIgniter.php(825): App\Controllers\Search->index()
#5 C:\xampp\htdocs\Channeldoc.lk\system\CodeIgniter.php(412): CodeIgniter\CodeIgniter->runController(Object(App\Controllers\Search))
#6 C:\xampp\htdocs\Channeldoc.lk\system\CodeIgniter.php(320): CodeIgniter\CodeIgniter->handleRequest(NULL, Object(Config\Cache), false)
#7 C:\xampp\htdocs\Channeldoc.lk\public\index.php(37): CodeIgniter\CodeIgniter->run()
#8 {main}
CRITICAL - 2022-04-18 10:25:59 --> Cannot use object of type stdClass as array
#0 C:\xampp\htdocs\Channeldoc.lk\system\View\View.php(210): include()
#1 C:\xampp\htdocs\Channeldoc.lk\system\View\View.php(213): CodeIgniter\View\View->CodeIgniter\View\{closure}()
#2 C:\xampp\htdocs\Channeldoc.lk\system\Common.php(1089): CodeIgniter\View\View->render('Search/index.ph...', Array, true)
#3 C:\xampp\htdocs\Channeldoc.lk\app\Controllers\Search.php(13): view('Search/index.ph...')
#4 C:\xampp\htdocs\Channeldoc.lk\system\CodeIgniter.php(825): App\Controllers\Search->index()
#5 C:\xampp\htdocs\Channeldoc.lk\system\CodeIgniter.php(412): CodeIgniter\CodeIgniter->runController(Object(App\Controllers\Search))
#6 C:\xampp\htdocs\Channeldoc.lk\system\CodeIgniter.php(320): CodeIgniter\CodeIgniter->handleRequest(NULL, Object(Config\Cache), false)
#7 C:\xampp\htdocs\Channeldoc.lk\public\index.php(37): CodeIgniter\CodeIgniter->run()
#8 {main}
CRITICAL - 2022-04-18 10:26:00 --> Cannot use object of type stdClass as array
#0 C:\xampp\htdocs\Channeldoc.lk\system\View\View.php(210): include()
#1 C:\xampp\htdocs\Channeldoc.lk\system\View\View.php(213): CodeIgniter\View\View->CodeIgniter\View\{closure}()
#2 C:\xampp\htdocs\Channeldoc.lk\system\Common.php(1089): CodeIgniter\View\View->render('Search/index.ph...', Array, true)
#3 C:\xampp\htdocs\Channeldoc.lk\app\Controllers\Search.php(13): view('Search/index.ph...')
#4 C:\xampp\htdocs\Channeldoc.lk\system\CodeIgniter.php(825): App\Controllers\Search->index()
#5 C:\xampp\htdocs\Channeldoc.lk\system\CodeIgniter.php(412): CodeIgniter\CodeIgniter->runController(Object(App\Controllers\Search))
#6 C:\xampp\htdocs\Channeldoc.lk\system\CodeIgniter.php(320): CodeIgniter\CodeIgniter->handleRequest(NULL, Object(Config\Cache), false)
#7 C:\xampp\htdocs\Channeldoc.lk\public\index.php(37): CodeIgniter\CodeIgniter->run()
#8 {main}
CRITICAL - 2022-04-18 10:26:01 --> Cannot use object of type stdClass as array
#0 C:\xampp\htdocs\Channeldoc.lk\system\View\View.php(210): include()
#1 C:\xampp\htdocs\Channeldoc.lk\system\View\View.php(213): CodeIgniter\View\View->CodeIgniter\View\{closure}()
#2 C:\xampp\htdocs\Channeldoc.lk\system\Common.php(1089): CodeIgniter\View\View->render('Search/index.ph...', Array, true)
#3 C:\xampp\htdocs\Channeldoc.lk\app\Controllers\Search.php(13): view('Search/index.ph...')
#4 C:\xampp\htdocs\Channeldoc.lk\system\CodeIgniter.php(825): App\Controllers\Search->index()
#5 C:\xampp\htdocs\Channeldoc.lk\system\CodeIgniter.php(412): CodeIgniter\CodeIgniter->runController(Object(App\Controllers\Search))
#6 C:\xampp\htdocs\Channeldoc.lk\system\CodeIgniter.php(320): CodeIgniter\CodeIgniter->handleRequest(NULL, Object(Config\Cache), false)
#7 C:\xampp\htdocs\Channeldoc.lk\public\index.php(37): CodeIgniter\CodeIgniter->run()
#8 {main}
CRITICAL - 2022-04-18 10:26:01 --> Cannot use object of type stdClass as array
#0 C:\xampp\htdocs\Channeldoc.lk\system\View\View.php(210): include()
#1 C:\xampp\htdocs\Channeldoc.lk\system\View\View.php(213): CodeIgniter\View\View->CodeIgniter\View\{closure}()
#2 C:\xampp\htdocs\Channeldoc.lk\system\Common.php(1089): CodeIgniter\View\View->render('Search/index.ph...', Array, true)
#3 C:\xampp\htdocs\Channeldoc.lk\app\Controllers\Search.php(13): view('Search/index.ph...')
#4 C:\xampp\htdocs\Channeldoc.lk\system\CodeIgniter.php(825): App\Controllers\Search->index()
#5 C:\xampp\htdocs\Channeldoc.lk\system\CodeIgniter.php(412): CodeIgniter\CodeIgniter->runController(Object(App\Controllers\Search))
#6 C:\xampp\htdocs\Channeldoc.lk\system\CodeIgniter.php(320): CodeIgniter\CodeIgniter->handleRequest(NULL, Object(Config\Cache), false)
#7 C:\xampp\htdocs\Channeldoc.lk\public\index.php(37): CodeIgniter\CodeIgniter->run()
#8 {main}
CRITICAL - 2022-04-18 10:26:01 --> Cannot use object of type stdClass as array
#0 C:\xampp\htdocs\Channeldoc.lk\system\View\View.php(210): include()
#1 C:\xampp\htdocs\Channeldoc.lk\system\View\View.php(213): CodeIgniter\View\View->CodeIgniter\View\{closure}()
#2 C:\xampp\htdocs\Channeldoc.lk\system\Common.php(1089): CodeIgniter\View\View->render('Search/index.ph...', Array, true)
#3 C:\xampp\htdocs\Channeldoc.lk\app\Controllers\Search.php(13): view('Search/index.ph...')
#4 C:\xampp\htdocs\Channeldoc.lk\system\CodeIgniter.php(825): App\Controllers\Search->index()
#5 C:\xampp\htdocs\Channeldoc.lk\system\CodeIgniter.php(412): CodeIgniter\CodeIgniter->runController(Object(App\Controllers\Search))
#6 C:\xampp\htdocs\Channeldoc.lk\system\CodeIgniter.php(320): CodeIgniter\CodeIgniter->handleRequest(NULL, Object(Config\Cache), false)
#7 C:\xampp\htdocs\Channeldoc.lk\public\index.php(37): CodeIgniter\CodeIgniter->run()
#8 {main}
CRITICAL - 2022-04-18 10:26:02 --> Cannot use object of type stdClass as array
#0 C:\xampp\htdocs\Channeldoc.lk\system\View\View.php(210): include()
#1 C:\xampp\htdocs\Channeldoc.lk\system\View\View.php(213): CodeIgniter\View\View->CodeIgniter\View\{closure}()
#2 C:\xampp\htdocs\Channeldoc.lk\system\Common.php(1089): CodeIgniter\View\View->render('Search/index.ph...', Array, true)
#3 C:\xampp\htdocs\Channeldoc.lk\app\Controllers\Search.php(13): view('Search/index.ph...')
#4 C:\xampp\htdocs\Channeldoc.lk\system\CodeIgniter.php(825): App\Controllers\Search->index()
#5 C:\xampp\htdocs\Channeldoc.lk\system\CodeIgniter.php(412): CodeIgniter\CodeIgniter->runController(Object(App\Controllers\Search))
#6 C:\xampp\htdocs\Channeldoc.lk\system\CodeIgniter.php(320): CodeIgniter\CodeIgniter->handleRequest(NULL, Object(Config\Cache), false)
#7 C:\xampp\htdocs\Channeldoc.lk\public\index.php(37): CodeIgniter\CodeIgniter->run()
#8 {main}
CRITICAL - 2022-04-18 10:26:27 --> Cannot use object of type stdClass as array
#0 C:\xampp\htdocs\Channeldoc.lk\system\View\View.php(210): include()
#1 C:\xampp\htdocs\Channeldoc.lk\system\View\View.php(213): CodeIgniter\View\View->CodeIgniter\View\{closure}()
#2 C:\xampp\htdocs\Channeldoc.lk\system\Common.php(1089): CodeIgniter\View\View->render('Search/index.ph...', Array, true)
#3 C:\xampp\htdocs\Channeldoc.lk\app\Controllers\Search.php(13): view('Search/index.ph...')
#4 C:\xampp\htdocs\Channeldoc.lk\system\CodeIgniter.php(825): App\Controllers\Search->index()
#5 C:\xampp\htdocs\Channeldoc.lk\system\CodeIgniter.php(412): CodeIgniter\CodeIgniter->runController(Object(App\Controllers\Search))
#6 C:\xampp\htdocs\Channeldoc.lk\system\CodeIgniter.php(320): CodeIgniter\CodeIgniter->handleRequest(NULL, Object(Config\Cache), false)
#7 C:\xampp\htdocs\Channeldoc.lk\public\index.php(37): CodeIgniter\CodeIgniter->run()
#8 {main}
CRITICAL - 2022-04-18 10:26:28 --> Cannot use object of type stdClass as array
#0 C:\xampp\htdocs\Channeldoc.lk\system\View\View.php(210): include()
#1 C:\xampp\htdocs\Channeldoc.lk\system\View\View.php(213): CodeIgniter\View\View->CodeIgniter\View\{closure}()
#2 C:\xampp\htdocs\Channeldoc.lk\system\Common.php(1089): CodeIgniter\View\View->render('Search/index.ph...', Array, true)
#3 C:\xampp\htdocs\Channeldoc.lk\app\Controllers\Search.php(13): view('Search/index.ph...')
#4 C:\xampp\htdocs\Channeldoc.lk\system\CodeIgniter.php(825): App\Controllers\Search->index()
#5 C:\xampp\htdocs\Channeldoc.lk\system\CodeIgniter.php(412): CodeIgniter\CodeIgniter->runController(Object(App\Controllers\Search))
#6 C:\xampp\htdocs\Channeldoc.lk\system\CodeIgniter.php(320): CodeIgniter\CodeIgniter->handleRequest(NULL, Object(Config\Cache), false)
#7 C:\xampp\htdocs\Channeldoc.lk\public\index.php(37): CodeIgniter\CodeIgniter->run()
#8 {main}
CRITICAL - 2022-04-18 10:26:28 --> Cannot use object of type stdClass as array
#0 C:\xampp\htdocs\Channeldoc.lk\system\View\View.php(210): include()
#1 C:\xampp\htdocs\Channeldoc.lk\system\View\View.php(213): CodeIgniter\View\View->CodeIgniter\View\{closure}()
#2 C:\xampp\htdocs\Channeldoc.lk\system\Common.php(1089): CodeIgniter\View\View->render('Search/index.ph...', Array, true)
#3 C:\xampp\htdocs\Channeldoc.lk\app\Controllers\Search.php(13): view('Search/index.ph...')
#4 C:\xampp\htdocs\Channeldoc.lk\system\CodeIgniter.php(825): App\Controllers\Search->index()
#5 C:\xampp\htdocs\Channeldoc.lk\system\CodeIgniter.php(412): CodeIgniter\CodeIgniter->runController(Object(App\Controllers\Search))
#6 C:\xampp\htdocs\Channeldoc.lk\system\CodeIgniter.php(320): CodeIgniter\CodeIgniter->handleRequest(NULL, Object(Config\Cache), false)
#7 C:\xampp\htdocs\Channeldoc.lk\public\index.php(37): CodeIgniter\CodeIgniter->run()
#8 {main}
CRITICAL - 2022-04-18 10:26:28 --> Cannot use object of type stdClass as array
#0 C:\xampp\htdocs\Channeldoc.lk\system\View\View.php(210): include()
#1 C:\xampp\htdocs\Channeldoc.lk\system\View\View.php(213): CodeIgniter\View\View->CodeIgniter\View\{closure}()
#2 C:\xampp\htdocs\Channeldoc.lk\system\Common.php(1089): CodeIgniter\View\View->render('Search/index.ph...', Array, true)
#3 C:\xampp\htdocs\Channeldoc.lk\app\Controllers\Search.php(13): view('Search/index.ph...')
#4 C:\xampp\htdocs\Channeldoc.lk\system\CodeIgniter.php(825): App\Controllers\Search->index()
#5 C:\xampp\htdocs\Channeldoc.lk\system\CodeIgniter.php(412): CodeIgniter\CodeIgniter->runController(Object(App\Controllers\Search))
#6 C:\xampp\htdocs\Channeldoc.lk\system\CodeIgniter.php(320): CodeIgniter\CodeIgniter->handleRequest(NULL, Object(Config\Cache), false)
#7 C:\xampp\htdocs\Channeldoc.lk\public\index.php(37): CodeIgniter\CodeIgniter->run()
#8 {main}
CRITICAL - 2022-04-18 10:26:29 --> Cannot use object of type stdClass as array
#0 C:\xampp\htdocs\Channeldoc.lk\system\View\View.php(210): include()
#1 C:\xampp\htdocs\Channeldoc.lk\system\View\View.php(213): CodeIgniter\View\View->CodeIgniter\View\{closure}()
#2 C:\xampp\htdocs\Channeldoc.lk\system\Common.php(1089): CodeIgniter\View\View->render('Search/index.ph...', Array, true)
#3 C:\xampp\htdocs\Channeldoc.lk\app\Controllers\Search.php(13): view('Search/index.ph...')
#4 C:\xampp\htdocs\Channeldoc.lk\system\CodeIgniter.php(825): App\Controllers\Search->index()
#5 C:\xampp\htdocs\Channeldoc.lk\system\CodeIgniter.php(412): CodeIgniter\CodeIgniter->runController(Object(App\Controllers\Search))
#6 C:\xampp\htdocs\Channeldoc.lk\system\CodeIgniter.php(320): CodeIgniter\CodeIgniter->handleRequest(NULL, Object(Config\Cache), false)
#7 C:\xampp\htdocs\Channeldoc.lk\public\index.php(37): CodeIgniter\CodeIgniter->run()
#8 {main}
CRITICAL - 2022-04-18 10:26:29 --> Cannot use object of type stdClass as array
#0 C:\xampp\htdocs\Channeldoc.lk\system\View\View.php(210): include()
#1 C:\xampp\htdocs\Channeldoc.lk\system\View\View.php(213): CodeIgniter\View\View->CodeIgniter\View\{closure}()
#2 C:\xampp\htdocs\Channeldoc.lk\system\Common.php(1089): CodeIgniter\View\View->render('Search/index.ph...', Array, true)
#3 C:\xampp\htdocs\Channeldoc.lk\app\Controllers\Search.php(13): view('Search/index.ph...')
#4 C:\xampp\htdocs\Channeldoc.lk\system\CodeIgniter.php(825): App\Controllers\Search->index()
#5 C:\xampp\htdocs\Channeldoc.lk\system\CodeIgniter.php(412): CodeIgniter\CodeIgniter->runController(Object(App\Controllers\Search))
#6 C:\xampp\htdocs\Channeldoc.lk\system\CodeIgniter.php(320): CodeIgniter\CodeIgniter->handleRequest(NULL, Object(Config\Cache), false)
#7 C:\xampp\htdocs\Channeldoc.lk\public\index.php(37): CodeIgniter\CodeIgniter->run()
#8 {main}
CRITICAL - 2022-04-18 10:26:29 --> Cannot use object of type stdClass as array
#0 C:\xampp\htdocs\Channeldoc.lk\system\View\View.php(210): include()
#1 C:\xampp\htdocs\Channeldoc.lk\system\View\View.php(213): CodeIgniter\View\View->CodeIgniter\View\{closure}()
#2 C:\xampp\htdocs\Channeldoc.lk\system\Common.php(1089): CodeIgniter\View\View->render('Search/index.ph...', Array, true)
#3 C:\xampp\htdocs\Channeldoc.lk\app\Controllers\Search.php(13): view('Search/index.ph...')
#4 C:\xampp\htdocs\Channeldoc.lk\system\CodeIgniter.php(825): App\Controllers\Search->index()
#5 C:\xampp\htdocs\Channeldoc.lk\system\CodeIgniter.php(412): CodeIgniter\CodeIgniter->runController(Object(App\Controllers\Search))
#6 C:\xampp\htdocs\Channeldoc.lk\system\CodeIgniter.php(320): CodeIgniter\CodeIgniter->handleRequest(NULL, Object(Config\Cache), false)
#7 C:\xampp\htdocs\Channeldoc.lk\public\index.php(37): CodeIgniter\CodeIgniter->run()
#8 {main}
CRITICAL - 2022-04-18 10:26:52 --> Cannot use object of type stdClass as array
#0 C:\xampp\htdocs\Channeldoc.lk\system\View\View.php(210): include()
#1 C:\xampp\htdocs\Channeldoc.lk\system\View\View.php(213): CodeIgniter\View\View->CodeIgniter\View\{closure}()
#2 C:\xampp\htdocs\Channeldoc.lk\system\Common.php(1089): CodeIgniter\View\View->render('Search/index.ph...', Array, true)
#3 C:\xampp\htdocs\Channeldoc.lk\app\Controllers\Search.php(13): view('Search/index.ph...')
#4 C:\xampp\htdocs\Channeldoc.lk\system\CodeIgniter.php(825): App\Controllers\Search->index()
#5 C:\xampp\htdocs\Channeldoc.lk\system\CodeIgniter.php(412): CodeIgniter\CodeIgniter->runController(Object(App\Controllers\Search))
#6 C:\xampp\htdocs\Channeldoc.lk\system\CodeIgniter.php(320): CodeIgniter\CodeIgniter->handleRequest(NULL, Object(Config\Cache), false)
#7 C:\xampp\htdocs\Channeldoc.lk\public\index.php(37): CodeIgniter\CodeIgniter->run()
#8 {main}
CRITICAL - 2022-04-18 10:26:52 --> Cannot use object of type stdClass as array
#0 C:\xampp\htdocs\Channeldoc.lk\system\View\View.php(210): include()
#1 C:\xampp\htdocs\Channeldoc.lk\system\View\View.php(213): CodeIgniter\View\View->CodeIgniter\View\{closure}()
#2 C:\xampp\htdocs\Channeldoc.lk\system\Common.php(1089): CodeIgniter\View\View->render('Search/index.ph...', Array, true)
#3 C:\xampp\htdocs\Channeldoc.lk\app\Controllers\Search.php(13): view('Search/index.ph...')
#4 C:\xampp\htdocs\Channeldoc.lk\system\CodeIgniter.php(825): App\Controllers\Search->index()
#5 C:\xampp\htdocs\Channeldoc.lk\system\CodeIgniter.php(412): CodeIgniter\CodeIgniter->runController(Object(App\Controllers\Search))
#6 C:\xampp\htdocs\Channeldoc.lk\system\CodeIgniter.php(320): CodeIgniter\CodeIgniter->handleRequest(NULL, Object(Config\Cache), false)
#7 C:\xampp\htdocs\Channeldoc.lk\public\index.php(37): CodeIgniter\CodeIgniter->run()
#8 {main}
CRITICAL - 2022-04-18 10:26:53 --> Cannot use object of type stdClass as array
#0 C:\xampp\htdocs\Channeldoc.lk\system\View\View.php(210): include()
#1 C:\xampp\htdocs\Channeldoc.lk\system\View\View.php(213): CodeIgniter\View\View->CodeIgniter\View\{closure}()
#2 C:\xampp\htdocs\Channeldoc.lk\system\Common.php(1089): CodeIgniter\View\View->render('Search/index.ph...', Array, true)
#3 C:\xampp\htdocs\Channeldoc.lk\app\Controllers\Search.php(13): view('Search/index.ph...')
#4 C:\xampp\htdocs\Channeldoc.lk\system\CodeIgniter.php(825): App\Controllers\Search->index()
#5 C:\xampp\htdocs\Channeldoc.lk\system\CodeIgniter.php(412): CodeIgniter\CodeIgniter->runController(Object(App\Controllers\Search))
#6 C:\xampp\htdocs\Channeldoc.lk\system\CodeIgniter.php(320): CodeIgniter\CodeIgniter->handleRequest(NULL, Object(Config\Cache), false)
#7 C:\xampp\htdocs\Channeldoc.lk\public\index.php(37): CodeIgniter\CodeIgniter->run()
#8 {main}
CRITICAL - 2022-04-18 10:26:53 --> Cannot use object of type stdClass as array
#0 C:\xampp\htdocs\Channeldoc.lk\system\View\View.php(210): include()
#1 C:\xampp\htdocs\Channeldoc.lk\system\View\View.php(213): CodeIgniter\View\View->CodeIgniter\View\{closure}()
#2 C:\xampp\htdocs\Channeldoc.lk\system\Common.php(1089): CodeIgniter\View\View->render('Search/index.ph...', Array, true)
#3 C:\xampp\htdocs\Channeldoc.lk\app\Controllers\Search.php(13): view('Search/index.ph...')
#4 C:\xampp\htdocs\Channeldoc.lk\system\CodeIgniter.php(825): App\Controllers\Search->index()
#5 C:\xampp\htdocs\Channeldoc.lk\system\CodeIgniter.php(412): CodeIgniter\CodeIgniter->runController(Object(App\Controllers\Search))
#6 C:\xampp\htdocs\Channeldoc.lk\system\CodeIgniter.php(320): CodeIgniter\CodeIgniter->handleRequest(NULL, Object(Config\Cache), false)
#7 C:\xampp\htdocs\Channeldoc.lk\public\index.php(37): CodeIgniter\CodeIgniter->run()
#8 {main}
CRITICAL - 2022-04-18 10:26:54 --> Cannot use object of type stdClass as array
#0 C:\xampp\htdocs\Channeldoc.lk\system\View\View.php(210): include()
#1 C:\xampp\htdocs\Channeldoc.lk\system\View\View.php(213): CodeIgniter\View\View->CodeIgniter\View\{closure}()
#2 C:\xampp\htdocs\Channeldoc.lk\system\Common.php(1089): CodeIgniter\View\View->render('Search/index.ph...', Array, true)
#3 C:\xampp\htdocs\Channeldoc.lk\app\Controllers\Search.php(13): view('Search/index.ph...')
#4 C:\xampp\htdocs\Channeldoc.lk\system\CodeIgniter.php(825): App\Controllers\Search->index()
#5 C:\xampp\htdocs\Channeldoc.lk\system\CodeIgniter.php(412): CodeIgniter\CodeIgniter->runController(Object(App\Controllers\Search))
#6 C:\xampp\htdocs\Channeldoc.lk\system\CodeIgniter.php(320): CodeIgniter\CodeIgniter->handleRequest(NULL, Object(Config\Cache), false)
#7 C:\xampp\htdocs\Channeldoc.lk\public\index.php(37): CodeIgniter\CodeIgniter->run()
#8 {main}
CRITICAL - 2022-04-18 10:26:54 --> Cannot use object of type stdClass as array
#0 C:\xampp\htdocs\Channeldoc.lk\system\View\View.php(210): include()
#1 C:\xampp\htdocs\Channeldoc.lk\system\View\View.php(213): CodeIgniter\View\View->CodeIgniter\View\{closure}()
#2 C:\xampp\htdocs\Channeldoc.lk\system\Common.php(1089): CodeIgniter\View\View->render('Search/index.ph...', Array, true)
#3 C:\xampp\htdocs\Channeldoc.lk\app\Controllers\Search.php(13): view('Search/index.ph...')
#4 C:\xampp\htdocs\Channeldoc.lk\system\CodeIgniter.php(825): App\Controllers\Search->index()
#5 C:\xampp\htdocs\Channeldoc.lk\system\CodeIgniter.php(412): CodeIgniter\CodeIgniter->runController(Object(App\Controllers\Search))
#6 C:\xampp\htdocs\Channeldoc.lk\system\CodeIgniter.php(320): CodeIgniter\CodeIgniter->handleRequest(NULL, Object(Config\Cache), false)
#7 C:\xampp\htdocs\Channeldoc.lk\public\index.php(37): CodeIgniter\CodeIgniter->run()
#8 {main}
CRITICAL - 2022-04-18 10:27:04 --> Cannot use object of type stdClass as array
#0 C:\xampp\htdocs\Channeldoc.lk\system\View\View.php(210): include()
#1 C:\xampp\htdocs\Channeldoc.lk\system\View\View.php(213): CodeIgniter\View\View->CodeIgniter\View\{closure}()
#2 C:\xampp\htdocs\Channeldoc.lk\system\Common.php(1089): CodeIgniter\View\View->render('Search/index.ph...', Array, true)
#3 C:\xampp\htdocs\Channeldoc.lk\app\Controllers\Search.php(13): view('Search/index.ph...')
#4 C:\xampp\htdocs\Channeldoc.lk\system\CodeIgniter.php(825): App\Controllers\Search->index()
#5 C:\xampp\htdocs\Channeldoc.lk\system\CodeIgniter.php(412): CodeIgniter\CodeIgniter->runController(Object(App\Controllers\Search))
#6 C:\xampp\htdocs\Channeldoc.lk\system\CodeIgniter.php(320): CodeIgniter\CodeIgniter->handleRequest(NULL, Object(Config\Cache), false)
#7 C:\xampp\htdocs\Channeldoc.lk\public\index.php(37): CodeIgniter\CodeIgniter->run()
#8 {main}
